#
# There is insufficient memory for the Java Runtime Environment to continue.
# Native memory allocation (mmap) failed to map 110100480 bytes for committing reserved memory.
# Possible reasons:
#   The system is out of physical RAM or swap space
#   In 32 bit mode, the process size limit was hit
# Possible solutions:
#   Reduce memory load on the system
#   Increase physical memory or swap space
#   Check if swap backing store is full
#   Use 64 bit Java on a 64 bit OS
#   Decrease Java heap size (-Xmx/-Xms)
#   Decrease number of Java threads
#   Decrease Java thread stack sizes (-Xss)
#   Set larger code cache with -XX:ReservedCodeCacheSize=
# This output file may be truncated or incomplete.
#
#  Out of Memory Error (os_linux.cpp:2627), pid=24285, tid=0x00007fd7bbafa700
#
# JRE version: Java(TM) SE Runtime Environment (8.0_101-b13) (build 1.8.0_101-b13)
# Java VM: Java HotSpot(TM) 64-Bit Server VM (25.101-b13 mixed mode linux-amd64 compressed oops)
# Failed to write core dump. Core dumps have been disabled. To enable core dumping, try "ulimit -c unlimited" before starting Java again
#

---------------  T H R E A D  ---------------

Current thread (0x00007fd7d4079800):  VMThread [stack: 0x00007fd7bb9fa000,0x00007fd7bbafb000] [id=24295]

Stack: [0x00007fd7bb9fa000,0x00007fd7bbafb000],  sp=0x00007fd7bbaf92a0,  free space=1020k
Native frames: (J=compiled Java code, j=interpreted, Vv=VM code, C=native code)
V  [libjvm.so+0xac3f0a]  VMError::report_and_die()+0x2ba
V  [libjvm.so+0x4fbf9b]  report_vm_out_of_memory(char const*, int, unsigned long, VMErrorType, char const*)+0x8b
V  [libjvm.so+0x9222d3]  os::Linux::commit_memory_impl(char*, unsigned long, bool)+0x103
V  [libjvm.so+0x922829]  os::pd_commit_memory(char*, unsigned long, unsigned long, bool)+0x29
V  [libjvm.so+0x91cb2a]  os::commit_memory(char*, unsigned long, unsigned long, bool)+0x2a
V  [libjvm.so+0x991053]  PSVirtualSpace::expand_by(unsigned long)+0x53
V  [libjvm.so+0x992458]  PSYoungGen::resize_generation(unsigned long, unsigned long)+0xf8
V  [libjvm.so+0x9915b2]  PSYoungGen::resize(unsigned long, unsigned long)+0x22
V  [libjvm.so+0x98e88b]  PSScavenge::invoke_no_policy()+0xf3b
V  [libjvm.so+0x98f011]  PSScavenge::invoke()+0x41
V  [libjvm.so+0x945fc0]  ParallelScavengeHeap::failed_mem_allocate(unsigned long)+0x70
V  [libjvm.so+0xac5927]  VM_ParallelGCFailedAllocation::doit()+0x97
V  [libjvm.so+0xacd405]  VM_Operation::evaluate()+0x55
V  [libjvm.so+0xacb7da]  VMThread::evaluate_operation(VM_Operation*)+0xba
V  [libjvm.so+0xacbb5e]  VMThread::loop()+0x1ce
V  [libjvm.so+0xacbfd0]  VMThread::run()+0x70
V  [libjvm.so+0x924698]  java_start(Thread*)+0x108

VM_Operation (0x00007fd7da254d40): ParallelGCFailedAllocation, mode: safepoint, requested by thread 0x00007fd7d400b800


---------------  P R O C E S S  ---------------

Java Threads: ( => current thread )
  0x00007fd7d40ca000 JavaThread "Service Thread" daemon [_thread_blocked, id=24302, stack(0x00007fd7bafa9000,0x00007fd7bb0aa000)]
  0x00007fd7d40be800 JavaThread "C1 CompilerThread2" daemon [_thread_blocked, id=24301, stack(0x00007fd7bb0aa000,0x00007fd7bb1ab000)]
  0x00007fd7d40bd000 JavaThread "C2 CompilerThread1" daemon [_thread_blocked, id=24300, stack(0x00007fd7bb1ab000,0x00007fd7bb2ac000)]
  0x00007fd7d40ba000 JavaThread "C2 CompilerThread0" daemon [_thread_in_native, id=24299, stack(0x00007fd7bb2ac000,0x00007fd7bb3ad000)]
  0x00007fd7d40b8800 JavaThread "Signal Dispatcher" daemon [_thread_blocked, id=24298, stack(0x00007fd7bb3ad000,0x00007fd7bb4ae000)]
  0x00007fd7d4085800 JavaThread "Finalizer" daemon [_thread_blocked, id=24297, stack(0x00007fd7bb7f8000,0x00007fd7bb8f9000)]
  0x00007fd7d4081000 JavaThread "Reference Handler" daemon [_thread_blocked, id=24296, stack(0x00007fd7bb8f9000,0x00007fd7bb9fa000)]
  0x00007fd7d400b800 JavaThread "main" [_thread_blocked, id=24290, stack(0x00007fd7da156000,0x00007fd7da257000)]

Other Threads:
=>0x00007fd7d4079800 VMThread [stack: 0x00007fd7bb9fa000,0x00007fd7bbafb000] [id=24295]
  0x00007fd7d40cc800 WatcherThread [stack: 0x00007fd7baea8000,0x00007fd7bafa9000] [id=24303]

VM state:at safepoint (normal execution)

VM Mutex/Monitor currently owned by a thread:  ([mutex/lock_event])
[0x00007fd7d4007e40] Threads_lock - owner thread: 0x00007fd7d4079800
[0x00007fd7d4008340] Heap_lock - owner thread: 0x00007fd7d400b800

Heap:
 PSYoungGen      total 68608K, used 5095K [0x00000000eab00000, 0x00000000ef300000, 0x0000000100000000)
  eden space 63488K, 0% used [0x00000000eab00000,0x00000000eab00000,0x00000000ee900000)
  from space 5120K, 99% used [0x00000000ee900000,0x00000000eedf9cb8,0x00000000eee00000)
  to   space 5120K, 0% used [0x00000000eee00000,0x00000000eee00000,0x00000000ef300000)
 ParOldGen       total 84992K, used 32989K [0x00000000c0000000, 0x00000000c5300000, 0x00000000eab00000)
  object space 84992K, 38% used [0x00000000c0000000,0x00000000c2037710,0x00000000c5300000)
 Metaspace       used 4706K, capacity 5464K, committed 5760K, reserved 1056768K
  class space    used 496K, capacity 528K, committed 640K, reserved 1048576K

Card table byte_map: [0x00007fd7c3bab000,0x00007fd7c3dac000] byte_map_base: 0x00007fd7c35ab000

Marking Bits: (ParMarkBitMap*) 0x00007fd7d9658120
 Begin Bits: [0x00007fd7c17a7000, 0x00007fd7c27a7000)
 End Bits:   [0x00007fd7c27a7000, 0x00007fd7c37a7000)

Polling page: 0x00007fd7da279000

CodeCache: size=245760Kb used=3447Kb max_used=3447Kb free=242312Kb
 bounds [0x00007fd7c416c000, 0x00007fd7c44dc000, 0x00007fd7d316c000]
 total_blobs=1294 nmethods=1020 adapters=188
 compilation: enabled

Compilation events (10 events):
Event: 1.665 Thread 0x00007fd7d40be800 1045       3       java.nio.HeapByteBuffer::duplicate (32 bytes)
Event: 1.666 Thread 0x00007fd7d40be800 nmethod 1045 0x00007fd7c44c8a50 code [0x00007fd7c44c8be0, 0x00007fd7c44c90a8]
Event: 1.666 Thread 0x00007fd7d40be800 1040       3       com.android.dex.Dex::open (104 bytes)
Event: 1.667 Thread 0x00007fd7d40be800 nmethod 1040 0x00007fd7c44c91d0 code [0x00007fd7c44c9440, 0x00007fd7c44ca638]
Event: 1.677 Thread 0x00007fd7d40be800 1059       2       com.android.dx.io.instructions.InstructionCodec$17::decode (46 bytes)
Event: 1.677 Thread 0x00007fd7d40be800 nmethod 1059 0x00007fd7c44cad10 code [0x00007fd7c44caea0, 0x00007fd7c44cb238]
Event: 1.677 Thread 0x00007fd7d40be800 1060       2       com.android.dx.io.instructions.InstructionCodec$17::encode (29 bytes)
Event: 1.678 Thread 0x00007fd7d40be800 nmethod 1060 0x00007fd7c44cb590 code [0x00007fd7c44cb740, 0x00007fd7c44cba28]
Event: 1.724 Thread 0x00007fd7d40be800 1067       2       java.util.HashMap$TreeNode::find (172 bytes)
Event: 1.725 Thread 0x00007fd7d40be800 nmethod 1067 0x00007fd7c44cbd10 code [0x00007fd7c44cbec0, 0x00007fd7c44cc2f8]

GC Heap History (9 events):
Event: 0.330 GC heap before
{Heap before GC invocations=1 (full 0):
 PSYoungGen      total 36864K, used 28585K [0x00000000eab00000, 0x00000000ed400000, 0x0000000100000000)
  eden space 31744K, 90% used [0x00000000eab00000,0x00000000ec6ea450,0x00000000eca00000)
  from space 5120K, 0% used [0x00000000ecf00000,0x00000000ecf00000,0x00000000ed400000)
  to   space 5120K, 0% used [0x00000000eca00000,0x00000000eca00000,0x00000000ecf00000)
 ParOldGen       total 84992K, used 0K [0x00000000c0000000, 0x00000000c5300000, 0x00000000eab00000)
  object space 84992K, 0% used [0x00000000c0000000,0x00000000c0000000,0x00000000c5300000)
 Metaspace       used 3666K, capacity 4880K, committed 5120K, reserved 1056768K
  class space    used 395K, capacity 456K, committed 512K, reserved 1048576K
Event: 0.333 GC heap after
Heap after GC invocations=1 (full 0):
 PSYoungGen      total 36864K, used 5111K [0x00000000eab00000, 0x00000000ed400000, 0x0000000100000000)
  eden space 31744K, 0% used [0x00000000eab00000,0x00000000eab00000,0x00000000eca00000)
  from space 5120K, 99% used [0x00000000eca00000,0x00000000ecefdd08,0x00000000ecf00000)
  to   space 5120K, 0% used [0x00000000ecf00000,0x00000000ecf00000,0x00000000ed400000)
 ParOldGen       total 84992K, used 1909K [0x00000000c0000000, 0x00000000c5300000, 0x00000000eab00000)
  object space 84992K, 2% used [0x00000000c0000000,0x00000000c01dd608,0x00000000c5300000)
 Metaspace       used 3666K, capacity 4880K, committed 5120K, reserved 1056768K
  class space    used 395K, capacity 456K, committed 512K, reserved 1048576K
}
Event: 0.769 GC heap before
{Heap before GC invocations=2 (full 0):
 PSYoungGen      total 36864K, used 36855K [0x00000000eab00000, 0x00000000ed400000, 0x0000000100000000)
  eden space 31744K, 100% used [0x00000000eab00000,0x00000000eca00000,0x00000000eca00000)
  from space 5120K, 99% used [0x00000000eca00000,0x00000000ecefdd08,0x00000000ecf00000)
  to   space 5120K, 0% used [0x00000000ecf00000,0x00000000ecf00000,0x00000000ed400000)
 ParOldGen       total 84992K, used 1909K [0x00000000c0000000, 0x00000000c5300000, 0x00000000eab00000)
  object space 84992K, 2% used [0x00000000c0000000,0x00000000c01dd608,0x00000000c5300000)
 Metaspace       used 3863K, capacity 5008K, committed 5120K, reserved 1056768K
  class space    used 411K, capacity 456K, committed 512K, reserved 1048576K
Event: 0.809 GC heap after
Heap after GC invocations=2 (full 0):
 PSYoungGen      total 36864K, used 5090K [0x00000000eab00000, 0x00000000ef300000, 0x0000000100000000)
  eden space 31744K, 0% used [0x00000000eab00000,0x00000000eab00000,0x00000000eca00000)
  from space 5120K, 99% used [0x00000000ecf00000,0x00000000ed3f8b20,0x00000000ed400000)
  to   space 5120K, 0% used [0x00000000eca00000,0x00000000eca00000,0x00000000ecf00000)
 ParOldGen       total 84992K, used 21086K [0x00000000c0000000, 0x00000000c5300000, 0x00000000eab00000)
  object space 84992K, 24% used [0x00000000c0000000,0x00000000c14979b8,0x00000000c5300000)
 Metaspace       used 3863K, capacity 5008K, committed 5120K, reserved 1056768K
  class space    used 411K, capacity 456K, committed 512K, reserved 1048576K
}
Event: 1.233 GC heap before
{Heap before GC invocations=3 (full 0):
 PSYoungGen      total 36864K, used 36834K [0x00000000eab00000, 0x00000000ef300000, 0x0000000100000000)
  eden space 31744K, 100% used [0x00000000eab00000,0x00000000eca00000,0x00000000eca00000)
  from space 5120K, 99% used [0x00000000ecf00000,0x00000000ed3f8b20,0x00000000ed400000)
  to   space 5120K, 0% used [0x00000000eca00000,0x00000000eca00000,0x00000000ecf00000)
 ParOldGen       total 84992K, used 21086K [0x00000000c0000000, 0x00000000c5300000, 0x00000000eab00000)
  object space 84992K, 24% used [0x00000000c0000000,0x00000000c14979b8,0x00000000c5300000)
 Metaspace       used 4352K, capacity 5424K, committed 5632K, reserved 1056768K
  class space    used 460K, capacity 488K, committed 512K, reserved 1048576K
Event: 1.241 GC heap after
Heap after GC invocations=3 (full 0):
 PSYoungGen      total 36864K, used 5097K [0x00000000eab00000, 0x00000000ef300000, 0x0000000100000000)
  eden space 31744K, 0% used [0x00000000eab00000,0x00000000eab00000,0x00000000eca00000)
  from space 5120K, 99% used [0x00000000eca00000,0x00000000ecefa5f8,0x00000000ecf00000)
  to   space 5120K, 0% used [0x00000000eee00000,0x00000000eee00000,0x00000000ef300000)
 ParOldGen       total 84992K, used 21726K [0x00000000c0000000, 0x00000000c5300000, 0x00000000eab00000)
  object space 84992K, 25% used [0x00000000c0000000,0x00000000c15378f0,0x00000000c5300000)
 Metaspace       used 4352K, capacity 5424K, committed 5632K, reserved 1056768K
  class space    used 460K, capacity 488K, committed 512K, reserved 1048576K
}
Event: 1.531 GC heap before
{Heap before GC invocations=4 (full 0):
 PSYoungGen      total 36864K, used 36841K [0x00000000eab00000, 0x00000000ef300000, 0x0000000100000000)
  eden space 31744K, 100% used [0x00000000eab00000,0x00000000eca00000,0x00000000eca00000)
  from space 5120K, 99% used [0x00000000eca00000,0x00000000ecefa5f8,0x00000000ecf00000)
  to   space 5120K, 0% used [0x00000000eee00000,0x00000000eee00000,0x00000000ef300000)
 ParOldGen       total 84992K, used 21726K [0x00000000c0000000, 0x00000000c5300000, 0x00000000eab00000)
  object space 84992K, 25% used [0x00000000c0000000,0x00000000c15378f0,0x00000000c5300000)
 Metaspace       used 4689K, capacity 5464K, committed 5760K, reserved 1056768K
  class space    used 496K, capacity 528K, committed 640K, reserved 1048576K
Event: 1.536 GC heap after
Heap after GC invocations=4 (full 0):
 PSYoungGen      total 68608K, used 5078K [0x00000000eab00000, 0x00000000ef300000, 0x0000000100000000)
  eden space 63488K, 0% used [0x00000000eab00000,0x00000000eab00000,0x00000000ee900000)
  from space 5120K, 99% used [0x00000000eee00000,0x00000000ef2f5bb8,0x00000000ef300000)
  to   space 5120K, 0% used [0x00000000ee900000,0x00000000ee900000,0x00000000eee00000)
 ParOldGen       total 84992K, used 22034K [0x00000000c0000000, 0x00000000c5300000, 0x00000000eab00000)
  object space 84992K, 25% used [0x00000000c0000000,0x00000000c1584a40,0x00000000c5300000)
 Metaspace       used 4689K, capacity 5464K, committed 5760K, reserved 1056768K
  class space    used 496K, capacity 528K, committed 640K, reserved 1048576K
}
Event: 1.774 GC heap before
{Heap before GC invocations=5 (full 0):
 PSYoungGen      total 68608K, used 68566K [0x00000000eab00000, 0x00000000ef300000, 0x0000000100000000)
  eden space 63488K, 100% used [0x00000000eab00000,0x00000000ee900000,0x00000000ee900000)
  from space 5120K, 99% used [0x00000000eee00000,0x00000000ef2f5bb8,0x00000000ef300000)
  to   space 5120K, 0% used [0x00000000ee900000,0x00000000ee900000,0x00000000eee00000)
 ParOldGen       total 84992K, used 22034K [0x00000000c0000000, 0x00000000c5300000, 0x00000000eab00000)
  object space 84992K, 25% used [0x00000000c0000000,0x00000000c1584a40,0x00000000c5300000)
 Metaspace       used 4706K, capacity 5464K, committed 5760K, reserved 1056768K
  class space    used 496K, capacity 528K, committed 640K, reserved 1048576K

Deoptimization events (10 events):
Event: 0.959 Thread 0x00007fd7d400b800 Uncommon trap: reason=class_check action=maybe_recompile pc=0x00007fd7c4345544 method=com.android.dx.merge.DexMerger$IdMerger$UnsortedValue.compareTo(Lcom/android/dx/merge/DexMerger$IdMerger$UnsortedValue;)I @ 8
Event: 0.959 Thread 0x00007fd7d400b800 Uncommon trap: reason=class_check action=maybe_recompile pc=0x00007fd7c4345544 method=com.android.dx.merge.DexMerger$IdMerger$UnsortedValue.compareTo(Lcom/android/dx/merge/DexMerger$IdMerger$UnsortedValue;)I @ 8
Event: 0.959 Thread 0x00007fd7d400b800 Uncommon trap: reason=class_check action=maybe_recompile pc=0x00007fd7c4345544 method=com.android.dx.merge.DexMerger$IdMerger$UnsortedValue.compareTo(Lcom/android/dx/merge/DexMerger$IdMerger$UnsortedValue;)I @ 8
Event: 1.015 Thread 0x00007fd7d400b800 Uncommon trap: reason=unstable_if action=reinterpret pc=0x00007fd7c43a5310 method=com.android.dex.EncodedValueCodec.readUnsignedInt(Lcom/android/dex/util/ByteInput;IZ)I @ 3
Event: 1.072 Thread 0x00007fd7d400b800 Uncommon trap: reason=unstable_if action=reinterpret pc=0x00007fd7c437f794 method=com.android.dx.merge.IndexMap.adjustString(I)I @ 2
Event: 1.072 Thread 0x00007fd7d400b800 Uncommon trap: reason=unstable_if action=reinterpret pc=0x00007fd7c43c6a10 method=java.util.HashMap.getNode(ILjava/lang/Object;)Ljava/util/HashMap$Node; @ 84
Event: 1.073 Thread 0x00007fd7d400b800 Uncommon trap: reason=unstable_if action=reinterpret pc=0x00007fd7c43b731c method=java.util.HashMap.getNode(ILjava/lang/Object;)Ljava/util/HashMap$Node; @ 84
Event: 1.360 Thread 0x00007fd7d400b800 Uncommon trap: reason=unstable_if action=reinterpret pc=0x00007fd7c4311db8 method=java.util.Arrays.copyOf([Ljava/lang/Object;ILjava/lang/Class;)[Ljava/lang/Object; @ 3
Event: 1.364 Thread 0x00007fd7d400b800 Uncommon trap: reason=unstable_if action=reinterpret pc=0x00007fd7c42b9144 method=java.lang.String.indexOf(II)I @ 49
Event: 1.537 Thread 0x00007fd7d400b800 Uncommon trap: reason=unstable_if action=reinterpret pc=0x00007fd7c436a644 method=com.android.dx.merge.DexMerger$IdMerger.readIntoMap(Lcom/android/dex/Dex$Section;Lcom/android/dex/TableOfContents$Section;Lcom/android/dx/merge/IndexMap;ILjava/util/TreeMap;

Internal exceptions (3 events):
Event: 0.036 Thread 0x00007fd7d400b800 Exception <a 'java/lang/NoSuchMethodError': Method sun.misc.Unsafe.defineClass(Ljava/lang/String;[BII)Ljava/lang/Class; name or signature does not match> (0x00000000eab07cc0) thrown at [/HUDSON3/workspace/8-2-build-linux-amd64/jdk8u101/7261/hotspot/src/sh
Event: 0.036 Thread 0x00007fd7d400b800 Exception <a 'java/lang/NoSuchMethodError': Method sun.misc.Unsafe.prefetchRead(Ljava/lang/Object;J)V name or signature does not match> (0x00000000eab07fa8) thrown at [/HUDSON3/workspace/8-2-build-linux-amd64/jdk8u101/7261/hotspot/src/share/vm/prims/jni.c
Event: 1.537 Thread 0x00007fd7d400b800 Implicit null exception at 0x00007fd7c436a074 to 0x00007fd7c436a61d

Events (10 events):
Event: 1.754 Thread 0x00007fd7d400b800 DEOPT UNPACKING pc=0x00007fd7c41b3633 sp=0x00007fd7da254ff8 mode 0
Event: 1.762 Thread 0x00007fd7d400b800 DEOPT PACKING pc=0x00007fd7c440f201 sp=0x00007fd7da2552e0
Event: 1.762 Thread 0x00007fd7d400b800 DEOPT UNPACKING pc=0x00007fd7c41b3633 sp=0x00007fd7da254ff8 mode 0
Event: 1.765 Thread 0x00007fd7d400b800 DEOPT PACKING pc=0x00007fd7c440f201 sp=0x00007fd7da2552e0
Event: 1.765 Thread 0x00007fd7d400b800 DEOPT UNPACKING pc=0x00007fd7c41b3633 sp=0x00007fd7da254ff8 mode 0
Event: 1.768 Thread 0x00007fd7d400b800 DEOPT PACKING pc=0x00007fd7c440f201 sp=0x00007fd7da2552e0
Event: 1.768 Thread 0x00007fd7d400b800 DEOPT UNPACKING pc=0x00007fd7c41b3633 sp=0x00007fd7da254ff8 mode 0
Event: 1.772 Thread 0x00007fd7d400b800 DEOPT PACKING pc=0x00007fd7c440f201 sp=0x00007fd7da2552e0
Event: 1.772 Thread 0x00007fd7d400b800 DEOPT UNPACKING pc=0x00007fd7c41b3633 sp=0x00007fd7da254ff8 mode 0
Event: 1.774 Executing VM operation: ParallelGCFailedAllocation


Dynamic libraries:
00400000-00401000 r-xp 00000000 08:01 12716194                           /opt/java/jdk1.8.0_101/bin/java
00600000-00601000 rw-p 00000000 08:01 12716194                           /opt/java/jdk1.8.0_101/bin/java
00981000-009a2000 rw-p 00000000 00:00 0                                  [heap]
c0000000-c5300000 rw-p 00000000 00:00 0 
c5300000-eab00000 ---p 00000000 00:00 0 
eab00000-ef300000 rw-p 00000000 00:00 0 
f5c00000-100000000 ---p 00000000 00:00 0 
100000000-1000a0000 rw-p 00000000 00:00 0 
1000a0000-140000000 ---p 00000000 00:00 0 
7fd784000000-7fd784021000 rw-p 00000000 00:00 0 
7fd784021000-7fd788000000 ---p 00000000 00:00 0 
7fd78c000000-7fd78c453000 rw-p 00000000 00:00 0 
7fd78c453000-7fd790000000 ---p 00000000 00:00 0 
7fd790000000-7fd790021000 rw-p 00000000 00:00 0 
7fd790021000-7fd794000000 ---p 00000000 00:00 0 
7fd794000000-7fd7948de000 rw-p 00000000 00:00 0 
7fd7948de000-7fd798000000 ---p 00000000 00:00 0 
7fd798000000-7fd79898b000 rw-p 00000000 00:00 0 
7fd79898b000-7fd79c000000 ---p 00000000 00:00 0 
7fd79c000000-7fd79c021000 rw-p 00000000 00:00 0 
7fd79c021000-7fd7a0000000 ---p 00000000 00:00 0 
7fd7a0000000-7fd7a0021000 rw-p 00000000 00:00 0 
7fd7a0021000-7fd7a4000000 ---p 00000000 00:00 0 
7fd7a4000000-7fd7a4291000 rw-p 00000000 00:00 0 
7fd7a4291000-7fd7a8000000 ---p 00000000 00:00 0 
7fd7a8000000-7fd7a8021000 rw-p 00000000 00:00 0 
7fd7a8021000-7fd7ac000000 ---p 00000000 00:00 0 
7fd7ac000000-7fd7ac021000 rw-p 00000000 00:00 0 
7fd7ac021000-7fd7b0000000 ---p 00000000 00:00 0 
7fd7b0000000-7fd7b0021000 rw-p 00000000 00:00 0 
7fd7b0021000-7fd7b4000000 ---p 00000000 00:00 0 
7fd7b4000000-7fd7b4021000 rw-p 00000000 00:00 0 
7fd7b4021000-7fd7b8000000 ---p 00000000 00:00 0 
7fd7baea8000-7fd7baea9000 ---p 00000000 00:00 0 
7fd7baea9000-7fd7bafa9000 rw-p 00000000 00:00 0 
7fd7bafa9000-7fd7bafac000 ---p 00000000 00:00 0 
7fd7bafac000-7fd7bb0aa000 rw-p 00000000 00:00 0 
7fd7bb0aa000-7fd7bb0ad000 ---p 00000000 00:00 0 
7fd7bb0ad000-7fd7bb1ab000 rw-p 00000000 00:00 0 
7fd7bb1ab000-7fd7bb1ae000 ---p 00000000 00:00 0 
7fd7bb1ae000-7fd7bb2ac000 rw-p 00000000 00:00 0 
7fd7bb2ac000-7fd7bb2af000 ---p 00000000 00:00 0 
7fd7bb2af000-7fd7bb3ad000 rw-p 00000000 00:00 0 
7fd7bb3ad000-7fd7bb3b0000 ---p 00000000 00:00 0 
7fd7bb3b0000-7fd7bb4ae000 rw-p 00000000 00:00 0 
7fd7bb4ae000-7fd7bb7f8000 r--p 00000000 08:01 6819945                    /usr/lib/locale/locale-archive
7fd7bb7f8000-7fd7bb7fb000 ---p 00000000 00:00 0 
7fd7bb7fb000-7fd7bb8f9000 rw-p 00000000 00:00 0 
7fd7bb8f9000-7fd7bb8fc000 ---p 00000000 00:00 0 
7fd7bb8fc000-7fd7bb9fa000 rw-p 00000000 00:00 0 
7fd7bb9fa000-7fd7bb9fb000 ---p 00000000 00:00 0 
7fd7bb9fb000-7fd7bc000000 rw-p 00000000 00:00 0 
7fd7bc000000-7fd7bc021000 rw-p 00000000 00:00 0 
7fd7bc021000-7fd7c0000000 ---p 00000000 00:00 0 
7fd7c00a1000-7fd7c00a8000 r--s 00000000 08:01 7091303                    /usr/lib/x86_64-linux-gnu/gconv/gconv-modules.cache
7fd7c00a8000-7fd7c00ca000 r--p 00000000 08:01 8258499                    /usr/share/locale/zh_CN/LC_MESSAGES/libc.mo
7fd7c00ca000-7fd7c0b58000 rw-p 00000000 00:00 0 
7fd7c0b58000-7fd7c0d31000 r--s 03d29000 08:01 12716268                   /opt/java/jdk1.8.0_101/jre/lib/rt.jar
7fd7c0d31000-7fd7c12a7000 rw-p 00000000 00:00 0 
7fd7c12a7000-7fd7c15a7000 ---p 00000000 00:00 0 
7fd7c15a7000-7fd7c37a7000 rw-p 00000000 00:00 0 
7fd7c37a7000-7fd7c37a8000 ---p 00000000 00:00 0 
7fd7c37a8000-7fd7c38a8000 rw-p 00000000 00:00 0 
7fd7c38a8000-7fd7c38a9000 ---p 00000000 00:00 0 
7fd7c38a9000-7fd7c39a9000 rw-p 00000000 00:00 0 
7fd7c39a9000-7fd7c39aa000 ---p 00000000 00:00 0 
7fd7c39aa000-7fd7c3aaa000 rw-p 00000000 00:00 0 
7fd7c3aaa000-7fd7c3aab000 ---p 00000000 00:00 0 
7fd7c3aab000-7fd7c3bd5000 rw-p 00000000 00:00 0 
7fd7c3bd5000-7fd7c3d00000 ---p 00000000 00:00 0 
7fd7c3d00000-7fd7c3d25000 rw-p 00000000 00:00 0 
7fd7c3d25000-7fd7c3dab000 ---p 00000000 00:00 0 
7fd7c3dab000-7fd7c3dba000 rw-p 00000000 00:00 0 
7fd7c3dba000-7fd7c416c000 ---p 00000000 00:00 0 
7fd7c416c000-7fd7c44dc000 rwxp 00000000 00:00 0 
7fd7c44dc000-7fd7d316c000 ---p 00000000 00:00 0 
7fd7d316c000-7fd7d3186000 r-xp 00000000 08:01 12716297                   /opt/java/jdk1.8.0_101/jre/lib/amd64/libzip.so
7fd7d3186000-7fd7d3386000 ---p 0001a000 08:01 12716297                   /opt/java/jdk1.8.0_101/jre/lib/amd64/libzip.so
7fd7d3386000-7fd7d3387000 rw-p 0001a000 08:01 12716297                   /opt/java/jdk1.8.0_101/jre/lib/amd64/libzip.so
7fd7d3387000-7fd7d3391000 r-xp 00000000 08:01 5002737                    /lib/x86_64-linux-gnu/libnss_files-2.24.so
7fd7d3391000-7fd7d3591000 ---p 0000a000 08:01 5002737                    /lib/x86_64-linux-gnu/libnss_files-2.24.so
7fd7d3591000-7fd7d3592000 r--p 0000a000 08:01 5002737                    /lib/x86_64-linux-gnu/libnss_files-2.24.so
7fd7d3592000-7fd7d3593000 rw-p 0000b000 08:01 5002737                    /lib/x86_64-linux-gnu/libnss_files-2.24.so
7fd7d3593000-7fd7d3599000 rw-p 00000000 00:00 0 
7fd7d3599000-7fd7d35a4000 r-xp 00000000 08:01 5002739                    /lib/x86_64-linux-gnu/libnss_nis-2.24.so
7fd7d35a4000-7fd7d37a3000 ---p 0000b000 08:01 5002739                    /lib/x86_64-linux-gnu/libnss_nis-2.24.so
7fd7d37a3000-7fd7d37a4000 r--p 0000a000 08:01 5002739                    /lib/x86_64-linux-gnu/libnss_nis-2.24.so
7fd7d37a4000-7fd7d37a5000 rw-p 0000b000 08:01 5002739                    /lib/x86_64-linux-gnu/libnss_nis-2.24.so
7fd7d37a5000-7fd7d37b9000 r-xp 00000000 08:01 5002734                    /lib/x86_64-linux-gnu/libnsl-2.24.so
7fd7d37b9000-7fd7d39b9000 ---p 00014000 08:01 5002734                    /lib/x86_64-linux-gnu/libnsl-2.24.so
7fd7d39b9000-7fd7d39ba000 r--p 00014000 08:01 5002734                    /lib/x86_64-linux-gnu/libnsl-2.24.so
7fd7d39ba000-7fd7d39bb000 rw-p 00015000 08:01 5002734                    /lib/x86_64-linux-gnu/libnsl-2.24.so
7fd7d39bb000-7fd7d39bd000 rw-p 00000000 00:00 0 
7fd7d39bd000-7fd7d39c4000 r-xp 00000000 08:01 5002735                    /lib/x86_64-linux-gnu/libnss_compat-2.24.so
7fd7d39c4000-7fd7d3bc3000 ---p 00007000 08:01 5002735                    /lib/x86_64-linux-gnu/libnss_compat-2.24.so
7fd7d3bc3000-7fd7d3bc4000 r--p 00006000 08:01 5002735                    /lib/x86_64-linux-gnu/libnss_compat-2.24.so
7fd7d3bc4000-7fd7d3bc5000 rw-p 00007000 08:01 5002735                    /lib/x86_64-linux-gnu/libnss_compat-2.24.so
7fd7d3bc5000-7fd7d3bef000 r-xp 00000000 08:01 12716323                   /opt/java/jdk1.8.0_101/jre/lib/amd64/libjava.so
7fd7d3bef000-7fd7d3def000 ---p 0002a000 08:01 12716323                   /opt/java/jdk1.8.0_101/jre/lib/amd64/libjava.so
7fd7d3def000-7fd7d3df1000 rw-p 0002a000 08:01 12716323                   /opt/java/jdk1.8.0_101/jre/lib/amd64/libjava.so
7fd7d3df1000-7fd7d3dfe000 r-xp 00000000 08:01 12716277                   /opt/java/jdk1.8.0_101/jre/lib/amd64/libverify.so
7fd7d3dfe000-7fd7d3ffe000 ---p 0000d000 08:01 12716277                   /opt/java/jdk1.8.0_101/jre/lib/amd64/libverify.so
7fd7d3ffe000-7fd7d4000000 rw-p 0000d000 08:01 12716277                   /opt/java/jdk1.8.0_101/jre/lib/amd64/libverify.so
7fd7d4000000-7fd7d440d000 rw-p 00000000 00:00 0 
7fd7d440d000-7fd7d8000000 ---p 00000000 00:00 0 
7fd7d8006000-7fd7d8014000 r--s 000e0000 08:01 11275037                   /home/zhangmingbao/Android/Sdk/build-tools/25.0.2/lib/dx.jar
7fd7d8014000-7fd7d805f000 rw-p 00000000 00:00 0 
7fd7d805f000-7fd7d818b000 ---p 00000000 00:00 0 
7fd7d818b000-7fd7d8192000 r-xp 00000000 08:01 5002744                    /lib/x86_64-linux-gnu/librt-2.24.so
7fd7d8192000-7fd7d8391000 ---p 00007000 08:01 5002744                    /lib/x86_64-linux-gnu/librt-2.24.so
7fd7d8391000-7fd7d8392000 r--p 00006000 08:01 5002744                    /lib/x86_64-linux-gnu/librt-2.24.so
7fd7d8392000-7fd7d8393000 rw-p 00007000 08:01 5002744                    /lib/x86_64-linux-gnu/librt-2.24.so
7fd7d8393000-7fd7d8496000 r-xp 00000000 08:01 5002731                    /lib/x86_64-linux-gnu/libm-2.24.so
7fd7d8496000-7fd7d8695000 ---p 00103000 08:01 5002731                    /lib/x86_64-linux-gnu/libm-2.24.so
7fd7d8695000-7fd7d8696000 r--p 00102000 08:01 5002731                    /lib/x86_64-linux-gnu/libm-2.24.so
7fd7d8696000-7fd7d8697000 rw-p 00103000 08:01 5002731                    /lib/x86_64-linux-gnu/libm-2.24.so
7fd7d8697000-7fd7d9362000 r-xp 00000000 08:01 12716327                   /opt/java/jdk1.8.0_101/jre/lib/amd64/server/libjvm.so
7fd7d9362000-7fd7d9561000 ---p 00ccb000 08:01 12716327                   /opt/java/jdk1.8.0_101/jre/lib/amd64/server/libjvm.so
7fd7d9561000-7fd7d963a000 rw-p 00cca000 08:01 12716327                   /opt/java/jdk1.8.0_101/jre/lib/amd64/server/libjvm.so
7fd7d963a000-7fd7d9685000 rw-p 00000000 00:00 0 
7fd7d9685000-7fd7d981a000 r-xp 00000000 08:01 5002727                    /lib/x86_64-linux-gnu/libc-2.24.so
7fd7d981a000-7fd7d9a19000 ---p 00195000 08:01 5002727                    /lib/x86_64-linux-gnu/libc-2.24.so
7fd7d9a19000-7fd7d9a1d000 r--p 00194000 08:01 5002727                    /lib/x86_64-linux-gnu/libc-2.24.so
7fd7d9a1d000-7fd7d9a1f000 rw-p 00198000 08:01 5002727                    /lib/x86_64-linux-gnu/libc-2.24.so
7fd7d9a1f000-7fd7d9a23000 rw-p 00000000 00:00 0 
7fd7d9a23000-7fd7d9a25000 r-xp 00000000 08:01 5002730                    /lib/x86_64-linux-gnu/libdl-2.24.so
7fd7d9a25000-7fd7d9c25000 ---p 00002000 08:01 5002730                    /lib/x86_64-linux-gnu/libdl-2.24.so
7fd7d9c25000-7fd7d9c26000 r--p 00002000 08:01 5002730                    /lib/x86_64-linux-gnu/libdl-2.24.so
7fd7d9c26000-7fd7d9c27000 rw-p 00003000 08:01 5002730                    /lib/x86_64-linux-gnu/libdl-2.24.so
7fd7d9c27000-7fd7d9c3c000 r-xp 00000000 08:01 12715429                   /opt/java/jdk1.8.0_101/lib/amd64/jli/libjli.so
7fd7d9c3c000-7fd7d9e3c000 ---p 00015000 08:01 12715429                   /opt/java/jdk1.8.0_101/lib/amd64/jli/libjli.so
7fd7d9e3c000-7fd7d9e3d000 rw-p 00015000 08:01 12715429                   /opt/java/jdk1.8.0_101/lib/amd64/jli/libjli.so
7fd7d9e3d000-7fd7d9e55000 r-xp 00000000 08:01 5002742                    /lib/x86_64-linux-gnu/libpthread-2.24.so
7fd7d9e55000-7fd7da054000 ---p 00018000 08:01 5002742                    /lib/x86_64-linux-gnu/libpthread-2.24.so
7fd7da054000-7fd7da055000 r--p 00017000 08:01 5002742                    /lib/x86_64-linux-gnu/libpthread-2.24.so
7fd7da055000-7fd7da056000 rw-p 00018000 08:01 5002742                    /lib/x86_64-linux-gnu/libpthread-2.24.so
7fd7da056000-7fd7da05a000 rw-p 00000000 00:00 0 
7fd7da05a000-7fd7da07d000 r-xp 00000000 08:01 4981546                    /lib/x86_64-linux-gnu/ld-2.24.so
7fd7da080000-7fd7da084000 r--s 00097000 08:01 12716220                   /opt/java/jdk1.8.0_101/jre/lib/jsse.jar
7fd7da084000-7fd7da156000 rw-p 00000000 00:00 0 
7fd7da156000-7fd7da159000 ---p 00000000 00:00 0 
7fd7da159000-7fd7da259000 rw-p 00000000 00:00 0 
7fd7da25c000-7fd7da270000 rw-p 00000000 00:00 0 
7fd7da270000-7fd7da278000 rw-s 00000000 08:01 12062615                   /tmp/hsperfdata_zhangmingbao/24285
7fd7da278000-7fd7da279000 rw-p 00000000 00:00 0 
7fd7da279000-7fd7da27a000 ---p 00000000 00:00 0 
7fd7da27a000-7fd7da27d000 rw-p 00000000 00:00 0 
7fd7da27d000-7fd7da27e000 r--p 00023000 08:01 4981546                    /lib/x86_64-linux-gnu/ld-2.24.so
7fd7da27e000-7fd7da27f000 rw-p 00024000 08:01 4981546                    /lib/x86_64-linux-gnu/ld-2.24.so
7fd7da27f000-7fd7da280000 rw-p 00000000 00:00 0 
7ffdf5a95000-7ffdf5ab7000 rw-p 00000000 00:00 0                          [stack]
7ffdf5b75000-7ffdf5b77000 r--p 00000000 00:00 0                          [vvar]
7ffdf5b77000-7ffdf5b79000 r-xp 00000000 00:00 0                          [vdso]
ffffffffff600000-ffffffffff601000 r-xp 00000000 00:00 0                  [vsyscall]

VM Arguments:
jvm_args: -Djava.awt.headless=true -Xmx1024M -Dfile.encoding=UTF-8 -Duser.country=CN -Duser.language=zh -Duser.variant 
java_command: com.android.dx.command.Main --dex --num-threads=4 --output /home/zhangmingbao/Documents/Git/AndroidTrainingPractice/AndroidTrainingPractice/app/build/intermediates/transforms/dex/release/folders/1000/1f/main /home/zhangmingbao/Documents/Git/AndroidTrainingPractice/AndroidTrainingPractice/app/build/intermediates/pre-dexed/release/com.android.support-support-media-compat-25.3.0_a3d75c5f9c7ee149388ce9d53882bbf971e4c33e.jar /home/zhangmingbao/Documents/Git/AndroidTrainingPractice/AndroidTrainingPractice/app/build/intermediates/pre-dexed/release/com.android.support-support-compat-25.3.0_f5d8a8ced351b0280437bc53253183cf590ca039.jar /home/zhangmingbao/Documents/Git/AndroidTrainingPractice/AndroidTrainingPractice/app/build/intermediates/pre-dexed/release/com.android.support-animated-vector-drawable-25.3.0_c4d6568004c4e4c55bdc03f9eb36c43255adcdd6.jar /home/zhangmingbao/Documents/Git/AndroidTrainingPractice/AndroidTrainingPractice/app/build/intermediates/pre-dexed/release/release_1c4b1b5c57bd6e15a72f2ea107dbcbb3bfd7a035.jar /home/zhangmingbao/Documents/Git/AndroidTrainingPractice/AndroidTrainingPractice/app/build/intermediates/pre-dexed/release/com.android.support-recyclerview-v7-25.3.0_bedc54b72431946c94f2890ebe281c1f3a45e455.jar /home/zhangmingbao/Documents/Git/AndroidTrainingPractice/AndroidTrainingPractice/app/build/intermediates/pre-dexed/release/BaiduLBS_Android_36f7396d7e731e562a9a4d91d7bc6b56c26ec5be.jar /home/zhangmingbao/Documents/Git/AndroidTrainingPractice/AndroidTrainingPractice/app/build/intermediates/pre-dexed/release/com.android.support-support-vector-drawable-25.3.0_b0d3eeb046fda856694802aaaad67d34043f62c1.jar /home/zhangmingbao/Documents/Git/AndroidTrainingPractice/AndroidTrainingPractice/app/build/intermediates/pre-dexed/release/com.android.support-support-v4-25.3.0_59eef843f6d83540216a56fb7695f895b14465d1.jar /home/zhangmingbao/Documents/Git/AndroidTrainingPractice/AndroidTrainingPractice/app/build/intermediates/pre-dexed/release/com.androi
java_class_path (initial): /home/zhangmingbao/Android/Sdk/build-tools/25.0.2/lib/dx.jar
Launcher Type: SUN_STANDARD

Environment Variables:
JAVA_HOME=/opt/java/jdk1.8.0_101
CLASSPATH=/opt/android-studio/bin/../lib/bootstrap.jar:/opt/android-studio/bin/../lib/extensions.jar:/opt/android-studio/bin/../lib/util.jar:/opt/android-studio/bin/../lib/jdom.jar:/opt/android-studio/bin/../lib/log4j.jar:/opt/android-studio/bin/../lib/trove4j.jar:/opt/android-studio/bin/../lib/jna.jar:/opt/java/jdk1.8.0_101/lib/tools.jar
PATH=/home/zhangmingbao/bin:/opt/java/jdk1.8.0_101/bin:/usr/local/bin:/usr/bin:/bin:/usr/local/games:/usr/games:/opt/android-sdk/platform-tools:/opt/android-sdk/tools
LD_LIBRARY_PATH=/opt/android-studio/bin:
SHELL=/bin/bash
DISPLAY=:0

Signal Handlers:
SIGSEGV: [libjvm.so+0xac4790], sa_mask[0]=11111111011111111101111111111110, sa_flags=SA_RESTART|SA_SIGINFO
SIGBUS: [libjvm.so+0xac4790], sa_mask[0]=11111111011111111101111111111110, sa_flags=SA_RESTART|SA_SIGINFO
SIGFPE: [libjvm.so+0x91f140], sa_mask[0]=11111111011111111101111111111110, sa_flags=SA_RESTART|SA_SIGINFO
SIGPIPE: [libjvm.so+0x91f140], sa_mask[0]=11111111011111111101111111111110, sa_flags=SA_RESTART|SA_SIGINFO
SIGXFSZ: [libjvm.so+0x91f140], sa_mask[0]=11111111011111111101111111111110, sa_flags=SA_RESTART|SA_SIGINFO
SIGILL: [libjvm.so+0x91f140], sa_mask[0]=11111111011111111101111111111110, sa_flags=SA_RESTART|SA_SIGINFO
SIGUSR1: SIG_DFL, sa_mask[0]=00000000000000000000000000000000, sa_flags=none
SIGUSR2: [libjvm.so+0x920770], sa_mask[0]=00100000000000000000000000000000, sa_flags=SA_RESTART|SA_SIGINFO
SIGHUP: SIG_IGN, sa_mask[0]=00000000000000000000000000000000, sa_flags=none
SIGINT: [libjvm.so+0x921b70], sa_mask[0]=11111111011111111101111111111110, sa_flags=SA_RESTART|SA_SIGINFO
SIGTERM: [libjvm.so+0x921b70], sa_mask[0]=11111111011111111101111111111110, sa_flags=SA_RESTART|SA_SIGINFO
SIGQUIT: [libjvm.so+0x921b70], sa_mask[0]=11111111011111111101111111111110, sa_flags=SA_RESTART|SA_SIGINFO


---------------  S Y S T E M  ---------------

OS:DISTRIB_ID=Deepin
DISTRIB_RELEASE=15.4
DISTRIB_DESCRIPTION="Deepin 15.4 "
DISTRIB_CODENAME=unstable

uname:Linux 4.9.0-deepin4-amd64 #1 SMP PREEMPT Deepin 4.9.8-4 (2017-04-17) x86_64
libc:glibc 2.24 NPTL 2.24 
rlimit: STACK 8192k, CORE 0k, NPROC 31390, NOFILE 65536, AS infinity
load average:3.94 2.95 1.97

/proc/meminfo:
MemTotal:        8082988 kB
MemFree:          126508 kB
MemAvailable:      24848 kB
Buffers:             820 kB
Cached:          1476640 kB
SwapCached:            0 kB
Active:          6224388 kB
Inactive:        1435448 kB
Active(anon):    6207312 kB
Inactive(anon):  1418164 kB
Active(file):      17076 kB
Inactive(file):    17284 kB
Unevictable:         216 kB
Mlocked:             216 kB
SwapTotal:             0 kB
SwapFree:              0 kB
Dirty:              2956 kB
Writeback:             0 kB
AnonPages:       6182964 kB
Mapped:           706400 kB
Shmem:           1442700 kB
Slab:              99132 kB
SReclaimable:      40340 kB
SUnreclaim:        58792 kB
KernelStack:       15232 kB
PageTables:        65688 kB
NFS_Unstable:          0 kB
Bounce:                0 kB
WritebackTmp:          0 kB
CommitLimit:     4041492 kB
Committed_AS:   12898540 kB
VmallocTotal:   34359738367 kB
VmallocUsed:           0 kB
VmallocChunk:          0 kB
HardwareCorrupted:     0 kB
AnonHugePages:         0 kB
ShmemHugePages:        0 kB
ShmemPmdMapped:        0 kB
HugePages_Total:       0
HugePages_Free:        0
HugePages_Rsvd:        0
HugePages_Surp:        0
Hugepagesize:       2048 kB
DirectMap4k:      305472 kB
DirectMap2M:     7987200 kB
DirectMap1G:     1048576 kB


CPU:total 4 (2 cores per cpu, 2 threads per core) family 6 model 61 stepping 4, cmov, cx8, fxsr, mmx, sse, sse2, sse3, ssse3, sse4.1, sse4.2, popcnt, avx, avx2, aes, clmul, erms, rtm, 3dnowpref, lzcnt, ht, tsc, tscinvbit, bmi1, bmi2, adx

/proc/cpuinfo:
processor	: 0
vendor_id	: GenuineIntel
cpu family	: 6
model		: 61
model name	: Intel(R) Core(TM) i5-5300U CPU @ 2.30GHz
stepping	: 4
microcode	: 0x1d
cpu MHz		: 2699.945
cache size	: 3072 KB
physical id	: 0
siblings	: 4
core id		: 0
cpu cores	: 2
apicid		: 0
initial apicid	: 0
fpu		: yes
fpu_exception	: yes
cpuid level	: 20
wp		: yes
flags		: fpu vme de pse tsc msr pae mce cx8 apic sep mtrr pge mca cmov pat pse36 clflush dts acpi mmx fxsr sse sse2 ss ht tm pbe syscall nx pdpe1gb rdtscp lm constant_tsc arch_perfmon pebs bts rep_good nopl xtopology nonstop_tsc aperfmperf eagerfpu pni pclmulqdq dtes64 monitor ds_cpl vmx smx est tm2 ssse3 sdbg fma cx16 xtpr pdcm pcid sse4_1 sse4_2 x2apic movbe popcnt tsc_deadline_timer aes xsave avx f16c rdrand lahf_lm abm 3dnowprefetch epb intel_pt tpr_shadow vnmi flexpriority ept vpid fsgsbase tsc_adjust bmi1 hle avx2 smep bmi2 erms invpcid rtm rdseed adx smap xsaveopt dtherm ida arat pln pts
bugs		:
bogomips	: 4589.18
clflush size	: 64
cache_alignment	: 64
address sizes	: 39 bits physical, 48 bits virtual
power management:

processor	: 1
vendor_id	: GenuineIntel
cpu family	: 6
model		: 61
model name	: Intel(R) Core(TM) i5-5300U CPU @ 2.30GHz
stepping	: 4
microcode	: 0x1d
cpu MHz		: 2699.945
cache size	: 3072 KB
physical id	: 0
siblings	: 4
core id		: 0
cpu cores	: 2
apicid		: 1
initial apicid	: 1
fpu		: yes
fpu_exception	: yes
cpuid level	: 20
wp		: yes
flags		: fpu vme de pse tsc msr pae mce cx8 apic sep mtrr pge mca cmov pat pse36 clflush dts acpi mmx fxsr sse sse2 ss ht tm pbe syscall nx pdpe1gb rdtscp lm constant_tsc arch_perfmon pebs bts rep_good nopl xtopology nonstop_tsc aperfmperf eagerfpu pni pclmulqdq dtes64 monitor ds_cpl vmx smx est tm2 ssse3 sdbg fma cx16 xtpr pdcm pcid sse4_1 sse4_2 x2apic movbe popcnt tsc_deadline_timer aes xsave avx f16c rdrand lahf_lm abm 3dnowprefetch epb intel_pt tpr_shadow vnmi flexpriority ept vpid fsgsbase tsc_adjust bmi1 hle avx2 smep bmi2 erms invpcid rtm rdseed adx smap xsaveopt dtherm ida arat pln pts
bugs		:
bogomips	: 4589.18
clflush size	: 64
cache_alignment	: 64
address sizes	: 39 bits physical, 48 bits virtual
power management:

processor	: 2
vendor_id	: GenuineIntel
cpu family	: 6
model		: 61
model name	: Intel(R) Core(TM) i5-5300U CPU @ 2.30GHz
stepping	: 4
microcode	: 0x1d
cpu MHz		: 2699.945
cache size	: 3072 KB
physical id	: 0
siblings	: 4
core id		: 1
cpu cores	: 2
apicid		: 2
initial apicid	: 2
fpu		: yes
fpu_exception	: yes
cpuid level	: 20
wp		: yes
flags		: fpu vme de pse tsc msr pae mce cx8 apic sep mtrr pge mca cmov pat pse36 clflush dts acpi mmx fxsr sse sse2 ss ht tm pbe syscall nx pdpe1gb rdtscp lm constant_tsc arch_perfmon pebs bts rep_good nopl xtopology nonstop_tsc aperfmperf eagerfpu pni pclmulqdq dtes64 monitor ds_cpl vmx smx est tm2 ssse3 sdbg fma cx16 xtpr pdcm pcid sse4_1 sse4_2 x2apic movbe popcnt tsc_deadline_timer aes xsave avx f16c rdrand lahf_lm abm 3dnowprefetch epb intel_pt tpr_shadow vnmi flexpriority ept vpid fsgsbase tsc_adjust bmi1 hle avx2 smep bmi2 erms invpcid rtm rdseed adx smap xsaveopt dtherm ida arat pln pts
bugs		:
bogomips	: 4589.18
clflush size	: 64
cache_alignment	: 64
address sizes	: 39 bits physical, 48 bits virtual
power management:

processor	: 3
vendor_id	: GenuineIntel
cpu family	: 6
model		: 61
model name	: Intel(R) Core(TM) i5-5300U CPU @ 2.30GHz
stepping	: 4
microcode	: 0x1d
cpu MHz		: 2699.945
cache size	: 3072 KB
physical id	: 0
siblings	: 4
core id		: 1
cpu cores	: 2
apicid		: 3
initial apicid	: 3
fpu		: yes
fpu_exception	: yes
cpuid level	: 20
wp		: yes
flags		: fpu vme de pse tsc msr pae mce cx8 apic sep mtrr pge mca cmov pat pse36 clflush dts acpi mmx fxsr sse sse2 ss ht tm pbe syscall nx pdpe1gb rdtscp lm constant_tsc arch_perfmon pebs bts rep_good nopl xtopology nonstop_tsc aperfmperf eagerfpu pni pclmulqdq dtes64 monitor ds_cpl vmx smx est tm2 ssse3 sdbg fma cx16 xtpr pdcm pcid sse4_1 sse4_2 x2apic movbe popcnt tsc_deadline_timer aes xsave avx f16c rdrand lahf_lm abm 3dnowprefetch epb intel_pt tpr_shadow vnmi flexpriority ept vpid fsgsbase tsc_adjust bmi1 hle avx2 smep bmi2 erms invpcid rtm rdseed adx smap xsaveopt dtherm ida arat pln pts
bugs		:
bogomips	: 4589.18
clflush size	: 64
cache_alignment	: 64
address sizes	: 39 bits physical, 48 bits virtual
power management:



Memory: 4k page, physical 8082988k(127024k free), swap 0k(0k free)

vm_info: Java HotSpot(TM) 64-Bit Server VM (25.101-b13) for linux-amd64 JRE (1.8.0_101-b13), built on Jun 22 2016 02:59:44 by "java_re" with gcc 4.3.0 20080428 (Red Hat 4.3.0-8)

time: Fri Sep 22 17:09:15 2017
elapsed time: 1 seconds (0d 0h 0m 1s)

