#
# There is insufficient memory for the Java Runtime Environment to continue.
# Native memory allocation (mmap) failed to map 169869312 bytes for committing reserved memory.
# Possible reasons:
#   The system is out of physical RAM or swap space
#   In 32 bit mode, the process size limit was hit
# Possible solutions:
#   Reduce memory load on the system
#   Increase physical memory or swap space
#   Check if swap backing store is full
#   Use 64 bit Java on a 64 bit OS
#   Decrease Java heap size (-Xmx/-Xms)
#   Decrease number of Java threads
#   Decrease Java thread stack sizes (-Xss)
#   Set larger code cache with -XX:ReservedCodeCacheSize=
# This output file may be truncated or incomplete.
#
#  Out of Memory Error (os_linux.cpp:2627), pid=5814, tid=0x00007f1504cd3700
#
# JRE version: Java(TM) SE Runtime Environment (8.0_101-b13) (build 1.8.0_101-b13)
# Java VM: Java HotSpot(TM) 64-Bit Server VM (25.101-b13 mixed mode linux-amd64 compressed oops)
# Failed to write core dump. Core dumps have been disabled. To enable core dumping, try "ulimit -c unlimited" before starting Java again
#

---------------  T H R E A D  ---------------

Current thread (0x00007f151c078000):  VMThread [stack: 0x00007f1504bd3000,0x00007f1504cd4000] [id=5825]

Stack: [0x00007f1504bd3000,0x00007f1504cd4000],  sp=0x00007f1504cd2220,  free space=1020k
Native frames: (J=compiled Java code, j=interpreted, Vv=VM code, C=native code)
V  [libjvm.so+0xac3f0a]  VMError::report_and_die()+0x2ba
V  [libjvm.so+0x4fbf9b]  report_vm_out_of_memory(char const*, int, unsigned long, VMErrorType, char const*)+0x8b
V  [libjvm.so+0x9222d3]  os::Linux::commit_memory_impl(char*, unsigned long, bool)+0x103
V  [libjvm.so+0x922829]  os::pd_commit_memory(char*, unsigned long, unsigned long, bool)+0x29
V  [libjvm.so+0x91cb2a]  os::commit_memory(char*, unsigned long, unsigned long, bool)+0x2a
V  [libjvm.so+0x991053]  PSVirtualSpace::expand_by(unsigned long)+0x53
V  [libjvm.so+0x992458]  PSYoungGen::resize_generation(unsigned long, unsigned long)+0xf8
V  [libjvm.so+0x9915b2]  PSYoungGen::resize(unsigned long, unsigned long)+0x22
V  [libjvm.so+0x98e88b]  PSScavenge::invoke_no_policy()+0xf3b
V  [libjvm.so+0x98f011]  PSScavenge::invoke()+0x41
V  [libjvm.so+0x945fc0]  ParallelScavengeHeap::failed_mem_allocate(unsigned long)+0x70
V  [libjvm.so+0xac5927]  VM_ParallelGCFailedAllocation::doit()+0x97
V  [libjvm.so+0xacd405]  VM_Operation::evaluate()+0x55
V  [libjvm.so+0xacb7da]  VMThread::evaluate_operation(VM_Operation*)+0xba
V  [libjvm.so+0xacbb5e]  VMThread::loop()+0x1ce
V  [libjvm.so+0xacbfd0]  VMThread::run()+0x70
V  [libjvm.so+0x924698]  java_start(Thread*)+0x108

VM_Operation (0x00007f14d3bf9aa0): ParallelGCFailedAllocation, mode: safepoint, requested by thread 0x00007f151c16c000


---------------  P R O C E S S  ---------------

Java Threads: ( => current thread )
  0x00007f151c16c000 JavaThread "pool-2-thread-4" [_thread_blocked, id=5869, stack(0x00007f14d3afb000,0x00007f14d3bfc000)]
  0x00007f151c16a800 JavaThread "pool-2-thread-3" [_thread_blocked, id=5868, stack(0x00007f14d3bfc000,0x00007f14d3cfd000)]
  0x00007f151c169800 JavaThread "pool-2-thread-2" [_thread_blocked, id=5867, stack(0x00007f14d3cfd000,0x00007f14d3dfe000)]
  0x00007f151c167800 JavaThread "pool-3-thread-1" [_thread_blocked, id=5866, stack(0x00007f14d3dfe000,0x00007f14d3eff000)]
  0x00007f151c165000 JavaThread "pool-2-thread-1" [_thread_blocked, id=5865, stack(0x00007f14d3eff000,0x00007f14d4000000)]
  0x00007f151c0da000 JavaThread "Service Thread" daemon [_thread_blocked, id=5833, stack(0x00007f1504182000,0x00007f1504283000)]
  0x00007f151c0bd000 JavaThread "C1 CompilerThread2" daemon [_thread_blocked, id=5832, stack(0x00007f1504283000,0x00007f1504384000)]
  0x00007f151c0bb800 JavaThread "C2 CompilerThread1" daemon [_thread_in_native, id=5831, stack(0x00007f1504384000,0x00007f1504485000)]
  0x00007f151c0b8800 JavaThread "C2 CompilerThread0" daemon [_thread_blocked, id=5830, stack(0x00007f1504485000,0x00007f1504586000)]
  0x00007f151c0b7000 JavaThread "Signal Dispatcher" daemon [_thread_blocked, id=5829, stack(0x00007f1504586000,0x00007f1504687000)]
  0x00007f151c084800 JavaThread "Finalizer" daemon [_thread_blocked, id=5828, stack(0x00007f15049d1000,0x00007f1504ad2000)]
  0x00007f151c07f800 JavaThread "Reference Handler" daemon [_thread_blocked, id=5827, stack(0x00007f1504ad2000,0x00007f1504bd3000)]
  0x00007f151c00a000 JavaThread "main" [_thread_blocked, id=5819, stack(0x00007f1523278000,0x00007f1523379000)]

Other Threads:
=>0x00007f151c078000 VMThread [stack: 0x00007f1504bd3000,0x00007f1504cd4000] [id=5825]
  0x00007f151c0dd000 WatcherThread [stack: 0x00007f1504081000,0x00007f1504182000] [id=5834]

VM state:at safepoint (normal execution)

VM Mutex/Monitor currently owned by a thread:  ([mutex/lock_event])
[0x00007f151c0067e0] Threads_lock - owner thread: 0x00007f151c078000
[0x00007f151c006ce0] Heap_lock - owner thread: 0x00007f151c16c000

Heap:
 PSYoungGen      total 132096K, used 5097K [0x00000000eab00000, 0x00000000f3100000, 0x0000000100000000)
  eden space 126976K, 0% used [0x00000000eab00000,0x00000000eab00000,0x00000000f2700000)
  from space 5120K, 99% used [0x00000000f2700000,0x00000000f2bfa520,0x00000000f2c00000)
  to   space 5120K, 0% used [0x00000000f2c00000,0x00000000f2c00000,0x00000000f3100000)
 ParOldGen       total 84992K, used 39816K [0x00000000c0000000, 0x00000000c5300000, 0x00000000eab00000)
  object space 84992K, 46% used [0x00000000c0000000,0x00000000c26e2360,0x00000000c5300000)
 Metaspace       used 6125K, capacity 7088K, committed 7296K, reserved 1056768K
  class space    used 599K, capacity 616K, committed 640K, reserved 1048576K

Card table byte_map: [0x00007f150cdff000,0x00007f150d000000] byte_map_base: 0x00007f150c7ff000

Marking Bits: (ParMarkBitMap*) 0x00007f152277b120
 Begin Bits: [0x00007f1506000000, 0x00007f1507000000)
 End Bits:   [0x00007f1507000000, 0x00007f1508000000)

Polling page: 0x00007f152339b000

CodeCache: size=245760Kb used=6631Kb max_used=6642Kb free=239128Kb
 bounds [0x00007f150d000000, 0x00007f150d690000, 0x00007f151c000000]
 total_blobs=1970 nmethods=1708 adapters=176
 compilation: enabled

Compilation events (10 events):
Event: 11.839 Thread 0x00007f151c0bd000 nmethod 2083 0x00007f150d67c850 code [0x00007f150d67c9c0, 0x00007f150d67cb28]
Event: 11.839 Thread 0x00007f151c0bd000 2090       1       com.android.dx.rop.cst.CstLiteral32::isCategory2 (2 bytes)
Event: 11.839 Thread 0x00007f151c0bd000 nmethod 2090 0x00007f150d67cbd0 code [0x00007f150d67cd20, 0x00007f150d67ce30]
Event: 11.839 Thread 0x00007f151c0bd000 2080       2       com.android.dx.cf.code.Simulator::requiredArrayTypeFor (74 bytes)
Event: 11.839 Thread 0x00007f151c0bd000 nmethod 2080 0x00007f150d67ce90 code [0x00007f150d67d040, 0x00007f150d67d398]
Event: 11.869 Thread 0x00007f151c0bd000 2094 %     3       com.android.dx.cf.cst.ConstantPoolParser::parse @ 96 (365 bytes)
Event: 11.875 Thread 0x00007f151c0b8800 nmethod 1802 0x00007f150d680750 code [0x00007f150d6808c0, 0x00007f150d680d78]
Event: 11.875 Thread 0x00007f151c0b8800 1810       4       com.android.dx.util.IntList::binarysearch (124 bytes)
Event: 11.887 Thread 0x00007f151c0b8800 nmethod 1810 0x00007f150d681110 code [0x00007f150d681260, 0x00007f150d681438]
Event: 11.888 Thread 0x00007f151c0b8800 1584       4       com.android.dx.ssa.MoveParamCombiner$1::visitNonMoveInsn (213 bytes)

GC Heap History (9 events):
Event: 4.165 GC heap before
{Heap before GC invocations=1 (full 0):
 PSYoungGen      total 36864K, used 31744K [0x00000000eab00000, 0x00000000ed400000, 0x0000000100000000)
  eden space 31744K, 100% used [0x00000000eab00000,0x00000000eca00000,0x00000000eca00000)
  from space 5120K, 0% used [0x00000000ecf00000,0x00000000ecf00000,0x00000000ed400000)
  to   space 5120K, 0% used [0x00000000eca00000,0x00000000eca00000,0x00000000ecf00000)
 ParOldGen       total 84992K, used 0K [0x00000000c0000000, 0x00000000c5300000, 0x00000000eab00000)
  object space 84992K, 0% used [0x00000000c0000000,0x00000000c0000000,0x00000000c5300000)
 Metaspace       used 5630K, capacity 6768K, committed 7040K, reserved 1056768K
  class space    used 579K, capacity 616K, committed 640K, reserved 1048576K
Event: 4.231 GC heap after
Heap after GC invocations=1 (full 0):
 PSYoungGen      total 36864K, used 5109K [0x00000000eab00000, 0x00000000ef300000, 0x0000000100000000)
  eden space 31744K, 0% used [0x00000000eab00000,0x00000000eab00000,0x00000000eca00000)
  from space 5120K, 99% used [0x00000000eca00000,0x00000000ecefd620,0x00000000ecf00000)
  to   space 5120K, 0% used [0x00000000eee00000,0x00000000eee00000,0x00000000ef300000)
 ParOldGen       total 84992K, used 838K [0x00000000c0000000, 0x00000000c5300000, 0x00000000eab00000)
  object space 84992K, 0% used [0x00000000c0000000,0x00000000c00d1828,0x00000000c5300000)
 Metaspace       used 5630K, capacity 6768K, committed 7040K, reserved 1056768K
  class space    used 579K, capacity 616K, committed 640K, reserved 1048576K
}
Event: 5.645 GC heap before
{Heap before GC invocations=2 (full 0):
 PSYoungGen      total 36864K, used 36853K [0x00000000eab00000, 0x00000000ef300000, 0x0000000100000000)
  eden space 31744K, 100% used [0x00000000eab00000,0x00000000eca00000,0x00000000eca00000)
  from space 5120K, 99% used [0x00000000eca00000,0x00000000ecefd620,0x00000000ecf00000)
  to   space 5120K, 0% used [0x00000000eee00000,0x00000000eee00000,0x00000000ef300000)
 ParOldGen       total 84992K, used 838K [0x00000000c0000000, 0x00000000c5300000, 0x00000000eab00000)
  object space 84992K, 0% used [0x00000000c0000000,0x00000000c00d1828,0x00000000c5300000)
 Metaspace       used 5684K, capacity 6832K, committed 7040K, reserved 1056768K
  class space    used 579K, capacity 616K, committed 640K, reserved 1048576K
Event: 5.748 GC heap after
Heap after GC invocations=2 (full 0):
 PSYoungGen      total 68608K, used 5106K [0x00000000eab00000, 0x00000000ef300000, 0x0000000100000000)
  eden space 63488K, 0% used [0x00000000eab00000,0x00000000eab00000,0x00000000ee900000)
  from space 5120K, 99% used [0x00000000eee00000,0x00000000ef2fc8e8,0x00000000ef300000)
  to   space 5120K, 0% used [0x00000000ee900000,0x00000000ee900000,0x00000000eee00000)
 ParOldGen       total 84992K, used 4894K [0x00000000c0000000, 0x00000000c5300000, 0x00000000eab00000)
  object space 84992K, 5% used [0x00000000c0000000,0x00000000c04c7a60,0x00000000c5300000)
 Metaspace       used 5684K, capacity 6832K, committed 7040K, reserved 1056768K
  class space    used 579K, capacity 616K, committed 640K, reserved 1048576K
}
Event: 8.064 GC heap before
{Heap before GC invocations=3 (full 0):
 PSYoungGen      total 68608K, used 68594K [0x00000000eab00000, 0x00000000ef300000, 0x0000000100000000)
  eden space 63488K, 100% used [0x00000000eab00000,0x00000000ee900000,0x00000000ee900000)
  from space 5120K, 99% used [0x00000000eee00000,0x00000000ef2fc8e8,0x00000000ef300000)
  to   space 5120K, 0% used [0x00000000ee900000,0x00000000ee900000,0x00000000eee00000)
 ParOldGen       total 84992K, used 4894K [0x00000000c0000000, 0x00000000c5300000, 0x00000000eab00000)
  object space 84992K, 5% used [0x00000000c0000000,0x00000000c04c7a60,0x00000000c5300000)
 Metaspace       used 5777K, capacity 6896K, committed 7040K, reserved 1056768K
  class space    used 580K, capacity 616K, committed 640K, reserved 1048576K
Event: 8.251 GC heap after
Heap after GC invocations=3 (full 0):
 PSYoungGen      total 68608K, used 5094K [0x00000000eab00000, 0x00000000f3100000, 0x0000000100000000)
  eden space 63488K, 0% used [0x00000000eab00000,0x00000000eab00000,0x00000000ee900000)
  from space 5120K, 99% used [0x00000000ee900000,0x00000000eedf9b58,0x00000000eee00000)
  to   space 5120K, 0% used [0x00000000f2c00000,0x00000000f2c00000,0x00000000f3100000)
 ParOldGen       total 84992K, used 13418K [0x00000000c0000000, 0x00000000c5300000, 0x00000000eab00000)
  object space 84992K, 15% used [0x00000000c0000000,0x00000000c0d1abb0,0x00000000c5300000)
 Metaspace       used 5777K, capacity 6896K, committed 7040K, reserved 1056768K
  class space    used 580K, capacity 616K, committed 640K, reserved 1048576K
}
Event: 9.622 GC heap before
{Heap before GC invocations=4 (full 0):
 PSYoungGen      total 68608K, used 68582K [0x00000000eab00000, 0x00000000f3100000, 0x0000000100000000)
  eden space 63488K, 100% used [0x00000000eab00000,0x00000000ee900000,0x00000000ee900000)
  from space 5120K, 99% used [0x00000000ee900000,0x00000000eedf9b58,0x00000000eee00000)
  to   space 5120K, 0% used [0x00000000f2c00000,0x00000000f2c00000,0x00000000f3100000)
 ParOldGen       total 84992K, used 13418K [0x00000000c0000000, 0x00000000c5300000, 0x00000000eab00000)
  object space 84992K, 15% used [0x00000000c0000000,0x00000000c0d1abb0,0x00000000c5300000)
 Metaspace       used 5836K, capacity 6960K, committed 7040K, reserved 1056768K
  class space    used 580K, capacity 616K, committed 640K, reserved 1048576K
Event: 9.748 GC heap after
Heap after GC invocations=4 (full 0):
 PSYoungGen      total 132096K, used 5106K [0x00000000eab00000, 0x00000000f3100000, 0x0000000100000000)
  eden space 126976K, 0% used [0x00000000eab00000,0x00000000eab00000,0x00000000f2700000)
  from space 5120K, 99% used [0x00000000f2c00000,0x00000000f30fc9e8,0x00000000f3100000)
  to   space 5120K, 0% used [0x00000000f2700000,0x00000000f2700000,0x00000000f2c00000)
 ParOldGen       total 84992K, used 22829K [0x00000000c0000000, 0x00000000c5300000, 0x00000000eab00000)
  object space 84992K, 26% used [0x00000000c0000000,0x00000000c164b640,0x00000000c5300000)
 Metaspace       used 5836K, capacity 6960K, committed 7040K, reserved 1056768K
  class space    used 580K, capacity 616K, committed 640K, reserved 1048576K
}
Event: 11.917 GC heap before
{Heap before GC invocations=5 (full 0):
 PSYoungGen      total 132096K, used 132082K [0x00000000eab00000, 0x00000000f3100000, 0x0000000100000000)
  eden space 126976K, 100% used [0x00000000eab00000,0x00000000f2700000,0x00000000f2700000)
  from space 5120K, 99% used [0x00000000f2c00000,0x00000000f30fc9e8,0x00000000f3100000)
  to   space 5120K, 0% used [0x00000000f2700000,0x00000000f2700000,0x00000000f2c00000)
 ParOldGen       total 84992K, used 22829K [0x00000000c0000000, 0x00000000c5300000, 0x00000000eab00000)
  object space 84992K, 26% used [0x00000000c0000000,0x00000000c164b640,0x00000000c5300000)
 Metaspace       used 6125K, capacity 7088K, committed 7296K, reserved 1056768K
  class space    used 599K, capacity 616K, committed 640K, reserved 1048576K

Deoptimization events (10 events):
Event: 5.495 Thread 0x00007f151c16c000 Uncommon trap: reason=unstable_if action=reinterpret pc=0x00007f150d22e29c method=com.android.dx.rop.cst.Constant.compareTo(Lcom/android/dx/rop/cst/Constant;)I @ 12
Event: 6.364 Thread 0x00007f151c169800 Uncommon trap: reason=bimorphic action=maybe_recompile pc=0x00007f150d246b18 method=java.util.HashMap.getNode(ILjava/lang/Object;)Ljava/util/HashMap$Node; @ 126
Event: 6.364 Thread 0x00007f151c169800 Uncommon trap: reason=bimorphic action=maybe_recompile pc=0x00007f150d246b18 method=java.util.HashMap.getNode(ILjava/lang/Object;)Ljava/util/HashMap$Node; @ 126
Event: 6.658 Thread 0x00007f151c00a000 Uncommon trap: reason=unstable_if action=reinterpret pc=0x00007f150d399980 method=com.android.dx.ssa.SsaRenamer$BlockRenamer.visitMoveInsn(Lcom/android/dx/ssa/NormalSsaInsn;)V @ 104
Event: 7.504 Thread 0x00007f151c00a000 Uncommon trap: reason=unstable_if action=reinterpret pc=0x00007f150d38a444 method=com.android.dx.util.IntList.binarysearch(I)I @ 105
Event: 8.045 Thread 0x00007f151c16c000 Uncommon trap: reason=unstable_if action=reinterpret pc=0x00007f150d38acbc method=com.android.dx.ssa.SsaMethod.updateOneDefinition(Lcom/android/dx/ssa/SsaInsn;Lcom/android/dx/rop/code/RegisterSpec;)V @ 4
Event: 9.943 Thread 0x00007f151c165000 Uncommon trap: reason=unstable_if action=reinterpret pc=0x00007f150d4e98bc method=com.android.dx.ssa.SCCP.simulateStmt(Lcom/android/dx/ssa/SsaInsn;)V @ 59
Event: 9.987 Thread 0x00007f151c165000 Uncommon trap: reason=unstable_if action=reinterpret pc=0x00007f150d29278c method=java.util.HashMap.putVal(ILjava/lang/Object;Ljava/lang/Object;ZZ)Ljava/lang/Object; @ 162
Event: 10.049 Thread 0x00007f151c165000 Uncommon trap: reason=unstable_if action=reinterpret pc=0x00007f150d4145dc method=java.util.HashMap.putVal(ILjava/lang/Object;Ljava/lang/Object;ZZ)Ljava/lang/Object; @ 109
Event: 11.340 Thread 0x00007f151c00a000 Uncommon trap: reason=unstable_if action=reinterpret pc=0x00007f150d380048 method=com.android.dx.dex.code.OutputFinisher.hasLocalInfo(Lcom/android/dx/dex/code/DalvInsn;)Z @ 24

Internal exceptions (6 events):
Event: 0.117 Thread 0x00007f151c00a000 Exception <a 'java/lang/NoSuchMethodError': Method sun.misc.Unsafe.defineClass(Ljava/lang/String;[BII)Ljava/lang/Class; name or signature does not match> (0x00000000eab07cc0) thrown at [/HUDSON3/workspace/8-2-build-linux-amd64/jdk8u101/7261/hotspot/src/sh
Event: 0.117 Thread 0x00007f151c00a000 Exception <a 'java/lang/NoSuchMethodError': Method sun.misc.Unsafe.prefetchRead(Ljava/lang/Object;J)V name or signature does not match> (0x00000000eab07fa8) thrown at [/HUDSON3/workspace/8-2-build-linux-amd64/jdk8u101/7261/hotspot/src/share/vm/prims/jni.c
Event: 4.783 Thread 0x00007f151c00a000 Implicit null exception at 0x00007f150d2b9759 to 0x00007f150d2bbafd
Event: 10.020 Thread 0x00007f151c165000 Exception <a 'java/lang/ArrayIndexOutOfBoundsException': 18> (0x00000000eb7efaf8) thrown at [/HUDSON3/workspace/8-2-build-linux-amd64/jdk8u101/7261/hotspot/src/share/vm/interpreter/interpreterRuntime.cpp, line 366]
Event: 10.021 Thread 0x00007f151c165000 Exception <a 'java/lang/ArrayIndexOutOfBoundsException': 145> (0x00000000eb7f1678) thrown at [/HUDSON3/workspace/8-2-build-linux-amd64/jdk8u101/7261/hotspot/src/share/vm/interpreter/interpreterRuntime.cpp, line 366]
Event: 10.022 Thread 0x00007f151c165000 Exception <a 'java/lang/ArrayIndexOutOfBoundsException': 40> (0x00000000eb7f2960) thrown at [/HUDSON3/workspace/8-2-build-linux-amd64/jdk8u101/7261/hotspot/src/share/vm/interpreter/interpreterRuntime.cpp, line 366]

Events (10 events):
Event: 11.182 Thread 0x00007f151c16c000 DEOPT PACKING pc=0x00007f150d384cac sp=0x00007f14d3bf9db0
Event: 11.182 Thread 0x00007f151c16c000 DEOPT UNPACKING pc=0x00007f150d047633 sp=0x00007f14d3bf9ab0 mode 0
Event: 11.340 Thread 0x00007f151c00a000 Uncommon trap: trap_request=0xffffff65 fr.pc=0x00007f150d380048
Event: 11.340 Thread 0x00007f151c00a000 DEOPT PACKING pc=0x00007f150d380048 sp=0x00007f1523376910
Event: 11.340 Thread 0x00007f151c00a000 DEOPT UNPACKING pc=0x00007f150d005229 sp=0x00007f1523376848 mode 2
Event: 11.619 Thread 0x00007f151c165000 DEOPT PACKING pc=0x00007f150d384cac sp=0x00007f14d3ffdee0
Event: 11.619 Thread 0x00007f151c165000 DEOPT UNPACKING pc=0x00007f150d047633 sp=0x00007f14d3ffdbe0 mode 0
Event: 11.769 Thread 0x00007f151c16c000 DEOPT PACKING pc=0x00007f150d622698 sp=0x00007f14d3bf9b40
Event: 11.769 Thread 0x00007f151c16c000 DEOPT UNPACKING pc=0x00007f150d047633 sp=0x00007f14d3bf98e0 mode 0
Event: 11.888 Executing VM operation: ParallelGCFailedAllocation


Dynamic libraries:
00400000-00401000 r-xp 00000000 08:01 12716194                           /opt/java/jdk1.8.0_101/bin/java
00600000-00601000 rw-p 00000000 08:01 12716194                           /opt/java/jdk1.8.0_101/bin/java
00937000-00958000 rw-p 00000000 00:00 0                                  [heap]
c0000000-c5300000 rw-p 00000000 00:00 0 
c5300000-eab00000 ---p 00000000 00:00 0 
eab00000-f3100000 rw-p 00000000 00:00 0 
fd300000-100000000 ---p 00000000 00:00 0 
100000000-1000a0000 rw-p 00000000 00:00 0 
1000a0000-140000000 ---p 00000000 00:00 0 
7f14bc000000-7f14bc02c000 rw-p 00000000 00:00 0 
7f14bc02c000-7f14c0000000 ---p 00000000 00:00 0 
7f14c0000000-7f14c0029000 rw-p 00000000 00:00 0 
7f14c0029000-7f14c4000000 ---p 00000000 00:00 0 
7f14c4000000-7f14c4021000 rw-p 00000000 00:00 0 
7f14c4021000-7f14c8000000 ---p 00000000 00:00 0 
7f14c8000000-7f14c8021000 rw-p 00000000 00:00 0 
7f14c8021000-7f14cc000000 ---p 00000000 00:00 0 
7f14cc000000-7f14cc021000 rw-p 00000000 00:00 0 
7f14cc021000-7f14d0000000 ---p 00000000 00:00 0 
7f14d3afb000-7f14d3afe000 ---p 00000000 00:00 0 
7f14d3afe000-7f14d3bfc000 rw-p 00000000 00:00 0 
7f14d3bfc000-7f14d3bff000 ---p 00000000 00:00 0 
7f14d3bff000-7f14d3cfd000 rw-p 00000000 00:00 0 
7f14d3cfd000-7f14d3d00000 ---p 00000000 00:00 0 
7f14d3d00000-7f14d3dfe000 rw-p 00000000 00:00 0 
7f14d3dfe000-7f14d3e01000 ---p 00000000 00:00 0 
7f14d3e01000-7f14d3eff000 rw-p 00000000 00:00 0 
7f14d3eff000-7f14d3f02000 ---p 00000000 00:00 0 
7f14d3f02000-7f14d4000000 rw-p 00000000 00:00 0 
7f14d4000000-7f14d4021000 rw-p 00000000 00:00 0 
7f14d4021000-7f14d8000000 ---p 00000000 00:00 0 
7f14d8000000-7f14d8021000 rw-p 00000000 00:00 0 
7f14d8021000-7f14dc000000 ---p 00000000 00:00 0 
7f14dc000000-7f14dc8c4000 rw-p 00000000 00:00 0 
7f14dc8c4000-7f14e0000000 ---p 00000000 00:00 0 
7f14e0000000-7f14e0964000 rw-p 00000000 00:00 0 
7f14e0964000-7f14e4000000 ---p 00000000 00:00 0 
7f14e4000000-7f14e4021000 rw-p 00000000 00:00 0 
7f14e4021000-7f14e8000000 ---p 00000000 00:00 0 
7f14e8000000-7f14e8638000 rw-p 00000000 00:00 0 
7f14e8638000-7f14ec000000 ---p 00000000 00:00 0 
7f14ec000000-7f14ec021000 rw-p 00000000 00:00 0 
7f14ec021000-7f14f0000000 ---p 00000000 00:00 0 
7f14f0000000-7f14f0021000 rw-p 00000000 00:00 0 
7f14f0021000-7f14f4000000 ---p 00000000 00:00 0 
7f14f4000000-7f14f4021000 rw-p 00000000 00:00 0 
7f14f4021000-7f14f8000000 ---p 00000000 00:00 0 
7f14f8000000-7f14f8291000 rw-p 00000000 00:00 0 
7f14f8291000-7f14fc000000 ---p 00000000 00:00 0 
7f14fc000000-7f14fc021000 rw-p 00000000 00:00 0 
7f14fc021000-7f1500000000 ---p 00000000 00:00 0 
7f1500000000-7f1500021000 rw-p 00000000 00:00 0 
7f1500021000-7f1504000000 ---p 00000000 00:00 0 
7f150405f000-7f1504081000 r--p 00000000 08:01 8258499                    /usr/share/locale/zh_CN/LC_MESSAGES/libc.mo
7f1504081000-7f1504082000 ---p 00000000 00:00 0 
7f1504082000-7f1504182000 rw-p 00000000 00:00 0 
7f1504182000-7f1504185000 ---p 00000000 00:00 0 
7f1504185000-7f1504283000 rw-p 00000000 00:00 0 
7f1504283000-7f1504286000 ---p 00000000 00:00 0 
7f1504286000-7f1504384000 rw-p 00000000 00:00 0 
7f1504384000-7f1504387000 ---p 00000000 00:00 0 
7f1504387000-7f1504485000 rw-p 00000000 00:00 0 
7f1504485000-7f1504488000 ---p 00000000 00:00 0 
7f1504488000-7f1504586000 rw-p 00000000 00:00 0 
7f1504586000-7f1504589000 ---p 00000000 00:00 0 
7f1504589000-7f1504687000 rw-p 00000000 00:00 0 
7f1504687000-7f15049d1000 r--p 00000000 08:01 6819945                    /usr/lib/locale/locale-archive
7f15049d1000-7f15049d4000 ---p 00000000 00:00 0 
7f15049d4000-7f1504ad2000 rw-p 00000000 00:00 0 
7f1504ad2000-7f1504ad5000 ---p 00000000 00:00 0 
7f1504ad5000-7f1504bd3000 rw-p 00000000 00:00 0 
7f1504bd3000-7f1504bd4000 ---p 00000000 00:00 0 
7f1504bd4000-7f1505e80000 rw-p 00000000 00:00 0 
7f1505e80000-7f1506000000 ---p 00000000 00:00 0 
7f1506000000-7f1508000000 rw-p 00000000 00:00 0 
7f1508000000-7f1508021000 rw-p 00000000 00:00 0 
7f1508021000-7f150c000000 ---p 00000000 00:00 0 
7f150c005000-7f150c010000 r--s 0009f000 08:01 393339                     /home/zhangmingbao/Documents/Git/AndroidTrainingPractice/AndroidTrainingPractice/app/build/intermediates/exploded-aar/com.android.support/appcompat-v7/25.3.0/jars/classes.jar
7f150c010000-7f150c456000 rw-p 00000000 00:00 0 
7f150c456000-7f150c62f000 r--s 03d29000 08:01 12716268                   /opt/java/jdk1.8.0_101/jre/lib/rt.jar
7f150c62f000-7f150c8a5000 rw-p 00000000 00:00 0 
7f150c8a5000-7f150c8a6000 ---p 00000000 00:00 0 
7f150c8a6000-7f150c9a6000 rw-p 00000000 00:00 0 
7f150c9a6000-7f150c9a7000 ---p 00000000 00:00 0 
7f150c9a7000-7f150caa7000 rw-p 00000000 00:00 0 
7f150caa7000-7f150caa8000 ---p 00000000 00:00 0 
7f150caa8000-7f150cba8000 rw-p 00000000 00:00 0 
7f150cba8000-7f150cba9000 ---p 00000000 00:00 0 
7f150cba9000-7f150ccd3000 rw-p 00000000 00:00 0 
7f150ccd3000-7f150cdff000 ---p 00000000 00:00 0 
7f150cdff000-7f150ce29000 rw-p 00000000 00:00 0 
7f150ce29000-7f150cf54000 ---p 00000000 00:00 0 
7f150cf54000-7f150cf98000 rw-p 00000000 00:00 0 
7f150cf98000-7f150cfff000 ---p 00000000 00:00 0 
7f150cfff000-7f150d000000 rw-p 00000000 00:00 0 
7f150d000000-7f150d690000 rwxp 00000000 00:00 0 
7f150d690000-7f151c000000 ---p 00000000 00:00 0 
7f151c000000-7f151c3a9000 rw-p 00000000 00:00 0 
7f151c3a9000-7f1520000000 ---p 00000000 00:00 0 
7f1520003000-7f152000a000 r--s 00000000 08:01 7083915                    /usr/lib/x86_64-linux-gnu/gconv/gconv-modules.cache
7f152000a000-7f1520018000 r--s 000e0000 08:01 11275037                   /home/zhangmingbao/Android/Sdk/build-tools/25.0.2/lib/dx.jar
7f1520018000-7f1520075000 rw-p 00000000 00:00 0 
7f1520075000-7f152041a000 ---p 00000000 00:00 0 
7f152041a000-7f1520434000 r-xp 00000000 08:01 12716297                   /opt/java/jdk1.8.0_101/jre/lib/amd64/libzip.so
7f1520434000-7f1520634000 ---p 0001a000 08:01 12716297                   /opt/java/jdk1.8.0_101/jre/lib/amd64/libzip.so
7f1520634000-7f1520635000 rw-p 0001a000 08:01 12716297                   /opt/java/jdk1.8.0_101/jre/lib/amd64/libzip.so
7f1520635000-7f152063f000 r-xp 00000000 08:01 4981542                    /lib/x86_64-linux-gnu/libnss_files-2.24.so
7f152063f000-7f152083f000 ---p 0000a000 08:01 4981542                    /lib/x86_64-linux-gnu/libnss_files-2.24.so
7f152083f000-7f1520840000 r--p 0000a000 08:01 4981542                    /lib/x86_64-linux-gnu/libnss_files-2.24.so
7f1520840000-7f1520841000 rw-p 0000b000 08:01 4981542                    /lib/x86_64-linux-gnu/libnss_files-2.24.so
7f1520841000-7f1520847000 rw-p 00000000 00:00 0 
7f1520847000-7f1520852000 r-xp 00000000 08:01 4981555                    /lib/x86_64-linux-gnu/libnss_nis-2.24.so
7f1520852000-7f1520a51000 ---p 0000b000 08:01 4981555                    /lib/x86_64-linux-gnu/libnss_nis-2.24.so
7f1520a51000-7f1520a52000 r--p 0000a000 08:01 4981555                    /lib/x86_64-linux-gnu/libnss_nis-2.24.so
7f1520a52000-7f1520a53000 rw-p 0000b000 08:01 4981555                    /lib/x86_64-linux-gnu/libnss_nis-2.24.so
7f1520a53000-7f1520a67000 r-xp 00000000 08:01 4981535                    /lib/x86_64-linux-gnu/libnsl-2.24.so
7f1520a67000-7f1520c67000 ---p 00014000 08:01 4981535                    /lib/x86_64-linux-gnu/libnsl-2.24.so
7f1520c67000-7f1520c68000 r--p 00014000 08:01 4981535                    /lib/x86_64-linux-gnu/libnsl-2.24.so
7f1520c68000-7f1520c69000 rw-p 00015000 08:01 4981535                    /lib/x86_64-linux-gnu/libnsl-2.24.so
7f1520c69000-7f1520c6b000 rw-p 00000000 00:00 0 
7f1520c6b000-7f1520c72000 r-xp 00000000 08:01 4981538                    /lib/x86_64-linux-gnu/libnss_compat-2.24.so
7f1520c72000-7f1520e71000 ---p 00007000 08:01 4981538                    /lib/x86_64-linux-gnu/libnss_compat-2.24.so
7f1520e71000-7f1520e72000 r--p 00006000 08:01 4981538                    /lib/x86_64-linux-gnu/libnss_compat-2.24.so
7f1520e72000-7f1520e73000 rw-p 00007000 08:01 4981538                    /lib/x86_64-linux-gnu/libnss_compat-2.24.so
7f1520e73000-7f1520e9d000 r-xp 00000000 08:01 12716323                   /opt/java/jdk1.8.0_101/jre/lib/amd64/libjava.so
7f1520e9d000-7f152109d000 ---p 0002a000 08:01 12716323                   /opt/java/jdk1.8.0_101/jre/lib/amd64/libjava.so
7f152109d000-7f152109f000 rw-p 0002a000 08:01 12716323                   /opt/java/jdk1.8.0_101/jre/lib/amd64/libjava.so
7f152109f000-7f15210ac000 r-xp 00000000 08:01 12716277                   /opt/java/jdk1.8.0_101/jre/lib/amd64/libverify.so
7f15210ac000-7f15212ac000 ---p 0000d000 08:01 12716277                   /opt/java/jdk1.8.0_101/jre/lib/amd64/libverify.so
7f15212ac000-7f15212ae000 rw-p 0000d000 08:01 12716277                   /opt/java/jdk1.8.0_101/jre/lib/amd64/libverify.so
7f15212ae000-7f15212b5000 r-xp 00000000 08:01 4981562                    /lib/x86_64-linux-gnu/librt-2.24.so
7f15212b5000-7f15214b4000 ---p 00007000 08:01 4981562                    /lib/x86_64-linux-gnu/librt-2.24.so
7f15214b4000-7f15214b5000 r--p 00006000 08:01 4981562                    /lib/x86_64-linux-gnu/librt-2.24.so
7f15214b5000-7f15214b6000 rw-p 00007000 08:01 4981562                    /lib/x86_64-linux-gnu/librt-2.24.so
7f15214b6000-7f15215b9000 r-xp 00000000 08:01 4981532                    /lib/x86_64-linux-gnu/libm-2.24.so
7f15215b9000-7f15217b8000 ---p 00103000 08:01 4981532                    /lib/x86_64-linux-gnu/libm-2.24.so
7f15217b8000-7f15217b9000 r--p 00102000 08:01 4981532                    /lib/x86_64-linux-gnu/libm-2.24.so
7f15217b9000-7f15217ba000 rw-p 00103000 08:01 4981532                    /lib/x86_64-linux-gnu/libm-2.24.so
7f15217ba000-7f1522485000 r-xp 00000000 08:01 12716327                   /opt/java/jdk1.8.0_101/jre/lib/amd64/server/libjvm.so
7f1522485000-7f1522684000 ---p 00ccb000 08:01 12716327                   /opt/java/jdk1.8.0_101/jre/lib/amd64/server/libjvm.so
7f1522684000-7f152275d000 rw-p 00cca000 08:01 12716327                   /opt/java/jdk1.8.0_101/jre/lib/amd64/server/libjvm.so
7f152275d000-7f15227a8000 rw-p 00000000 00:00 0 
7f15227a8000-7f152293d000 r-xp 00000000 08:01 4981526                    /lib/x86_64-linux-gnu/libc-2.24.so
7f152293d000-7f1522b3c000 ---p 00195000 08:01 4981526                    /lib/x86_64-linux-gnu/libc-2.24.so
7f1522b3c000-7f1522b40000 r--p 00194000 08:01 4981526                    /lib/x86_64-linux-gnu/libc-2.24.so
7f1522b40000-7f1522b42000 rw-p 00198000 08:01 4981526                    /lib/x86_64-linux-gnu/libc-2.24.so
7f1522b42000-7f1522b46000 rw-p 00000000 00:00 0 
7f1522b46000-7f1522b48000 r-xp 00000000 08:01 4981529                    /lib/x86_64-linux-gnu/libdl-2.24.so
7f1522b48000-7f1522d48000 ---p 00002000 08:01 4981529                    /lib/x86_64-linux-gnu/libdl-2.24.so
7f1522d48000-7f1522d49000 r--p 00002000 08:01 4981529                    /lib/x86_64-linux-gnu/libdl-2.24.so
7f1522d49000-7f1522d4a000 rw-p 00003000 08:01 4981529                    /lib/x86_64-linux-gnu/libdl-2.24.so
7f1522d4a000-7f1522d5f000 r-xp 00000000 08:01 12715429                   /opt/java/jdk1.8.0_101/lib/amd64/jli/libjli.so
7f1522d5f000-7f1522f5f000 ---p 00015000 08:01 12715429                   /opt/java/jdk1.8.0_101/lib/amd64/jli/libjli.so
7f1522f5f000-7f1522f60000 rw-p 00015000 08:01 12715429                   /opt/java/jdk1.8.0_101/lib/amd64/jli/libjli.so
7f1522f60000-7f1522f78000 r-xp 00000000 08:01 4981560                    /lib/x86_64-linux-gnu/libpthread-2.24.so
7f1522f78000-7f1523177000 ---p 00018000 08:01 4981560                    /lib/x86_64-linux-gnu/libpthread-2.24.so
7f1523177000-7f1523178000 r--p 00017000 08:01 4981560                    /lib/x86_64-linux-gnu/libpthread-2.24.so
7f1523178000-7f1523179000 rw-p 00018000 08:01 4981560                    /lib/x86_64-linux-gnu/libpthread-2.24.so
7f1523179000-7f152317d000 rw-p 00000000 00:00 0 
7f152317d000-7f15231a0000 r-xp 00000000 08:01 4980757                    /lib/x86_64-linux-gnu/ld-2.24.so
7f15231a6000-7f1523278000 rw-p 00000000 00:00 0 
7f1523278000-7f152327b000 ---p 00000000 00:00 0 
7f152327b000-7f152337b000 rw-p 00000000 00:00 0 
7f152337e000-7f1523392000 rw-p 00000000 00:00 0 
7f1523392000-7f152339a000 rw-s 00000000 08:01 12072915                   /tmp/hsperfdata_zhangmingbao/5814
7f152339a000-7f152339b000 rw-p 00000000 00:00 0 
7f152339b000-7f152339c000 ---p 00000000 00:00 0 
7f152339c000-7f152339f000 rw-p 00000000 00:00 0 
7f152339f000-7f15233a0000 r--p 00022000 08:01 4980757                    /lib/x86_64-linux-gnu/ld-2.24.so
7f15233a0000-7f15233a1000 rw-p 00023000 08:01 4980757                    /lib/x86_64-linux-gnu/ld-2.24.so
7f15233a1000-7f15233a2000 rw-p 00000000 00:00 0 
7fff87061000-7fff87082000 rw-p 00000000 00:00 0                          [stack]
7fff87188000-7fff8718a000 r--p 00000000 00:00 0                          [vvar]
7fff8718a000-7fff8718c000 r-xp 00000000 00:00 0                          [vdso]
ffffffffff600000-ffffffffff601000 r-xp 00000000 00:00 0                  [vsyscall]

VM Arguments:
jvm_args: -Djava.awt.headless=true -Xmx1024M -Dfile.encoding=UTF-8 -Duser.country=CN -Duser.language=zh -Duser.variant -Dawt.useSystemAAFontSettings=gasp 
java_command: com.android.dx.command.Main --dex --force-jumbo --num-threads=4 --multi-dex --output /home/zhangmingbao/Documents/Git/AndroidTrainingPractice/AndroidTrainingPractice/app/build/intermediates/transforms/dex/debug/folders/1000/10/com.android.support-appcompat-v7-25.3.0_fd49259e0b1e41b21f9a76b03ce556320a39dc03 /home/zhangmingbao/Documents/Git/AndroidTrainingPractice/AndroidTrainingPractice/app/build/intermediates/exploded-aar/com.android.support/appcompat-v7/25.3.0/jars/classes.jar
java_class_path (initial): /home/zhangmingbao/Android/Sdk/build-tools/25.0.2/lib/dx.jar
Launcher Type: SUN_STANDARD

Environment Variables:
JAVA_HOME=/opt/java/jdk1.8.0_101
_JAVA_OPTIONS=  -Dawt.useSystemAAFontSettings=gasp
CLASSPATH=/opt/android-studio/bin/../lib/bootstrap.jar:/opt/android-studio/bin/../lib/extensions.jar:/opt/android-studio/bin/../lib/util.jar:/opt/android-studio/bin/../lib/jdom.jar:/opt/android-studio/bin/../lib/log4j.jar:/opt/android-studio/bin/../lib/trove4j.jar:/opt/android-studio/bin/../lib/jna.jar:/opt/java/jdk1.8.0_101/lib/tools.jar
PATH=/home/zhangmingbao/bin:/opt/java/jdk1.8.0_101/bin:/usr/local/bin:/usr/bin:/bin:/usr/local/games:/usr/games:/opt/android-sdk/platform-tools:/opt/android-sdk/tools
LD_LIBRARY_PATH=/opt/android-studio/bin:
SHELL=/bin/bash
DISPLAY=:0

Signal Handlers:
SIGSEGV: [libjvm.so+0xac4790], sa_mask[0]=11111111011111111101111111111110, sa_flags=SA_RESTART|SA_SIGINFO
SIGBUS: [libjvm.so+0xac4790], sa_mask[0]=11111111011111111101111111111110, sa_flags=SA_RESTART|SA_SIGINFO
SIGFPE: [libjvm.so+0x91f140], sa_mask[0]=11111111011111111101111111111110, sa_flags=SA_RESTART|SA_SIGINFO
SIGPIPE: [libjvm.so+0x91f140], sa_mask[0]=11111111011111111101111111111110, sa_flags=SA_RESTART|SA_SIGINFO
SIGXFSZ: [libjvm.so+0x91f140], sa_mask[0]=11111111011111111101111111111110, sa_flags=SA_RESTART|SA_SIGINFO
SIGILL: [libjvm.so+0x91f140], sa_mask[0]=11111111011111111101111111111110, sa_flags=SA_RESTART|SA_SIGINFO
SIGUSR1: SIG_DFL, sa_mask[0]=00000000000000000000000000000000, sa_flags=none
SIGUSR2: [libjvm.so+0x920770], sa_mask[0]=00100000000000000000000000000000, sa_flags=SA_RESTART|SA_SIGINFO
SIGHUP: SIG_IGN, sa_mask[0]=00000000000000000000000000000000, sa_flags=none
SIGINT: [libjvm.so+0x921b70], sa_mask[0]=11111111011111111101111111111110, sa_flags=SA_RESTART|SA_SIGINFO
SIGTERM: [libjvm.so+0x921b70], sa_mask[0]=11111111011111111101111111111110, sa_flags=SA_RESTART|SA_SIGINFO
SIGQUIT: [libjvm.so+0x921b70], sa_mask[0]=11111111011111111101111111111110, sa_flags=SA_RESTART|SA_SIGINFO


---------------  S Y S T E M  ---------------

OS:DISTRIB_ID=Deepin
DISTRIB_RELEASE=15.4
DISTRIB_DESCRIPTION="Deepin 15.4 "
DISTRIB_CODENAME=unstable

uname:Linux 4.9.0-deepin4-amd64 #1 SMP PREEMPT Deepin 4.9.8-4 (2017-04-17) x86_64
libc:glibc 2.24 NPTL 2.24 
rlimit: STACK 8192k, CORE 0k, NPROC 31390, NOFILE 65536, AS infinity
load average:13.21 5.52 3.44

/proc/meminfo:
MemTotal:        8082988 kB
MemFree:          145720 kB
MemAvailable:      76268 kB
Buffers:            1524 kB
Cached:          1244256 kB
SwapCached:            0 kB
Active:          6396188 kB
Inactive:        1197952 kB
Active(anon):    6361864 kB
Inactive(anon):  1164928 kB
Active(file):      34324 kB
Inactive(file):    33024 kB
Unevictable:         208 kB
Mlocked:             208 kB
SwapTotal:             0 kB
SwapFree:              0 kB
Dirty:              7248 kB
Writeback:            52 kB
AnonPages:       6348956 kB
Mapped:           660692 kB
Shmem:           1178080 kB
Slab:             132832 kB
SReclaimable:      71768 kB
SUnreclaim:        61064 kB
KernelStack:       17968 kB
PageTables:        76452 kB
NFS_Unstable:          0 kB
Bounce:                0 kB
WritebackTmp:          0 kB
CommitLimit:     4041492 kB
Committed_AS:   14406816 kB
VmallocTotal:   34359738367 kB
VmallocUsed:           0 kB
VmallocChunk:          0 kB
HardwareCorrupted:     0 kB
AnonHugePages:      4096 kB
ShmemHugePages:        0 kB
ShmemPmdMapped:        0 kB
HugePages_Total:       0
HugePages_Free:        0
HugePages_Rsvd:        0
HugePages_Surp:        0
Hugepagesize:       2048 kB
DirectMap4k:      346432 kB
DirectMap2M:     7946240 kB
DirectMap1G:     1048576 kB


CPU:total 4 (2 cores per cpu, 2 threads per core) family 6 model 61 stepping 4, cmov, cx8, fxsr, mmx, sse, sse2, sse3, ssse3, sse4.1, sse4.2, popcnt, avx, avx2, aes, clmul, erms, rtm, 3dnowpref, lzcnt, ht, tsc, tscinvbit, bmi1, bmi2, adx

/proc/cpuinfo:
processor	: 0
vendor_id	: GenuineIntel
cpu family	: 6
model		: 61
model name	: Intel(R) Core(TM) i5-5300U CPU @ 2.30GHz
stepping	: 4
microcode	: 0x1d
cpu MHz		: 2609.399
cache size	: 3072 KB
physical id	: 0
siblings	: 4
core id		: 0
cpu cores	: 2
apicid		: 0
initial apicid	: 0
fpu		: yes
fpu_exception	: yes
cpuid level	: 20
wp		: yes
flags		: fpu vme de pse tsc msr pae mce cx8 apic sep mtrr pge mca cmov pat pse36 clflush dts acpi mmx fxsr sse sse2 ss ht tm pbe syscall nx pdpe1gb rdtscp lm constant_tsc arch_perfmon pebs bts rep_good nopl xtopology nonstop_tsc aperfmperf eagerfpu pni pclmulqdq dtes64 monitor ds_cpl vmx smx est tm2 ssse3 sdbg fma cx16 xtpr pdcm pcid sse4_1 sse4_2 x2apic movbe popcnt tsc_deadline_timer aes xsave avx f16c rdrand lahf_lm abm 3dnowprefetch epb intel_pt tpr_shadow vnmi flexpriority ept vpid fsgsbase tsc_adjust bmi1 hle avx2 smep bmi2 erms invpcid rtm rdseed adx smap xsaveopt dtherm ida arat pln pts
bugs		:
bogomips	: 4589.83
clflush size	: 64
cache_alignment	: 64
address sizes	: 39 bits physical, 48 bits virtual
power management:

processor	: 1
vendor_id	: GenuineIntel
cpu family	: 6
model		: 61
model name	: Intel(R) Core(TM) i5-5300U CPU @ 2.30GHz
stepping	: 4
microcode	: 0x1d
cpu MHz		: 2590.447
cache size	: 3072 KB
physical id	: 0
siblings	: 4
core id		: 0
cpu cores	: 2
apicid		: 1
initial apicid	: 1
fpu		: yes
fpu_exception	: yes
cpuid level	: 20
wp		: yes
flags		: fpu vme de pse tsc msr pae mce cx8 apic sep mtrr pge mca cmov pat pse36 clflush dts acpi mmx fxsr sse sse2 ss ht tm pbe syscall nx pdpe1gb rdtscp lm constant_tsc arch_perfmon pebs bts rep_good nopl xtopology nonstop_tsc aperfmperf eagerfpu pni pclmulqdq dtes64 monitor ds_cpl vmx smx est tm2 ssse3 sdbg fma cx16 xtpr pdcm pcid sse4_1 sse4_2 x2apic movbe popcnt tsc_deadline_timer aes xsave avx f16c rdrand lahf_lm abm 3dnowprefetch epb intel_pt tpr_shadow vnmi flexpriority ept vpid fsgsbase tsc_adjust bmi1 hle avx2 smep bmi2 erms invpcid rtm rdseed adx smap xsaveopt dtherm ida arat pln pts
bugs		:
bogomips	: 4589.83
clflush size	: 64
cache_alignment	: 64
address sizes	: 39 bits physical, 48 bits virtual
power management:

processor	: 2
vendor_id	: GenuineIntel
cpu family	: 6
model		: 61
model name	: Intel(R) Core(TM) i5-5300U CPU @ 2.30GHz
stepping	: 4
microcode	: 0x1d
cpu MHz		: 2591.851
cache size	: 3072 KB
physical id	: 0
siblings	: 4
core id		: 1
cpu cores	: 2
apicid		: 2
initial apicid	: 2
fpu		: yes
fpu_exception	: yes
cpuid level	: 20
wp		: yes
flags		: fpu vme de pse tsc msr pae mce cx8 apic sep mtrr pge mca cmov pat pse36 clflush dts acpi mmx fxsr sse sse2 ss ht tm pbe syscall nx pdpe1gb rdtscp lm constant_tsc arch_perfmon pebs bts rep_good nopl xtopology nonstop_tsc aperfmperf eagerfpu pni pclmulqdq dtes64 monitor ds_cpl vmx smx est tm2 ssse3 sdbg fma cx16 xtpr pdcm pcid sse4_1 sse4_2 x2apic movbe popcnt tsc_deadline_timer aes xsave avx f16c rdrand lahf_lm abm 3dnowprefetch epb intel_pt tpr_shadow vnmi flexpriority ept vpid fsgsbase tsc_adjust bmi1 hle avx2 smep bmi2 erms invpcid rtm rdseed adx smap xsaveopt dtherm ida arat pln pts
bugs		:
bogomips	: 4589.83
clflush size	: 64
cache_alignment	: 64
address sizes	: 39 bits physical, 48 bits virtual
power management:

processor	: 3
vendor_id	: GenuineIntel
cpu family	: 6
model		: 61
model name	: Intel(R) Core(TM) i5-5300U CPU @ 2.30GHz
stepping	: 4
microcode	: 0x1d
cpu MHz		: 2608.276
cache size	: 3072 KB
physical id	: 0
siblings	: 4
core id		: 1
cpu cores	: 2
apicid		: 3
initial apicid	: 3
fpu		: yes
fpu_exception	: yes
cpuid level	: 20
wp		: yes
flags		: fpu vme de pse tsc msr pae mce cx8 apic sep mtrr pge mca cmov pat pse36 clflush dts acpi mmx fxsr sse sse2 ss ht tm pbe syscall nx pdpe1gb rdtscp lm constant_tsc arch_perfmon pebs bts rep_good nopl xtopology nonstop_tsc aperfmperf eagerfpu pni pclmulqdq dtes64 monitor ds_cpl vmx smx est tm2 ssse3 sdbg fma cx16 xtpr pdcm pcid sse4_1 sse4_2 x2apic movbe popcnt tsc_deadline_timer aes xsave avx f16c rdrand lahf_lm abm 3dnowprefetch epb intel_pt tpr_shadow vnmi flexpriority ept vpid fsgsbase tsc_adjust bmi1 hle avx2 smep bmi2 erms invpcid rtm rdseed adx smap xsaveopt dtherm ida arat pln pts
bugs		:
bogomips	: 4589.83
clflush size	: 64
cache_alignment	: 64
address sizes	: 39 bits physical, 48 bits virtual
power management:



Memory: 4k page, physical 8082988k(145720k free), swap 0k(0k free)

vm_info: Java HotSpot(TM) 64-Bit Server VM (25.101-b13) for linux-amd64 JRE (1.8.0_101-b13), built on Jun 22 2016 02:59:44 by "java_re" with gcc 4.3.0 20080428 (Red Hat 4.3.0-8)

time: Thu Jul 27 17:21:27 2017
elapsed time: 12 seconds (0d 0h 0m 12s)

