#
# There is insufficient memory for the Java Runtime Environment to continue.
# Native memory allocation (mmap) failed to map 170917888 bytes for committing reserved memory.
# Possible reasons:
#   The system is out of physical RAM or swap space
#   In 32 bit mode, the process size limit was hit
# Possible solutions:
#   Reduce memory load on the system
#   Increase physical memory or swap space
#   Check if swap backing store is full
#   Use 64 bit Java on a 64 bit OS
#   Decrease Java heap size (-Xmx/-Xms)
#   Decrease number of Java threads
#   Decrease Java thread stack sizes (-Xss)
#   Set larger code cache with -XX:ReservedCodeCacheSize=
# This output file may be truncated or incomplete.
#
#  Out of Memory Error (os_linux.cpp:2627), pid=12921, tid=0x00007f4064902700
#
# JRE version: Java(TM) SE Runtime Environment (8.0_101-b13) (build 1.8.0_101-b13)
# Java VM: Java HotSpot(TM) 64-Bit Server VM (25.101-b13 mixed mode linux-amd64 compressed oops)
# Failed to write core dump. Core dumps have been disabled. To enable core dumping, try "ulimit -c unlimited" before starting Java again
#

---------------  T H R E A D  ---------------

Current thread (0x00007f4078078000):  VMThread [stack: 0x00007f4064802000,0x00007f4064903000] [id=12930]

Stack: [0x00007f4064802000,0x00007f4064903000],  sp=0x00007f40649010a0,  free space=1020k
Native frames: (J=compiled Java code, j=interpreted, Vv=VM code, C=native code)
V  [libjvm.so+0xac3f0a]  VMError::report_and_die()+0x2ba
V  [libjvm.so+0x4fbf9b]  report_vm_out_of_memory(char const*, int, unsigned long, VMErrorType, char const*)+0x8b
V  [libjvm.so+0x9222d3]  os::Linux::commit_memory_impl(char*, unsigned long, bool)+0x103
V  [libjvm.so+0x922829]  os::pd_commit_memory(char*, unsigned long, unsigned long, bool)+0x29
V  [libjvm.so+0x91cb2a]  os::commit_memory(char*, unsigned long, unsigned long, bool)+0x2a
V  [libjvm.so+0x991053]  PSVirtualSpace::expand_by(unsigned long)+0x53
V  [libjvm.so+0x992458]  PSYoungGen::resize_generation(unsigned long, unsigned long)+0xf8
V  [libjvm.so+0x9915b2]  PSYoungGen::resize(unsigned long, unsigned long)+0x22
V  [libjvm.so+0x98e88b]  PSScavenge::invoke_no_policy()+0xf3b
V  [libjvm.so+0x98f011]  PSScavenge::invoke()+0x41
V  [libjvm.so+0x945fc0]  ParallelScavengeHeap::failed_mem_allocate(unsigned long)+0x70
V  [libjvm.so+0xac5927]  VM_ParallelGCFailedAllocation::doit()+0x97
V  [libjvm.so+0xacd405]  VM_Operation::evaluate()+0x55
V  [libjvm.so+0xacb7da]  VMThread::evaluate_operation(VM_Operation*)+0xba
V  [libjvm.so+0xacbb5e]  VMThread::loop()+0x1ce
V  [libjvm.so+0xacbfd0]  VMThread::run()+0x70
V  [libjvm.so+0x924698]  java_start(Thread*)+0x108

VM_Operation (0x00007f40477f5cb0): ParallelGCFailedAllocation, mode: safepoint, requested by thread 0x00007f40781a4000


---------------  P R O C E S S  ---------------

Java Threads: ( => current thread )
  0x00007f40781a4000 JavaThread "pool-1-thread-4" [_thread_blocked, id=12948, stack(0x00007f40476f7000,0x00007f40477f8000)]
  0x00007f40781a2800 JavaThread "pool-1-thread-3" [_thread_blocked, id=12947, stack(0x00007f40477f8000,0x00007f40478f9000)]
  0x00007f40781a1800 JavaThread "pool-1-thread-2" [_thread_blocked, id=12946, stack(0x00007f40478f9000,0x00007f40479fa000)]
  0x00007f407819f800 JavaThread "pool-2-thread-1" [_thread_blocked, id=12945, stack(0x00007f40479fa000,0x00007f4047afb000)]
  0x00007f407819d000 JavaThread "pool-1-thread-1" [_thread_blocked, id=12944, stack(0x00007f4047afb000,0x00007f4047bfc000)]
  0x00007f40780d2000 JavaThread "Service Thread" daemon [_thread_blocked, id=12937, stack(0x00007f4047cfd000,0x00007f4047dfe000)]
  0x00007f40780bd000 JavaThread "C1 CompilerThread2" daemon [_thread_blocked, id=12936, stack(0x00007f4047dfe000,0x00007f4047eff000)]
  0x00007f40780bb800 JavaThread "C2 CompilerThread1" daemon [_thread_blocked, id=12935, stack(0x00007f4047eff000,0x00007f4048000000)]
  0x00007f40780b8800 JavaThread "C2 CompilerThread0" daemon [_thread_blocked, id=12934, stack(0x00007f40640b4000,0x00007f40641b5000)]
  0x00007f40780b7000 JavaThread "Signal Dispatcher" daemon [_thread_blocked, id=12933, stack(0x00007f40641b5000,0x00007f40642b6000)]
  0x00007f4078084000 JavaThread "Finalizer" daemon [_thread_blocked, id=12932, stack(0x00007f4064600000,0x00007f4064701000)]
  0x00007f407807f800 JavaThread "Reference Handler" daemon [_thread_blocked, id=12931, stack(0x00007f4064701000,0x00007f4064802000)]
  0x00007f407800a000 JavaThread "main" [_thread_blocked, id=12925, stack(0x00007f407ee83000,0x00007f407ef84000)]

Other Threads:
=>0x00007f4078078000 VMThread [stack: 0x00007f4064802000,0x00007f4064903000] [id=12930]
  0x00007f40780d5000 WatcherThread [stack: 0x00007f4047bfc000,0x00007f4047cfd000] [id=12938]

VM state:at safepoint (normal execution)

VM Mutex/Monitor currently owned by a thread:  ([mutex/lock_event])
[0x00007f4078006780] Threads_lock - owner thread: 0x00007f4078078000
[0x00007f4078006c80] Heap_lock - owner thread: 0x00007f40781a4000

Heap:
 PSYoungGen      total 132096K, used 5093K [0x00000000eab00000, 0x00000000f3100000, 0x0000000100000000)
  eden space 126976K, 0% used [0x00000000eab00000,0x00000000eab00000,0x00000000f2700000)
  from space 5120K, 99% used [0x00000000f2700000,0x00000000f2bf95d8,0x00000000f2c00000)
  to   space 5120K, 0% used [0x00000000f2c00000,0x00000000f2c00000,0x00000000f3100000)
 ParOldGen       total 84992K, used 41359K [0x00000000c0000000, 0x00000000c5300000, 0x00000000eab00000)
  object space 84992K, 48% used [0x00000000c0000000,0x00000000c2863cb8,0x00000000c5300000)
 Metaspace       used 6085K, capacity 7088K, committed 7296K, reserved 1056768K
  class space    used 600K, capacity 616K, committed 640K, reserved 1048576K

Card table byte_map: [0x00007f4068a3f000,0x00007f4068c40000] byte_map_base: 0x00007f406843f000

Marking Bits: (ParMarkBitMap*) 0x00007f407e385120
 Begin Bits: [0x00007f40664e5000, 0x00007f40674e5000)
 End Bits:   [0x00007f40674e5000, 0x00007f40684e5000)

Polling page: 0x00007f407efa6000

CodeCache: size=245760Kb used=6038Kb max_used=6038Kb free=239721Kb
 bounds [0x00007f4069000000, 0x00007f40695f0000, 0x00007f4078000000]
 total_blobs=1828 nmethods=1566 adapters=176
 compilation: enabled

Compilation events (10 events):
Event: 10.150 Thread 0x00007f40780bd000 nmethod 1983 0x00007f40695e92d0 code [0x00007f40695e9440, 0x00007f40695e9648]
Event: 10.150 Thread 0x00007f40780bd000 1941       2       com.android.dx.ssa.Optimizer::optimize (15 bytes)
Event: 10.151 Thread 0x00007f40780bd000 nmethod 1941 0x00007f40695e9750 code [0x00007f40695e98e0, 0x00007f40695e9ac8]
Event: 10.151 Thread 0x00007f40780bd000 1944       2       java.util.EnumSet::allOf (11 bytes)
Event: 10.151 Thread 0x00007f40780bd000 nmethod 1944 0x00007f40695e9c10 code [0x00007f40695e9d80, 0x00007f40695e9ef8]
Event: 10.151 Thread 0x00007f40780bd000 1954       2       com.android.dx.ssa.Optimizer::optimize (67 bytes)
Event: 10.156 Thread 0x00007f40780bd000 nmethod 1954 0x00007f40695e9f90 code [0x00007f40695ea140, 0x00007f40695ea538]
Event: 10.156 Thread 0x00007f40780bd000 1267       1       com.android.dx.rop.code.DexTranslationAdvice::getMaxOptimalRegisterCount (3 bytes)
Event: 10.156 Thread 0x00007f40780bd000 nmethod 1267 0x00007f40695ea850 code [0x00007f40695ea9a0, 0x00007f40695eaab0]
Event: 10.156 Thread 0x00007f40780bd000 1912       2       com.android.dx.dex.code.OutputFinisher::<init> (48 bytes)

GC Heap History (9 events):
Event: 3.044 GC heap before
{Heap before GC invocations=1 (full 0):
 PSYoungGen      total 36864K, used 31744K [0x00000000eab00000, 0x00000000ed400000, 0x0000000100000000)
  eden space 31744K, 100% used [0x00000000eab00000,0x00000000eca00000,0x00000000eca00000)
  from space 5120K, 0% used [0x00000000ecf00000,0x00000000ecf00000,0x00000000ed400000)
  to   space 5120K, 0% used [0x00000000eca00000,0x00000000eca00000,0x00000000ecf00000)
 ParOldGen       total 84992K, used 0K [0x00000000c0000000, 0x00000000c5300000, 0x00000000eab00000)
  object space 84992K, 0% used [0x00000000c0000000,0x00000000c0000000,0x00000000c5300000)
 Metaspace       used 5650K, capacity 6768K, committed 7040K, reserved 1056768K
  class space    used 579K, capacity 616K, committed 640K, reserved 1048576K
Event: 3.088 GC heap after
Heap after GC invocations=1 (full 0):
 PSYoungGen      total 36864K, used 5092K [0x00000000eab00000, 0x00000000ef300000, 0x0000000100000000)
  eden space 31744K, 0% used [0x00000000eab00000,0x00000000eab00000,0x00000000eca00000)
  from space 5120K, 99% used [0x00000000eca00000,0x00000000ecef9290,0x00000000ecf00000)
  to   space 5120K, 0% used [0x00000000eee00000,0x00000000eee00000,0x00000000ef300000)
 ParOldGen       total 84992K, used 995K [0x00000000c0000000, 0x00000000c5300000, 0x00000000eab00000)
  object space 84992K, 1% used [0x00000000c0000000,0x00000000c00f8ef0,0x00000000c5300000)
 Metaspace       used 5650K, capacity 6768K, committed 7040K, reserved 1056768K
  class space    used 579K, capacity 616K, committed 640K, reserved 1048576K
}
Event: 4.362 GC heap before
{Heap before GC invocations=2 (full 0):
 PSYoungGen      total 36864K, used 36836K [0x00000000eab00000, 0x00000000ef300000, 0x0000000100000000)
  eden space 31744K, 100% used [0x00000000eab00000,0x00000000eca00000,0x00000000eca00000)
  from space 5120K, 99% used [0x00000000eca00000,0x00000000ecef9290,0x00000000ecf00000)
  to   space 5120K, 0% used [0x00000000eee00000,0x00000000eee00000,0x00000000ef300000)
 ParOldGen       total 84992K, used 995K [0x00000000c0000000, 0x00000000c5300000, 0x00000000eab00000)
  object space 84992K, 1% used [0x00000000c0000000,0x00000000c00f8ef0,0x00000000c5300000)
 Metaspace       used 5703K, capacity 6832K, committed 7040K, reserved 1056768K
  class space    used 580K, capacity 616K, committed 640K, reserved 1048576K
Event: 4.433 GC heap after
Heap after GC invocations=2 (full 0):
 PSYoungGen      total 68608K, used 5106K [0x00000000eab00000, 0x00000000ef300000, 0x0000000100000000)
  eden space 63488K, 0% used [0x00000000eab00000,0x00000000eab00000,0x00000000ee900000)
  from space 5120K, 99% used [0x00000000eee00000,0x00000000ef2fc8f0,0x00000000ef300000)
  to   space 5120K, 0% used [0x00000000ee900000,0x00000000ee900000,0x00000000eee00000)
 ParOldGen       total 84992K, used 5065K [0x00000000c0000000, 0x00000000c5300000, 0x00000000eab00000)
  object space 84992K, 5% used [0x00000000c0000000,0x00000000c04f24d0,0x00000000c5300000)
 Metaspace       used 5703K, capacity 6832K, committed 7040K, reserved 1056768K
  class space    used 580K, capacity 616K, committed 640K, reserved 1048576K
}
Event: 6.160 GC heap before
{Heap before GC invocations=3 (full 0):
 PSYoungGen      total 68608K, used 68594K [0x00000000eab00000, 0x00000000ef300000, 0x0000000100000000)
  eden space 63488K, 100% used [0x00000000eab00000,0x00000000ee900000,0x00000000ee900000)
  from space 5120K, 99% used [0x00000000eee00000,0x00000000ef2fc8f0,0x00000000ef300000)
  to   space 5120K, 0% used [0x00000000ee900000,0x00000000ee900000,0x00000000eee00000)
 ParOldGen       total 84992K, used 5065K [0x00000000c0000000, 0x00000000c5300000, 0x00000000eab00000)
  object space 84992K, 5% used [0x00000000c0000000,0x00000000c04f24d0,0x00000000c5300000)
 Metaspace       used 5798K, capacity 6896K, committed 7040K, reserved 1056768K
  class space    used 580K, capacity 616K, committed 640K, reserved 1048576K
Event: 6.268 GC heap after
Heap after GC invocations=3 (full 0):
 PSYoungGen      total 68608K, used 5108K [0x00000000eab00000, 0x00000000f3100000, 0x0000000100000000)
  eden space 63488K, 0% used [0x00000000eab00000,0x00000000eab00000,0x00000000ee900000)
  from space 5120K, 99% used [0x00000000ee900000,0x00000000eedfd280,0x00000000eee00000)
  to   space 5120K, 0% used [0x00000000f2c00000,0x00000000f2c00000,0x00000000f3100000)
 ParOldGen       total 84992K, used 13733K [0x00000000c0000000, 0x00000000c5300000, 0x00000000eab00000)
  object space 84992K, 16% used [0x00000000c0000000,0x00000000c0d69410,0x00000000c5300000)
 Metaspace       used 5798K, capacity 6896K, committed 7040K, reserved 1056768K
  class space    used 580K, capacity 616K, committed 640K, reserved 1048576K
}
Event: 7.766 GC heap before
{Heap before GC invocations=4 (full 0):
 PSYoungGen      total 68608K, used 68596K [0x00000000eab00000, 0x00000000f3100000, 0x0000000100000000)
  eden space 63488K, 100% used [0x00000000eab00000,0x00000000ee900000,0x00000000ee900000)
  from space 5120K, 99% used [0x00000000ee900000,0x00000000eedfd280,0x00000000eee00000)
  to   space 5120K, 0% used [0x00000000f2c00000,0x00000000f2c00000,0x00000000f3100000)
 ParOldGen       total 84992K, used 13733K [0x00000000c0000000, 0x00000000c5300000, 0x00000000eab00000)
  object space 84992K, 16% used [0x00000000c0000000,0x00000000c0d69410,0x00000000c5300000)
 Metaspace       used 5859K, capacity 6960K, committed 7040K, reserved 1056768K
  class space    used 581K, capacity 616K, committed 640K, reserved 1048576K
Event: 7.967 GC heap after
Heap after GC invocations=4 (full 0):
 PSYoungGen      total 132096K, used 5090K [0x00000000eab00000, 0x00000000f3100000, 0x0000000100000000)
  eden space 126976K, 0% used [0x00000000eab00000,0x00000000eab00000,0x00000000f2700000)
  from space 5120K, 99% used [0x00000000f2c00000,0x00000000f30f8ba8,0x00000000f3100000)
  to   space 5120K, 0% used [0x00000000f2700000,0x00000000f2700000,0x00000000f2c00000)
 ParOldGen       total 84992K, used 22919K [0x00000000c0000000, 0x00000000c5300000, 0x00000000eab00000)
  object space 84992K, 26% used [0x00000000c0000000,0x00000000c1661fd8,0x00000000c5300000)
 Metaspace       used 5859K, capacity 6960K, committed 7040K, reserved 1056768K
  class space    used 581K, capacity 616K, committed 640K, reserved 1048576K
}
Event: 10.170 GC heap before
{Heap before GC invocations=5 (full 0):
 PSYoungGen      total 132096K, used 132066K [0x00000000eab00000, 0x00000000f3100000, 0x0000000100000000)
  eden space 126976K, 100% used [0x00000000eab00000,0x00000000f2700000,0x00000000f2700000)
  from space 5120K, 99% used [0x00000000f2c00000,0x00000000f30f8ba8,0x00000000f3100000)
  to   space 5120K, 0% used [0x00000000f2700000,0x00000000f2700000,0x00000000f2c00000)
 ParOldGen       total 84992K, used 22919K [0x00000000c0000000, 0x00000000c5300000, 0x00000000eab00000)
  object space 84992K, 26% used [0x00000000c0000000,0x00000000c1661fd8,0x00000000c5300000)
 Metaspace       used 6085K, capacity 7088K, committed 7296K, reserved 1056768K
  class space    used 600K, capacity 616K, committed 640K, reserved 1048576K

Deoptimization events (10 events):
Event: 3.516 Thread 0x00007f407819d000 Uncommon trap: reason=bimorphic action=maybe_recompile pc=0x00007f406921e214 method=java.util.HashMap.getNode(ILjava/lang/Object;)Ljava/util/HashMap$Node; @ 126
Event: 3.704 Thread 0x00007f40781a1800 Uncommon trap: reason=null_check action=make_not_entrant pc=0x00007f40692b4c3c method=com.android.dx.ssa.SsaRenamer.getLocalForNewReg(I)Lcom/android/dx/rop/code/LocalItem; @ 19
Event: 3.832 Thread 0x00007f407800a000 Uncommon trap: reason=unstable_if action=reinterpret pc=0x00007f40691af328 method=java.lang.String.<init>([CII)V @ 18
Event: 4.115 Thread 0x00007f407819d000 Uncommon trap: reason=unstable_if action=reinterpret pc=0x00007f4069228adc method=com.android.dx.rop.cst.Constant.compareTo(Lcom/android/dx/rop/cst/Constant;)I @ 12
Event: 4.915 Thread 0x00007f40781a4000 Uncommon trap: reason=bimorphic action=maybe_recompile pc=0x00007f406921e214 method=java.util.HashMap.getNode(ILjava/lang/Object;)Ljava/util/HashMap$Node; @ 126
Event: 4.932 Thread 0x00007f40781a2800 Uncommon trap: reason=bimorphic action=maybe_recompile pc=0x00007f406921e214 method=java.util.HashMap.getNode(ILjava/lang/Object;)Ljava/util/HashMap$Node; @ 126
Event: 4.932 Thread 0x00007f40781a2800 Uncommon trap: reason=bimorphic action=maybe_recompile pc=0x00007f4069238ad8 method=java.util.HashMap.getNode(ILjava/lang/Object;)Ljava/util/HashMap$Node; @ 126
Event: 8.203 Thread 0x00007f40781a1800 Uncommon trap: reason=unstable_if action=reinterpret pc=0x00007f40692c9e8c method=java.util.HashMap.putVal(ILjava/lang/Object;Ljava/lang/Object;ZZ)Ljava/lang/Object; @ 162
Event: 8.227 Thread 0x00007f40781a1800 Uncommon trap: reason=unstable_if action=reinterpret pc=0x00007f40693cb2ec method=java.util.HashMap.getNode(ILjava/lang/Object;)Ljava/util/HashMap$Node; @ 84
Event: 9.552 Thread 0x00007f40781a2800 Uncommon trap: reason=unstable_if action=reinterpret pc=0x00007f4069417fc8 method=com.android.dx.dex.code.OutputFinisher.hasLocalInfo(Lcom/android/dx/dex/code/DalvInsn;)Z @ 24

Internal exceptions (7 events):
Event: 0.108 Thread 0x00007f407800a000 Exception <a 'java/lang/NoSuchMethodError': Method sun.misc.Unsafe.defineClass(Ljava/lang/String;[BII)Ljava/lang/Class; name or signature does not match> (0x00000000eab07cc0) thrown at [/HUDSON3/workspace/8-2-build-linux-amd64/jdk8u101/7261/hotspot/src/sh
Event: 0.108 Thread 0x00007f407800a000 Exception <a 'java/lang/NoSuchMethodError': Method sun.misc.Unsafe.prefetchRead(Ljava/lang/Object;J)V name or signature does not match> (0x00000000eab07fa8) thrown at [/HUDSON3/workspace/8-2-build-linux-amd64/jdk8u101/7261/hotspot/src/share/vm/prims/jni.c
Event: 2.992 Thread 0x00007f407819d000 Implicit null exception at 0x00007f4069265222 to 0x00007f406926531b
Event: 3.704 Thread 0x00007f40781a1800 Implicit null exception at 0x00007f40692b2834 to 0x00007f40692b4bf5
Event: 8.213 Thread 0x00007f40781a1800 Exception <a 'java/lang/ArrayIndexOutOfBoundsException': 18> (0x00000000eb92c3a0) thrown at [/HUDSON3/workspace/8-2-build-linux-amd64/jdk8u101/7261/hotspot/src/share/vm/interpreter/interpreterRuntime.cpp, line 366]
Event: 8.213 Thread 0x00007f40781a1800 Exception <a 'java/lang/ArrayIndexOutOfBoundsException': 145> (0x00000000eb92df20) thrown at [/HUDSON3/workspace/8-2-build-linux-amd64/jdk8u101/7261/hotspot/src/share/vm/interpreter/interpreterRuntime.cpp, line 366]
Event: 8.215 Thread 0x00007f40781a1800 Exception <a 'java/lang/ArrayIndexOutOfBoundsException': 40> (0x00000000eb92f208) thrown at [/HUDSON3/workspace/8-2-build-linux-amd64/jdk8u101/7261/hotspot/src/share/vm/interpreter/interpreterRuntime.cpp, line 366]

Events (10 events):
Event: 9.920 Thread 0x00007f40781a4000 DEOPT UNPACKING pc=0x00007f4069047633 sp=0x00007f40477f5e80 mode 0
Event: 9.967 Thread 0x00007f40781a1800 DEOPT PACKING pc=0x00007f406930b759 sp=0x00007f40479f7dd0
Event: 9.967 Thread 0x00007f40781a1800 DEOPT UNPACKING pc=0x00007f4069047633 sp=0x00007f40479f7b08 mode 0
Event: 10.018 Thread 0x00007f40781a2800 DEOPT PACKING pc=0x00007f406929e738 sp=0x00007f40478f6fb0
Event: 10.018 Thread 0x00007f40781a2800 DEOPT UNPACKING pc=0x00007f4069047633 sp=0x00007f40478f6db0 mode 0
Event: 10.061 Thread 0x00007f40781a2800 DEOPT PACKING pc=0x00007f406937da2c sp=0x00007f40478f7150
Event: 10.061 Thread 0x00007f40781a2800 DEOPT UNPACKING pc=0x00007f4069047633 sp=0x00007f40478f6e60 mode 0
Event: 10.130 Thread 0x00007f407800a000 DEOPT PACKING pc=0x00007f406929e738 sp=0x00007f407ef817c0
Event: 10.130 Thread 0x00007f407800a000 DEOPT UNPACKING pc=0x00007f4069047633 sp=0x00007f407ef815c0 mode 0
Event: 10.158 Executing VM operation: ParallelGCFailedAllocation


Dynamic libraries:
00400000-00401000 r-xp 00000000 08:01 12716194                           /opt/java/jdk1.8.0_101/bin/java
00600000-00601000 rw-p 00000000 08:01 12716194                           /opt/java/jdk1.8.0_101/bin/java
00851000-00872000 rw-p 00000000 00:00 0                                  [heap]
c0000000-c5300000 rw-p 00000000 00:00 0 
c5300000-eab00000 ---p 00000000 00:00 0 
eab00000-f3100000 rw-p 00000000 00:00 0 
fd400000-100000000 ---p 00000000 00:00 0 
100000000-1000a0000 rw-p 00000000 00:00 0 
1000a0000-140000000 ---p 00000000 00:00 0 
7f4014000000-7f4014021000 rw-p 00000000 00:00 0 
7f4014021000-7f4018000000 ---p 00000000 00:00 0 
7f401c000000-7f401c03a000 rw-p 00000000 00:00 0 
7f401c03a000-7f4020000000 ---p 00000000 00:00 0 
7f4020000000-7f4020021000 rw-p 00000000 00:00 0 
7f4020021000-7f4024000000 ---p 00000000 00:00 0 
7f4024000000-7f4024022000 rw-p 00000000 00:00 0 
7f4024022000-7f4028000000 ---p 00000000 00:00 0 
7f4028000000-7f4028021000 rw-p 00000000 00:00 0 
7f4028021000-7f402c000000 ---p 00000000 00:00 0 
7f402c000000-7f402c021000 rw-p 00000000 00:00 0 
7f402c021000-7f4030000000 ---p 00000000 00:00 0 
7f4030000000-7f4030021000 rw-p 00000000 00:00 0 
7f4030021000-7f4034000000 ---p 00000000 00:00 0 
7f4034000000-7f40345ac000 rw-p 00000000 00:00 0 
7f40345ac000-7f4038000000 ---p 00000000 00:00 0 
7f4038000000-7f4038674000 rw-p 00000000 00:00 0 
7f4038674000-7f403c000000 ---p 00000000 00:00 0 
7f403c000000-7f403c523000 rw-p 00000000 00:00 0 
7f403c523000-7f4040000000 ---p 00000000 00:00 0 
7f4040000000-7f4040021000 rw-p 00000000 00:00 0 
7f4040021000-7f4044000000 ---p 00000000 00:00 0 
7f40476f7000-7f40476fa000 ---p 00000000 00:00 0 
7f40476fa000-7f40477f8000 rw-p 00000000 00:00 0 
7f40477f8000-7f40477fb000 ---p 00000000 00:00 0 
7f40477fb000-7f40478f9000 rw-p 00000000 00:00 0 
7f40478f9000-7f40478fc000 ---p 00000000 00:00 0 
7f40478fc000-7f40479fa000 rw-p 00000000 00:00 0 
7f40479fa000-7f40479fd000 ---p 00000000 00:00 0 
7f40479fd000-7f4047afb000 rw-p 00000000 00:00 0 
7f4047afb000-7f4047afe000 ---p 00000000 00:00 0 
7f4047afe000-7f4047bfc000 rw-p 00000000 00:00 0 
7f4047bfc000-7f4047bfd000 ---p 00000000 00:00 0 
7f4047bfd000-7f4047cfd000 rw-p 00000000 00:00 0 
7f4047cfd000-7f4047d00000 ---p 00000000 00:00 0 
7f4047d00000-7f4047dfe000 rw-p 00000000 00:00 0 
7f4047dfe000-7f4047e01000 ---p 00000000 00:00 0 
7f4047e01000-7f4047eff000 rw-p 00000000 00:00 0 
7f4047eff000-7f4047f02000 ---p 00000000 00:00 0 
7f4047f02000-7f4048000000 rw-p 00000000 00:00 0 
7f4048000000-7f4048021000 rw-p 00000000 00:00 0 
7f4048021000-7f404c000000 ---p 00000000 00:00 0 
7f404c000000-7f404c021000 rw-p 00000000 00:00 0 
7f404c021000-7f4050000000 ---p 00000000 00:00 0 
7f4050000000-7f4050021000 rw-p 00000000 00:00 0 
7f4050021000-7f4054000000 ---p 00000000 00:00 0 
7f4054000000-7f4054291000 rw-p 00000000 00:00 0 
7f4054291000-7f4058000000 ---p 00000000 00:00 0 
7f4058000000-7f4058021000 rw-p 00000000 00:00 0 
7f4058021000-7f405c000000 ---p 00000000 00:00 0 
7f405c000000-7f405c021000 rw-p 00000000 00:00 0 
7f405c021000-7f4060000000 ---p 00000000 00:00 0 
7f4060000000-7f4060021000 rw-p 00000000 00:00 0 
7f4060021000-7f4064000000 ---p 00000000 00:00 0 
7f4064079000-7f406409b000 r--p 00000000 08:01 8258499                    /usr/share/locale/zh_CN/LC_MESSAGES/libc.mo
7f406409b000-7f40640a6000 r--s 0009f000 08:01 393302                     /home/zhangmingbao/Documents/Git/AndroidTrainingPractice/AndroidTrainingPractice/app/build/intermediates/exploded-aar/com.android.support/appcompat-v7/25.3.0/jars/classes.jar
7f40640a6000-7f40640b4000 r--s 000e0000 08:01 11275037                   /home/zhangmingbao/Android/Sdk/build-tools/25.0.2/lib/dx.jar
7f40640b4000-7f40640b7000 ---p 00000000 00:00 0 
7f40640b7000-7f40641b5000 rw-p 00000000 00:00 0 
7f40641b5000-7f40641b8000 ---p 00000000 00:00 0 
7f40641b8000-7f40642b6000 rw-p 00000000 00:00 0 
7f40642b6000-7f4064600000 r--p 00000000 08:01 6819945                    /usr/lib/locale/locale-archive
7f4064600000-7f4064603000 ---p 00000000 00:00 0 
7f4064603000-7f4064701000 rw-p 00000000 00:00 0 
7f4064701000-7f4064704000 ---p 00000000 00:00 0 
7f4064704000-7f4064802000 rw-p 00000000 00:00 0 
7f4064802000-7f4064803000 ---p 00000000 00:00 0 
7f4064803000-7f4065896000 rw-p 00000000 00:00 0 
7f4065896000-7f4065a6f000 r--s 03d29000 08:01 12716268                   /opt/java/jdk1.8.0_101/jre/lib/rt.jar
7f4065a6f000-7f4066165000 rw-p 00000000 00:00 0 
7f4066165000-7f40662e5000 ---p 00000000 00:00 0 
7f40662e5000-7f40684e5000 rw-p 00000000 00:00 0 
7f40684e5000-7f40684e6000 ---p 00000000 00:00 0 
7f40684e6000-7f40685e6000 rw-p 00000000 00:00 0 
7f40685e6000-7f40685e7000 ---p 00000000 00:00 0 
7f40685e7000-7f40686e7000 rw-p 00000000 00:00 0 
7f40686e7000-7f40686e8000 ---p 00000000 00:00 0 
7f40686e8000-7f40687e8000 rw-p 00000000 00:00 0 
7f40687e8000-7f40687e9000 ---p 00000000 00:00 0 
7f40687e9000-7f4068913000 rw-p 00000000 00:00 0 
7f4068913000-7f4068a3f000 ---p 00000000 00:00 0 
7f4068a3f000-7f4068a69000 rw-p 00000000 00:00 0 
7f4068a69000-7f4068b94000 ---p 00000000 00:00 0 
7f4068b94000-7f4068bd8000 rw-p 00000000 00:00 0 
7f4068bd8000-7f4068c3f000 ---p 00000000 00:00 0 
7f4068c3f000-7f4068c58000 rw-p 00000000 00:00 0 
7f4068c58000-7f4069000000 ---p 00000000 00:00 0 
7f4069000000-7f40695f0000 rwxp 00000000 00:00 0 
7f40695f0000-7f4078000000 ---p 00000000 00:00 0 
7f4078000000-7f40783a5000 rw-p 00000000 00:00 0 
7f40783a5000-7f407c000000 ---p 00000000 00:00 0 
7f407c003000-7f407c024000 rw-p 00000000 00:00 0 
7f407c024000-7f407c03e000 r-xp 00000000 08:01 12716297                   /opt/java/jdk1.8.0_101/jre/lib/amd64/libzip.so
7f407c03e000-7f407c23e000 ---p 0001a000 08:01 12716297                   /opt/java/jdk1.8.0_101/jre/lib/amd64/libzip.so
7f407c23e000-7f407c23f000 rw-p 0001a000 08:01 12716297                   /opt/java/jdk1.8.0_101/jre/lib/amd64/libzip.so
7f407c23f000-7f407c249000 r-xp 00000000 08:01 5002737                    /lib/x86_64-linux-gnu/libnss_files-2.24.so
7f407c249000-7f407c449000 ---p 0000a000 08:01 5002737                    /lib/x86_64-linux-gnu/libnss_files-2.24.so
7f407c449000-7f407c44a000 r--p 0000a000 08:01 5002737                    /lib/x86_64-linux-gnu/libnss_files-2.24.so
7f407c44a000-7f407c44b000 rw-p 0000b000 08:01 5002737                    /lib/x86_64-linux-gnu/libnss_files-2.24.so
7f407c44b000-7f407c451000 rw-p 00000000 00:00 0 
7f407c451000-7f407c45c000 r-xp 00000000 08:01 5002739                    /lib/x86_64-linux-gnu/libnss_nis-2.24.so
7f407c45c000-7f407c65b000 ---p 0000b000 08:01 5002739                    /lib/x86_64-linux-gnu/libnss_nis-2.24.so
7f407c65b000-7f407c65c000 r--p 0000a000 08:01 5002739                    /lib/x86_64-linux-gnu/libnss_nis-2.24.so
7f407c65c000-7f407c65d000 rw-p 0000b000 08:01 5002739                    /lib/x86_64-linux-gnu/libnss_nis-2.24.so
7f407c65d000-7f407c671000 r-xp 00000000 08:01 5002734                    /lib/x86_64-linux-gnu/libnsl-2.24.so
7f407c671000-7f407c871000 ---p 00014000 08:01 5002734                    /lib/x86_64-linux-gnu/libnsl-2.24.so
7f407c871000-7f407c872000 r--p 00014000 08:01 5002734                    /lib/x86_64-linux-gnu/libnsl-2.24.so
7f407c872000-7f407c873000 rw-p 00015000 08:01 5002734                    /lib/x86_64-linux-gnu/libnsl-2.24.so
7f407c873000-7f407c875000 rw-p 00000000 00:00 0 
7f407c875000-7f407c87c000 r-xp 00000000 08:01 5002735                    /lib/x86_64-linux-gnu/libnss_compat-2.24.so
7f407c87c000-7f407ca7b000 ---p 00007000 08:01 5002735                    /lib/x86_64-linux-gnu/libnss_compat-2.24.so
7f407ca7b000-7f407ca7c000 r--p 00006000 08:01 5002735                    /lib/x86_64-linux-gnu/libnss_compat-2.24.so
7f407ca7c000-7f407ca7d000 rw-p 00007000 08:01 5002735                    /lib/x86_64-linux-gnu/libnss_compat-2.24.so
7f407ca7d000-7f407caa7000 r-xp 00000000 08:01 12716323                   /opt/java/jdk1.8.0_101/jre/lib/amd64/libjava.so
7f407caa7000-7f407cca7000 ---p 0002a000 08:01 12716323                   /opt/java/jdk1.8.0_101/jre/lib/amd64/libjava.so
7f407cca7000-7f407cca9000 rw-p 0002a000 08:01 12716323                   /opt/java/jdk1.8.0_101/jre/lib/amd64/libjava.so
7f407cca9000-7f407ccb6000 r-xp 00000000 08:01 12716277                   /opt/java/jdk1.8.0_101/jre/lib/amd64/libverify.so
7f407ccb6000-7f407ceb6000 ---p 0000d000 08:01 12716277                   /opt/java/jdk1.8.0_101/jre/lib/amd64/libverify.so
7f407ceb6000-7f407ceb8000 rw-p 0000d000 08:01 12716277                   /opt/java/jdk1.8.0_101/jre/lib/amd64/libverify.so
7f407ceb8000-7f407cebf000 r-xp 00000000 08:01 5002744                    /lib/x86_64-linux-gnu/librt-2.24.so
7f407cebf000-7f407d0be000 ---p 00007000 08:01 5002744                    /lib/x86_64-linux-gnu/librt-2.24.so
7f407d0be000-7f407d0bf000 r--p 00006000 08:01 5002744                    /lib/x86_64-linux-gnu/librt-2.24.so
7f407d0bf000-7f407d0c0000 rw-p 00007000 08:01 5002744                    /lib/x86_64-linux-gnu/librt-2.24.so
7f407d0c0000-7f407d1c3000 r-xp 00000000 08:01 5002731                    /lib/x86_64-linux-gnu/libm-2.24.so
7f407d1c3000-7f407d3c2000 ---p 00103000 08:01 5002731                    /lib/x86_64-linux-gnu/libm-2.24.so
7f407d3c2000-7f407d3c3000 r--p 00102000 08:01 5002731                    /lib/x86_64-linux-gnu/libm-2.24.so
7f407d3c3000-7f407d3c4000 rw-p 00103000 08:01 5002731                    /lib/x86_64-linux-gnu/libm-2.24.so
7f407d3c4000-7f407e08f000 r-xp 00000000 08:01 12716327                   /opt/java/jdk1.8.0_101/jre/lib/amd64/server/libjvm.so
7f407e08f000-7f407e28e000 ---p 00ccb000 08:01 12716327                   /opt/java/jdk1.8.0_101/jre/lib/amd64/server/libjvm.so
7f407e28e000-7f407e367000 rw-p 00cca000 08:01 12716327                   /opt/java/jdk1.8.0_101/jre/lib/amd64/server/libjvm.so
7f407e367000-7f407e3b2000 rw-p 00000000 00:00 0 
7f407e3b2000-7f407e547000 r-xp 00000000 08:01 5002727                    /lib/x86_64-linux-gnu/libc-2.24.so
7f407e547000-7f407e746000 ---p 00195000 08:01 5002727                    /lib/x86_64-linux-gnu/libc-2.24.so
7f407e746000-7f407e74a000 r--p 00194000 08:01 5002727                    /lib/x86_64-linux-gnu/libc-2.24.so
7f407e74a000-7f407e74c000 rw-p 00198000 08:01 5002727                    /lib/x86_64-linux-gnu/libc-2.24.so
7f407e74c000-7f407e750000 rw-p 00000000 00:00 0 
7f407e750000-7f407e752000 r-xp 00000000 08:01 5002730                    /lib/x86_64-linux-gnu/libdl-2.24.so
7f407e752000-7f407e952000 ---p 00002000 08:01 5002730                    /lib/x86_64-linux-gnu/libdl-2.24.so
7f407e952000-7f407e953000 r--p 00002000 08:01 5002730                    /lib/x86_64-linux-gnu/libdl-2.24.so
7f407e953000-7f407e954000 rw-p 00003000 08:01 5002730                    /lib/x86_64-linux-gnu/libdl-2.24.so
7f407e954000-7f407e969000 r-xp 00000000 08:01 12715429                   /opt/java/jdk1.8.0_101/lib/amd64/jli/libjli.so
7f407e969000-7f407eb69000 ---p 00015000 08:01 12715429                   /opt/java/jdk1.8.0_101/lib/amd64/jli/libjli.so
7f407eb69000-7f407eb6a000 rw-p 00015000 08:01 12715429                   /opt/java/jdk1.8.0_101/lib/amd64/jli/libjli.so
7f407eb6a000-7f407eb82000 r-xp 00000000 08:01 5002742                    /lib/x86_64-linux-gnu/libpthread-2.24.so
7f407eb82000-7f407ed81000 ---p 00018000 08:01 5002742                    /lib/x86_64-linux-gnu/libpthread-2.24.so
7f407ed81000-7f407ed82000 r--p 00017000 08:01 5002742                    /lib/x86_64-linux-gnu/libpthread-2.24.so
7f407ed82000-7f407ed83000 rw-p 00018000 08:01 5002742                    /lib/x86_64-linux-gnu/libpthread-2.24.so
7f407ed83000-7f407ed87000 rw-p 00000000 00:00 0 
7f407ed87000-7f407edaa000 r-xp 00000000 08:01 4981546                    /lib/x86_64-linux-gnu/ld-2.24.so
7f407edaa000-7f407edb1000 r--s 00000000 08:01 7091303                    /usr/lib/x86_64-linux-gnu/gconv/gconv-modules.cache
7f407edb1000-7f407ee83000 rw-p 00000000 00:00 0 
7f407ee83000-7f407ee86000 ---p 00000000 00:00 0 
7f407ee86000-7f407ef86000 rw-p 00000000 00:00 0 
7f407ef89000-7f407ef9d000 rw-p 00000000 00:00 0 
7f407ef9d000-7f407efa5000 rw-s 00000000 08:01 12072354                   /tmp/hsperfdata_zhangmingbao/12921
7f407efa5000-7f407efa6000 rw-p 00000000 00:00 0 
7f407efa6000-7f407efa7000 ---p 00000000 00:00 0 
7f407efa7000-7f407efaa000 rw-p 00000000 00:00 0 
7f407efaa000-7f407efab000 r--p 00023000 08:01 4981546                    /lib/x86_64-linux-gnu/ld-2.24.so
7f407efab000-7f407efac000 rw-p 00024000 08:01 4981546                    /lib/x86_64-linux-gnu/ld-2.24.so
7f407efac000-7f407efad000 rw-p 00000000 00:00 0 
7ffe29cb7000-7ffe29cd8000 rw-p 00000000 00:00 0                          [stack]
7ffe29cde000-7ffe29ce0000 r--p 00000000 00:00 0                          [vvar]
7ffe29ce0000-7ffe29ce2000 r-xp 00000000 00:00 0                          [vdso]
ffffffffff600000-ffffffffff601000 r-xp 00000000 00:00 0                  [vsyscall]

VM Arguments:
jvm_args: -Djava.awt.headless=true -Xmx1024M -Dfile.encoding=UTF-8 -Duser.country=CN -Duser.language=zh -Duser.variant -Dawt.useSystemAAFontSettings=gasp 
java_command: com.android.dx.command.Main --dex --num-threads=4 --output /home/zhangmingbao/Documents/Git/AndroidTrainingPractice/AndroidTrainingPractice/app/build/intermediates/pre-dexed/debug/com.android.support-appcompat-v7-25.3.0_fd49259e0b1e41b21f9a76b03ce556320a39dc03.jar /home/zhangmingbao/Documents/Git/AndroidTrainingPractice/AndroidTrainingPractice/app/build/intermediates/exploded-aar/com.android.support/appcompat-v7/25.3.0/jars/classes.jar
java_class_path (initial): /home/zhangmingbao/Android/Sdk/build-tools/25.0.2/lib/dx.jar
Launcher Type: SUN_STANDARD

Environment Variables:
JAVA_HOME=/opt/java/jdk1.8.0_101
_JAVA_OPTIONS=  -Dawt.useSystemAAFontSettings=gasp
CLASSPATH=/opt/android-studio/bin/../lib/bootstrap.jar:/opt/android-studio/bin/../lib/extensions.jar:/opt/android-studio/bin/../lib/util.jar:/opt/android-studio/bin/../lib/jdom.jar:/opt/android-studio/bin/../lib/log4j.jar:/opt/android-studio/bin/../lib/trove4j.jar:/opt/android-studio/bin/../lib/jna.jar:/opt/java/jdk1.8.0_101/lib/tools.jar
PATH=/home/zhangmingbao/bin:/opt/java/jdk1.8.0_101/bin:/usr/local/bin:/usr/bin:/bin:/usr/local/games:/usr/games:/opt/android-sdk/platform-tools:/opt/android-sdk/tools
LD_LIBRARY_PATH=/opt/android-studio/bin:
SHELL=/bin/bash
DISPLAY=:0

Signal Handlers:
SIGSEGV: [libjvm.so+0xac4790], sa_mask[0]=11111111011111111101111111111110, sa_flags=SA_RESTART|SA_SIGINFO
SIGBUS: [libjvm.so+0xac4790], sa_mask[0]=11111111011111111101111111111110, sa_flags=SA_RESTART|SA_SIGINFO
SIGFPE: [libjvm.so+0x91f140], sa_mask[0]=11111111011111111101111111111110, sa_flags=SA_RESTART|SA_SIGINFO
SIGPIPE: [libjvm.so+0x91f140], sa_mask[0]=11111111011111111101111111111110, sa_flags=SA_RESTART|SA_SIGINFO
SIGXFSZ: [libjvm.so+0x91f140], sa_mask[0]=11111111011111111101111111111110, sa_flags=SA_RESTART|SA_SIGINFO
SIGILL: [libjvm.so+0x91f140], sa_mask[0]=11111111011111111101111111111110, sa_flags=SA_RESTART|SA_SIGINFO
SIGUSR1: SIG_DFL, sa_mask[0]=00000000000000000000000000000000, sa_flags=none
SIGUSR2: [libjvm.so+0x920770], sa_mask[0]=00100000000000000000000000000000, sa_flags=SA_RESTART|SA_SIGINFO
SIGHUP: SIG_IGN, sa_mask[0]=00000000000000000000000000000000, sa_flags=none
SIGINT: [libjvm.so+0x921b70], sa_mask[0]=11111111011111111101111111111110, sa_flags=SA_RESTART|SA_SIGINFO
SIGTERM: [libjvm.so+0x921b70], sa_mask[0]=11111111011111111101111111111110, sa_flags=SA_RESTART|SA_SIGINFO
SIGQUIT: [libjvm.so+0x921b70], sa_mask[0]=11111111011111111101111111111110, sa_flags=SA_RESTART|SA_SIGINFO


---------------  S Y S T E M  ---------------

OS:DISTRIB_ID=Deepin
DISTRIB_RELEASE=15.4
DISTRIB_DESCRIPTION="Deepin 15.4 "
DISTRIB_CODENAME=unstable

uname:Linux 4.9.0-deepin4-amd64 #1 SMP PREEMPT Deepin 4.9.8-4 (2017-04-17) x86_64
libc:glibc 2.24 NPTL 2.24 
rlimit: STACK 8192k, CORE 0k, NPROC 31390, NOFILE 65536, AS infinity
load average:7.76 3.18 2.45

/proc/meminfo:
MemTotal:        8082996 kB
MemFree:          143072 kB
MemAvailable:      82020 kB
Buffers:            1528 kB
Cached:          1372484 kB
SwapCached:            0 kB
Active:          6291504 kB
Inactive:        1294788 kB
Active(anon):    6248400 kB
Inactive(anon):  1262696 kB
Active(file):      43104 kB
Inactive(file):    32092 kB
Unevictable:         440 kB
Mlocked:             440 kB
SwapTotal:             0 kB
SwapFree:              0 kB
Dirty:              1160 kB
Writeback:             0 kB
AnonPages:       6208704 kB
Mapped:           684420 kB
Shmem:           1298644 kB
Slab:             145532 kB
SReclaimable:      80572 kB
SUnreclaim:        64960 kB
KernelStack:       18128 kB
PageTables:        75752 kB
NFS_Unstable:          0 kB
Bounce:                0 kB
WritebackTmp:          0 kB
CommitLimit:     4041496 kB
Committed_AS:   13748004 kB
VmallocTotal:   34359738367 kB
VmallocUsed:           0 kB
VmallocChunk:          0 kB
HardwareCorrupted:     0 kB
AnonHugePages:      2048 kB
ShmemHugePages:        0 kB
ShmemPmdMapped:        0 kB
HugePages_Total:       0
HugePages_Free:        0
HugePages_Rsvd:        0
HugePages_Surp:        0
Hugepagesize:       2048 kB
DirectMap4k:      364864 kB
DirectMap2M:     7927808 kB
DirectMap1G:     1048576 kB


CPU:total 4 (2 cores per cpu, 2 threads per core) family 6 model 61 stepping 4, cmov, cx8, fxsr, mmx, sse, sse2, sse3, ssse3, sse4.1, sse4.2, popcnt, avx, avx2, aes, clmul, erms, rtm, 3dnowpref, lzcnt, ht, tsc, tscinvbit, bmi1, bmi2, adx

/proc/cpuinfo:
processor	: 0
vendor_id	: GenuineIntel
cpu family	: 6
model		: 61
model name	: Intel(R) Core(TM) i5-5300U CPU @ 2.30GHz
stepping	: 4
microcode	: 0x1d
cpu MHz		: 2699.945
cache size	: 3072 KB
physical id	: 0
siblings	: 4
core id		: 0
cpu cores	: 2
apicid		: 0
initial apicid	: 0
fpu		: yes
fpu_exception	: yes
cpuid level	: 20
wp		: yes
flags		: fpu vme de pse tsc msr pae mce cx8 apic sep mtrr pge mca cmov pat pse36 clflush dts acpi mmx fxsr sse sse2 ss ht tm pbe syscall nx pdpe1gb rdtscp lm constant_tsc arch_perfmon pebs bts rep_good nopl xtopology nonstop_tsc aperfmperf eagerfpu pni pclmulqdq dtes64 monitor ds_cpl vmx smx est tm2 ssse3 sdbg fma cx16 xtpr pdcm pcid sse4_1 sse4_2 x2apic movbe popcnt tsc_deadline_timer aes xsave avx f16c rdrand lahf_lm abm 3dnowprefetch epb intel_pt tpr_shadow vnmi flexpriority ept vpid fsgsbase tsc_adjust bmi1 hle avx2 smep bmi2 erms invpcid rtm rdseed adx smap xsaveopt dtherm ida arat pln pts
bugs		:
bogomips	: 4589.35
clflush size	: 64
cache_alignment	: 64
address sizes	: 39 bits physical, 48 bits virtual
power management:

processor	: 1
vendor_id	: GenuineIntel
cpu family	: 6
model		: 61
model name	: Intel(R) Core(TM) i5-5300U CPU @ 2.30GHz
stepping	: 4
microcode	: 0x1d
cpu MHz		: 2699.945
cache size	: 3072 KB
physical id	: 0
siblings	: 4
core id		: 0
cpu cores	: 2
apicid		: 1
initial apicid	: 1
fpu		: yes
fpu_exception	: yes
cpuid level	: 20
wp		: yes
flags		: fpu vme de pse tsc msr pae mce cx8 apic sep mtrr pge mca cmov pat pse36 clflush dts acpi mmx fxsr sse sse2 ss ht tm pbe syscall nx pdpe1gb rdtscp lm constant_tsc arch_perfmon pebs bts rep_good nopl xtopology nonstop_tsc aperfmperf eagerfpu pni pclmulqdq dtes64 monitor ds_cpl vmx smx est tm2 ssse3 sdbg fma cx16 xtpr pdcm pcid sse4_1 sse4_2 x2apic movbe popcnt tsc_deadline_timer aes xsave avx f16c rdrand lahf_lm abm 3dnowprefetch epb intel_pt tpr_shadow vnmi flexpriority ept vpid fsgsbase tsc_adjust bmi1 hle avx2 smep bmi2 erms invpcid rtm rdseed adx smap xsaveopt dtherm ida arat pln pts
bugs		:
bogomips	: 4589.35
clflush size	: 64
cache_alignment	: 64
address sizes	: 39 bits physical, 48 bits virtual
power management:

processor	: 2
vendor_id	: GenuineIntel
cpu family	: 6
model		: 61
model name	: Intel(R) Core(TM) i5-5300U CPU @ 2.30GHz
stepping	: 4
microcode	: 0x1d
cpu MHz		: 2699.945
cache size	: 3072 KB
physical id	: 0
siblings	: 4
core id		: 1
cpu cores	: 2
apicid		: 2
initial apicid	: 2
fpu		: yes
fpu_exception	: yes
cpuid level	: 20
wp		: yes
flags		: fpu vme de pse tsc msr pae mce cx8 apic sep mtrr pge mca cmov pat pse36 clflush dts acpi mmx fxsr sse sse2 ss ht tm pbe syscall nx pdpe1gb rdtscp lm constant_tsc arch_perfmon pebs bts rep_good nopl xtopology nonstop_tsc aperfmperf eagerfpu pni pclmulqdq dtes64 monitor ds_cpl vmx smx est tm2 ssse3 sdbg fma cx16 xtpr pdcm pcid sse4_1 sse4_2 x2apic movbe popcnt tsc_deadline_timer aes xsave avx f16c rdrand lahf_lm abm 3dnowprefetch epb intel_pt tpr_shadow vnmi flexpriority ept vpid fsgsbase tsc_adjust bmi1 hle avx2 smep bmi2 erms invpcid rtm rdseed adx smap xsaveopt dtherm ida arat pln pts
bugs		:
bogomips	: 4589.35
clflush size	: 64
cache_alignment	: 64
address sizes	: 39 bits physical, 48 bits virtual
power management:

processor	: 3
vendor_id	: GenuineIntel
cpu family	: 6
model		: 61
model name	: Intel(R) Core(TM) i5-5300U CPU @ 2.30GHz
stepping	: 4
microcode	: 0x1d
cpu MHz		: 2699.945
cache size	: 3072 KB
physical id	: 0
siblings	: 4
core id		: 1
cpu cores	: 2
apicid		: 3
initial apicid	: 3
fpu		: yes
fpu_exception	: yes
cpuid level	: 20
wp		: yes
flags		: fpu vme de pse tsc msr pae mce cx8 apic sep mtrr pge mca cmov pat pse36 clflush dts acpi mmx fxsr sse sse2 ss ht tm pbe syscall nx pdpe1gb rdtscp lm constant_tsc arch_perfmon pebs bts rep_good nopl xtopology nonstop_tsc aperfmperf eagerfpu pni pclmulqdq dtes64 monitor ds_cpl vmx smx est tm2 ssse3 sdbg fma cx16 xtpr pdcm pcid sse4_1 sse4_2 x2apic movbe popcnt tsc_deadline_timer aes xsave avx f16c rdrand lahf_lm abm 3dnowprefetch epb intel_pt tpr_shadow vnmi flexpriority ept vpid fsgsbase tsc_adjust bmi1 hle avx2 smep bmi2 erms invpcid rtm rdseed adx smap xsaveopt dtherm ida arat pln pts
bugs		:
bogomips	: 4589.35
clflush size	: 64
cache_alignment	: 64
address sizes	: 39 bits physical, 48 bits virtual
power management:



Memory: 4k page, physical 8082996k(143072k free), swap 0k(0k free)

vm_info: Java HotSpot(TM) 64-Bit Server VM (25.101-b13) for linux-amd64 JRE (1.8.0_101-b13), built on Jun 22 2016 02:59:44 by "java_re" with gcc 4.3.0 20080428 (Red Hat 4.3.0-8)

time: Tue Sep 12 17:54:18 2017
elapsed time: 10 seconds (0d 0h 0m 10s)

