#
# There is insufficient memory for the Java Runtime Environment to continue.
# Native memory allocation (mmap) failed to map 65011712 bytes for committing reserved memory.
# Possible reasons:
#   The system is out of physical RAM or swap space
#   In 32 bit mode, the process size limit was hit
# Possible solutions:
#   Reduce memory load on the system
#   Increase physical memory or swap space
#   Check if swap backing store is full
#   Use 64 bit Java on a 64 bit OS
#   Decrease Java heap size (-Xmx/-Xms)
#   Decrease number of Java threads
#   Decrease Java thread stack sizes (-Xss)
#   Set larger code cache with -XX:ReservedCodeCacheSize=
# This output file may be truncated or incomplete.
#
#  Out of Memory Error (os_linux.cpp:2627), pid=28957, tid=0x00007fb90bbfb700
#
# JRE version: Java(TM) SE Runtime Environment (8.0_101-b13) (build 1.8.0_101-b13)
# Java VM: Java HotSpot(TM) 64-Bit Server VM (25.101-b13 mixed mode linux-amd64 compressed oops)
# Failed to write core dump. Core dumps have been disabled. To enable core dumping, try "ulimit -c unlimited" before starting Java again
#

---------------  T H R E A D  ---------------

Current thread (0x00007fb930079800):  VMThread [stack: 0x00007fb90bafb000,0x00007fb90bbfc000] [id=28967]

Stack: [0x00007fb90bafb000,0x00007fb90bbfc000],  sp=0x00007fb90bbfa2a0,  free space=1020k
Native frames: (J=compiled Java code, j=interpreted, Vv=VM code, C=native code)
V  [libjvm.so+0xac3f0a]  VMError::report_and_die()+0x2ba
V  [libjvm.so+0x4fbf9b]  report_vm_out_of_memory(char const*, int, unsigned long, VMErrorType, char const*)+0x8b
V  [libjvm.so+0x9222d3]  os::Linux::commit_memory_impl(char*, unsigned long, bool)+0x103
V  [libjvm.so+0x922829]  os::pd_commit_memory(char*, unsigned long, unsigned long, bool)+0x29
V  [libjvm.so+0x91cb2a]  os::commit_memory(char*, unsigned long, unsigned long, bool)+0x2a
V  [libjvm.so+0x991053]  PSVirtualSpace::expand_by(unsigned long)+0x53
V  [libjvm.so+0x992458]  PSYoungGen::resize_generation(unsigned long, unsigned long)+0xf8
V  [libjvm.so+0x9915b2]  PSYoungGen::resize(unsigned long, unsigned long)+0x22
V  [libjvm.so+0x98e88b]  PSScavenge::invoke_no_policy()+0xf3b
V  [libjvm.so+0x98f011]  PSScavenge::invoke()+0x41
V  [libjvm.so+0x945fc0]  ParallelScavengeHeap::failed_mem_allocate(unsigned long)+0x70
V  [libjvm.so+0xac5927]  VM_ParallelGCFailedAllocation::doit()+0x97
V  [libjvm.so+0xacd405]  VM_Operation::evaluate()+0x55
V  [libjvm.so+0xacb7da]  VMThread::evaluate_operation(VM_Operation*)+0xba
V  [libjvm.so+0xacbb5e]  VMThread::loop()+0x1ce
V  [libjvm.so+0xacbfd0]  VMThread::run()+0x70
V  [libjvm.so+0x924698]  java_start(Thread*)+0x108

VM_Operation (0x00007fb93634e120): ParallelGCFailedAllocation, mode: safepoint, requested by thread 0x00007fb93000b800


---------------  P R O C E S S  ---------------

Java Threads: ( => current thread )
  0x00007fb9300c2000 JavaThread "Service Thread" daemon [_thread_blocked, id=28974, stack(0x00007fb90b0aa000,0x00007fb90b1ab000)]
  0x00007fb9300be800 JavaThread "C1 CompilerThread2" daemon [_thread_blocked, id=28973, stack(0x00007fb90b1ab000,0x00007fb90b2ac000)]
  0x00007fb9300bd000 JavaThread "C2 CompilerThread1" daemon [_thread_in_native, id=28972, stack(0x00007fb90b2ac000,0x00007fb90b3ad000)]
  0x00007fb9300ba000 JavaThread "C2 CompilerThread0" daemon [_thread_blocked, id=28971, stack(0x00007fb90b3ad000,0x00007fb90b4ae000)]
  0x00007fb9300b8800 JavaThread "Signal Dispatcher" daemon [_thread_blocked, id=28970, stack(0x00007fb90b4ae000,0x00007fb90b5af000)]
  0x00007fb930085800 JavaThread "Finalizer" daemon [_thread_blocked, id=28969, stack(0x00007fb90b8f9000,0x00007fb90b9fa000)]
  0x00007fb930081000 JavaThread "Reference Handler" daemon [_thread_blocked, id=28968, stack(0x00007fb90b9fa000,0x00007fb90bafb000)]
  0x00007fb93000b800 JavaThread "main" [_thread_blocked, id=28962, stack(0x00007fb93624f000,0x00007fb936350000)]

Other Threads:
=>0x00007fb930079800 VMThread [stack: 0x00007fb90bafb000,0x00007fb90bbfc000] [id=28967]
  0x00007fb9300c4800 WatcherThread [stack: 0x00007fb90afa9000,0x00007fb90b0aa000] [id=28975]

VM state:at safepoint (normal execution)

VM Mutex/Monitor currently owned by a thread:  ([mutex/lock_event])
[0x00007fb930007e40] Threads_lock - owner thread: 0x00007fb930079800
[0x00007fb930008340] Heap_lock - owner thread: 0x00007fb93000b800

Heap:
 PSYoungGen      total 68608K, used 5089K [0x00000000eab00000, 0x00000000ef300000, 0x0000000100000000)
  eden space 63488K, 0% used [0x00000000eab00000,0x00000000eab00000,0x00000000ee900000)
  from space 5120K, 99% used [0x00000000ee900000,0x00000000eedf8488,0x00000000eee00000)
  to   space 5120K, 0% used [0x00000000eee00000,0x00000000eee00000,0x00000000ef300000)
 ParOldGen       total 84992K, used 17535K [0x00000000c0000000, 0x00000000c5300000, 0x00000000eab00000)
  object space 84992K, 20% used [0x00000000c0000000,0x00000000c111fc10,0x00000000c5300000)
 Metaspace       used 4369K, capacity 5424K, committed 5632K, reserved 1056768K
  class space    used 460K, capacity 488K, committed 512K, reserved 1048576K

Card table byte_map: [0x00007fb91fdba000,0x00007fb91ffbb000] byte_map_base: 0x00007fb91f7ba000

Marking Bits: (ParMarkBitMap*) 0x00007fb935751120
 Begin Bits: [0x00007fb91d860000, 0x00007fb91e860000)
 End Bits:   [0x00007fb91e860000, 0x00007fb91f860000)

Polling page: 0x00007fb936372000

CodeCache: size=245760Kb used=3250Kb max_used=3267Kb free=242509Kb
 bounds [0x00007fb92037b000, 0x00007fb9206bb000, 0x00007fb92f37b000]
 total_blobs=1226 nmethods=965 adapters=175
 compilation: enabled

Compilation events (10 events):
Event: 0.873 Thread 0x00007fb9300be800  982       3       com.android.dx.io.instructions.ShortArrayCodeOutput::write (33 bytes)
Event: 0.874 Thread 0x00007fb9300be800 nmethod 982 0x00007fb9206a1f50 code [0x00007fb9206a2100, 0x00007fb9206a28f0]
Event: 0.885 Thread 0x00007fb9300be800  984       3       com.android.dx.io.instructions.InstructionCodec$32::decode (74 bytes)
Event: 0.887 Thread 0x00007fb9300be800 nmethod 984 0x00007fb9206a3e50 code [0x00007fb9206a4120, 0x00007fb9206a5c98]
Event: 0.890 Thread 0x00007fb9300be800  985       3       com.android.dx.io.instructions.InstructionCodec$32::encode (95 bytes)
Event: 0.892 Thread 0x00007fb9300be800 nmethod 985 0x00007fb9206a6e50 code [0x00007fb9206a7100, 0x00007fb9206a8d28]
Event: 0.928 Thread 0x00007fb9300ba000 nmethod 958 0x00007fb9206acd10 code [0x00007fb9206acfc0, 0x00007fb9206aeb50]
Event: 0.928 Thread 0x00007fb9300ba000  973       4       com.android.dx.io.instructions.DecodedInstruction::getTargetUnit (45 bytes)
Event: 0.929 Thread 0x00007fb9300ba000 nmethod 973 0x00007fb920670f10 code [0x00007fb920671060, 0x00007fb9206710f8]
Event: 0.929 Thread 0x00007fb9300ba000  944       4       com.android.dx.merge.DexMerger::transformCode (234 bytes)

GC Heap History (5 events):
Event: 0.228 GC heap before
{Heap before GC invocations=1 (full 0):
 PSYoungGen      total 36864K, used 28585K [0x00000000eab00000, 0x00000000ed400000, 0x0000000100000000)
  eden space 31744K, 90% used [0x00000000eab00000,0x00000000ec6ea5d0,0x00000000eca00000)
  from space 5120K, 0% used [0x00000000ecf00000,0x00000000ecf00000,0x00000000ed400000)
  to   space 5120K, 0% used [0x00000000eca00000,0x00000000eca00000,0x00000000ecf00000)
 ParOldGen       total 84992K, used 0K [0x00000000c0000000, 0x00000000c5300000, 0x00000000eab00000)
  object space 84992K, 0% used [0x00000000c0000000,0x00000000c0000000,0x00000000c5300000)
 Metaspace       used 3673K, capacity 4880K, committed 5120K, reserved 1056768K
  class space    used 395K, capacity 456K, committed 512K, reserved 1048576K
Event: 0.231 GC heap after
Heap after GC invocations=1 (full 0):
 PSYoungGen      total 36864K, used 5091K [0x00000000eab00000, 0x00000000ef300000, 0x0000000100000000)
  eden space 31744K, 0% used [0x00000000eab00000,0x00000000eab00000,0x00000000eca00000)
  from space 5120K, 99% used [0x00000000eca00000,0x00000000ecef8de8,0x00000000ecf00000)
  to   space 5120K, 0% used [0x00000000eee00000,0x00000000eee00000,0x00000000ef300000)
 ParOldGen       total 84992K, used 1853K [0x00000000c0000000, 0x00000000c5300000, 0x00000000eab00000)
  object space 84992K, 2% used [0x00000000c0000000,0x00000000c01cf598,0x00000000c5300000)
 Metaspace       used 3673K, capacity 4880K, committed 5120K, reserved 1056768K
  class space    used 395K, capacity 456K, committed 512K, reserved 1048576K
}
Event: 0.453 GC heap before
{Heap before GC invocations=2 (full 0):
 PSYoungGen      total 36864K, used 36835K [0x00000000eab00000, 0x00000000ef300000, 0x0000000100000000)
  eden space 31744K, 100% used [0x00000000eab00000,0x00000000eca00000,0x00000000eca00000)
  from space 5120K, 99% used [0x00000000eca00000,0x00000000ecef8de8,0x00000000ecf00000)
  to   space 5120K, 0% used [0x00000000eee00000,0x00000000eee00000,0x00000000ef300000)
 ParOldGen       total 84992K, used 1853K [0x00000000c0000000, 0x00000000c5300000, 0x00000000eab00000)
  object space 84992K, 2% used [0x00000000c0000000,0x00000000c01cf598,0x00000000c5300000)
 Metaspace       used 3870K, capacity 5008K, committed 5120K, reserved 1056768K
  class space    used 411K, capacity 456K, committed 512K, reserved 1048576K
Event: 0.460 GC heap after
Heap after GC invocations=2 (full 0):
 PSYoungGen      total 68608K, used 5116K [0x00000000eab00000, 0x00000000ef300000, 0x0000000100000000)
  eden space 63488K, 0% used [0x00000000eab00000,0x00000000eab00000,0x00000000ee900000)
  from space 5120K, 99% used [0x00000000eee00000,0x00000000ef2ff3b0,0x00000000ef300000)
  to   space 5120K, 0% used [0x00000000ee900000,0x00000000ee900000,0x00000000eee00000)
 ParOldGen       total 84992K, used 13742K [0x00000000c0000000, 0x00000000c5300000, 0x00000000eab00000)
  object space 84992K, 16% used [0x00000000c0000000,0x00000000c0d6b908,0x00000000c5300000)
 Metaspace       used 3870K, capacity 5008K, committed 5120K, reserved 1056768K
  class space    used 411K, capacity 456K, committed 512K, reserved 1048576K
}
Event: 0.941 GC heap before
{Heap before GC invocations=3 (full 0):
 PSYoungGen      total 68608K, used 68604K [0x00000000eab00000, 0x00000000ef300000, 0x0000000100000000)
  eden space 63488K, 100% used [0x00000000eab00000,0x00000000ee900000,0x00000000ee900000)
  from space 5120K, 99% used [0x00000000eee00000,0x00000000ef2ff3b0,0x00000000ef300000)
  to   space 5120K, 0% used [0x00000000ee900000,0x00000000ee900000,0x00000000eee00000)
 ParOldGen       total 84992K, used 13742K [0x00000000c0000000, 0x00000000c5300000, 0x00000000eab00000)
  object space 84992K, 16% used [0x00000000c0000000,0x00000000c0d6b908,0x00000000c5300000)
 Metaspace       used 4369K, capacity 5424K, committed 5632K, reserved 1056768K
  class space    used 460K, capacity 488K, committed 512K, reserved 1048576K

Deoptimization events (10 events):
Event: 0.491 Thread 0x00007fb93000b800 Uncommon trap: reason=class_check action=maybe_recompile pc=0x00007fb920528098 method=com.android.dex.Leb128.readUnsignedLeb128(Lcom/android/dex/util/ByteInput;)I @ 5
Event: 0.491 Thread 0x00007fb93000b800 Uncommon trap: reason=class_check action=maybe_recompile pc=0x00007fb920528098 method=com.android.dex.Leb128.readUnsignedLeb128(Lcom/android/dex/util/ByteInput;)I @ 5
Event: 0.510 Thread 0x00007fb93000b800 Uncommon trap: reason=predicate action=maybe_recompile pc=0x00007fb92059623c method=com.android.dex.Leb128.readUnsignedLeb128(Lcom/android/dex/util/ByteInput;)I @ 41
Event: 0.566 Thread 0x00007fb93000b800 Uncommon trap: reason=unstable_if action=reinterpret pc=0x00007fb9205b70f0 method=java.util.HashMap.putVal(ILjava/lang/Object;Ljava/lang/Object;ZZ)Ljava/lang/Object; @ 162
Event: 0.579 Thread 0x00007fb93000b800 Uncommon trap: reason=unstable_if action=reinterpret pc=0x00007fb9205a4758 method=com.android.dex.EncodedValueCodec.readUnsignedInt(Lcom/android/dex/util/ByteInput;IZ)I @ 3
Event: 0.616 Thread 0x00007fb93000b800 Uncommon trap: reason=unstable_if action=reinterpret pc=0x00007fb9205e93a4 method=com.android.dx.merge.SortableType$1.compare(Lcom/android/dx/merge/SortableType;Lcom/android/dx/merge/SortableType;)I @ 2
Event: 0.617 Thread 0x00007fb93000b800 Uncommon trap: reason=unstable_if action=reinterpret pc=0x00007fb9205e97b0 method=com.android.dx.merge.SortableType$1.compare(Lcom/android/dx/merge/SortableType;Lcom/android/dx/merge/SortableType;)I @ 2
Event: 0.658 Thread 0x00007fb93000b800 Uncommon trap: reason=unstable_if action=reinterpret pc=0x00007fb920581b14 method=com.android.dx.merge.IndexMap.adjustString(I)I @ 2
Event: 0.660 Thread 0x00007fb93000b800 Uncommon trap: reason=unstable_if action=reinterpret pc=0x00007fb9205b0280 method=java.util.HashMap.getNode(ILjava/lang/Object;)Ljava/util/HashMap$Node; @ 84
Event: 0.660 Thread 0x00007fb93000b800 Uncommon trap: reason=unstable_if action=reinterpret pc=0x00007fb9205b3204 method=java.util.HashMap.getNode(ILjava/lang/Object;)Ljava/util/HashMap$Node; @ 84

Internal exceptions (2 events):
Event: 0.028 Thread 0x00007fb93000b800 Exception <a 'java/lang/NoSuchMethodError': Method sun.misc.Unsafe.defineClass(Ljava/lang/String;[BII)Ljava/lang/Class; name or signature does not match> (0x00000000eab07cc0) thrown at [/HUDSON3/workspace/8-2-build-linux-amd64/jdk8u101/7261/hotspot/src/sh
Event: 0.029 Thread 0x00007fb93000b800 Exception <a 'java/lang/NoSuchMethodError': Method sun.misc.Unsafe.prefetchRead(Ljava/lang/Object;J)V name or signature does not match> (0x00000000eab07fa8) thrown at [/HUDSON3/workspace/8-2-build-linux-amd64/jdk8u101/7261/hotspot/src/share/vm/prims/jni.c

Events (10 events):
Event: 0.810 Thread 0x00007fb93000b800 DEOPT UNPACKING pc=0x00007fb9203c2633 sp=0x00007fb93634dfc0 mode 0
Event: 0.812 Thread 0x00007fb93000b800 DEOPT PACKING pc=0x00007fb92062d1eb sp=0x00007fb93634e270
Event: 0.812 Thread 0x00007fb93000b800 DEOPT UNPACKING pc=0x00007fb9203c2633 sp=0x00007fb93634dfc0 mode 0
Event: 0.814 Thread 0x00007fb93000b800 DEOPT PACKING pc=0x00007fb92062d1eb sp=0x00007fb93634e270
Event: 0.814 Thread 0x00007fb93000b800 DEOPT UNPACKING pc=0x00007fb9203c2633 sp=0x00007fb93634dfc0 mode 0
Event: 0.817 Thread 0x00007fb93000b800 DEOPT PACKING pc=0x00007fb92062d1eb sp=0x00007fb93634e270
Event: 0.817 Thread 0x00007fb93000b800 DEOPT UNPACKING pc=0x00007fb9203c2633 sp=0x00007fb93634dfc0 mode 0
Event: 0.820 Thread 0x00007fb93000b800 DEOPT PACKING pc=0x00007fb92062d1eb sp=0x00007fb93634e270
Event: 0.820 Thread 0x00007fb93000b800 DEOPT UNPACKING pc=0x00007fb9203c2633 sp=0x00007fb93634dfc0 mode 0
Event: 0.938 Executing VM operation: ParallelGCFailedAllocation


Dynamic libraries:
00400000-00401000 r-xp 00000000 08:01 12716194                           /opt/java/jdk1.8.0_101/bin/java
00600000-00601000 rw-p 00000000 08:01 12716194                           /opt/java/jdk1.8.0_101/bin/java
00a88000-00aa9000 rw-p 00000000 00:00 0                                  [heap]
c0000000-c5300000 rw-p 00000000 00:00 0 
c5300000-eab00000 ---p 00000000 00:00 0 
eab00000-ef300000 rw-p 00000000 00:00 0 
f3100000-100000000 ---p 00000000 00:00 0 
100000000-100080000 rw-p 00000000 00:00 0 
100080000-140000000 ---p 00000000 00:00 0 
7fb8e4000000-7fb8e4021000 rw-p 00000000 00:00 0 
7fb8e4021000-7fb8e8000000 ---p 00000000 00:00 0 
7fb8e8000000-7fb8e8021000 rw-p 00000000 00:00 0 
7fb8e8021000-7fb8ec000000 ---p 00000000 00:00 0 
7fb8ec000000-7fb8ec839000 rw-p 00000000 00:00 0 
7fb8ec839000-7fb8f0000000 ---p 00000000 00:00 0 
7fb8f0000000-7fb8f02da000 rw-p 00000000 00:00 0 
7fb8f02da000-7fb8f4000000 ---p 00000000 00:00 0 
7fb8f4000000-7fb8f4021000 rw-p 00000000 00:00 0 
7fb8f4021000-7fb8f8000000 ---p 00000000 00:00 0 
7fb8f8000000-7fb8f84d3000 rw-p 00000000 00:00 0 
7fb8f84d3000-7fb8fc000000 ---p 00000000 00:00 0 
7fb8fc000000-7fb8fc021000 rw-p 00000000 00:00 0 
7fb8fc021000-7fb900000000 ---p 00000000 00:00 0 
7fb900000000-7fb900021000 rw-p 00000000 00:00 0 
7fb900021000-7fb904000000 ---p 00000000 00:00 0 
7fb904000000-7fb904291000 rw-p 00000000 00:00 0 
7fb904291000-7fb908000000 ---p 00000000 00:00 0 
7fb90afa9000-7fb90afaa000 ---p 00000000 00:00 0 
7fb90afaa000-7fb90b0aa000 rw-p 00000000 00:00 0 
7fb90b0aa000-7fb90b0ad000 ---p 00000000 00:00 0 
7fb90b0ad000-7fb90b1ab000 rw-p 00000000 00:00 0 
7fb90b1ab000-7fb90b1ae000 ---p 00000000 00:00 0 
7fb90b1ae000-7fb90b2ac000 rw-p 00000000 00:00 0 
7fb90b2ac000-7fb90b2af000 ---p 00000000 00:00 0 
7fb90b2af000-7fb90b3ad000 rw-p 00000000 00:00 0 
7fb90b3ad000-7fb90b3b0000 ---p 00000000 00:00 0 
7fb90b3b0000-7fb90b4ae000 rw-p 00000000 00:00 0 
7fb90b4ae000-7fb90b4b1000 ---p 00000000 00:00 0 
7fb90b4b1000-7fb90b5af000 rw-p 00000000 00:00 0 
7fb90b5af000-7fb90b8f9000 r--p 00000000 08:01 6819945                    /usr/lib/locale/locale-archive
7fb90b8f9000-7fb90b8fc000 ---p 00000000 00:00 0 
7fb90b8fc000-7fb90b9fa000 rw-p 00000000 00:00 0 
7fb90b9fa000-7fb90b9fd000 ---p 00000000 00:00 0 
7fb90b9fd000-7fb90bafb000 rw-p 00000000 00:00 0 
7fb90bafb000-7fb90bafc000 ---p 00000000 00:00 0 
7fb90bafc000-7fb90c000000 rw-p 00000000 00:00 0 
7fb90c000000-7fb90c021000 rw-p 00000000 00:00 0 
7fb90c021000-7fb910000000 ---p 00000000 00:00 0 
7fb910000000-7fb910021000 rw-p 00000000 00:00 0 
7fb910021000-7fb914000000 ---p 00000000 00:00 0 
7fb914000000-7fb914021000 rw-p 00000000 00:00 0 
7fb914021000-7fb918000000 ---p 00000000 00:00 0 
7fb918000000-7fb918021000 rw-p 00000000 00:00 0 
7fb918021000-7fb91c000000 ---p 00000000 00:00 0 
7fb91c0a2000-7fb91c0c4000 r--p 00000000 08:01 8258499                    /usr/share/locale/zh_CN/LC_MESSAGES/libc.mo
7fb91c0c4000-7fb91cc11000 rw-p 00000000 00:00 0 
7fb91cc11000-7fb91cdea000 r--s 03d29000 08:01 12716268                   /opt/java/jdk1.8.0_101/jre/lib/rt.jar
7fb91cdea000-7fb91d360000 rw-p 00000000 00:00 0 
7fb91d360000-7fb91d660000 ---p 00000000 00:00 0 
7fb91d660000-7fb91f860000 rw-p 00000000 00:00 0 
7fb91f860000-7fb91f861000 ---p 00000000 00:00 0 
7fb91f861000-7fb91f961000 rw-p 00000000 00:00 0 
7fb91f961000-7fb91f962000 ---p 00000000 00:00 0 
7fb91f962000-7fb91fa62000 rw-p 00000000 00:00 0 
7fb91fa62000-7fb91fa63000 ---p 00000000 00:00 0 
7fb91fa63000-7fb91fb63000 rw-p 00000000 00:00 0 
7fb91fb63000-7fb91fb64000 ---p 00000000 00:00 0 
7fb91fb64000-7fb91fc8e000 rw-p 00000000 00:00 0 
7fb91fc8e000-7fb91fdba000 ---p 00000000 00:00 0 
7fb91fdba000-7fb91fde4000 rw-p 00000000 00:00 0 
7fb91fde4000-7fb91ff0f000 ---p 00000000 00:00 0 
7fb91ff0f000-7fb91ff34000 rw-p 00000000 00:00 0 
7fb91ff34000-7fb91ffba000 ---p 00000000 00:00 0 
7fb91ffba000-7fb91ffc8000 rw-p 00000000 00:00 0 
7fb91ffc8000-7fb92037b000 ---p 00000000 00:00 0 
7fb92037b000-7fb9206bb000 rwxp 00000000 00:00 0 
7fb9206bb000-7fb92f37b000 ---p 00000000 00:00 0 
7fb92f37b000-7fb92f395000 r-xp 00000000 08:01 12716297                   /opt/java/jdk1.8.0_101/jre/lib/amd64/libzip.so
7fb92f395000-7fb92f595000 ---p 0001a000 08:01 12716297                   /opt/java/jdk1.8.0_101/jre/lib/amd64/libzip.so
7fb92f595000-7fb92f596000 rw-p 0001a000 08:01 12716297                   /opt/java/jdk1.8.0_101/jre/lib/amd64/libzip.so
7fb92f596000-7fb92f5a0000 r-xp 00000000 08:01 5002737                    /lib/x86_64-linux-gnu/libnss_files-2.24.so
7fb92f5a0000-7fb92f7a0000 ---p 0000a000 08:01 5002737                    /lib/x86_64-linux-gnu/libnss_files-2.24.so
7fb92f7a0000-7fb92f7a1000 r--p 0000a000 08:01 5002737                    /lib/x86_64-linux-gnu/libnss_files-2.24.so
7fb92f7a1000-7fb92f7a2000 rw-p 0000b000 08:01 5002737                    /lib/x86_64-linux-gnu/libnss_files-2.24.so
7fb92f7a2000-7fb92f7a8000 rw-p 00000000 00:00 0 
7fb92f7a8000-7fb92f7b3000 r-xp 00000000 08:01 5002739                    /lib/x86_64-linux-gnu/libnss_nis-2.24.so
7fb92f7b3000-7fb92f9b2000 ---p 0000b000 08:01 5002739                    /lib/x86_64-linux-gnu/libnss_nis-2.24.so
7fb92f9b2000-7fb92f9b3000 r--p 0000a000 08:01 5002739                    /lib/x86_64-linux-gnu/libnss_nis-2.24.so
7fb92f9b3000-7fb92f9b4000 rw-p 0000b000 08:01 5002739                    /lib/x86_64-linux-gnu/libnss_nis-2.24.so
7fb92f9b4000-7fb92f9c8000 r-xp 00000000 08:01 5002734                    /lib/x86_64-linux-gnu/libnsl-2.24.so
7fb92f9c8000-7fb92fbc8000 ---p 00014000 08:01 5002734                    /lib/x86_64-linux-gnu/libnsl-2.24.so
7fb92fbc8000-7fb92fbc9000 r--p 00014000 08:01 5002734                    /lib/x86_64-linux-gnu/libnsl-2.24.so
7fb92fbc9000-7fb92fbca000 rw-p 00015000 08:01 5002734                    /lib/x86_64-linux-gnu/libnsl-2.24.so
7fb92fbca000-7fb92fbcc000 rw-p 00000000 00:00 0 
7fb92fbcc000-7fb92fbd3000 r-xp 00000000 08:01 5002735                    /lib/x86_64-linux-gnu/libnss_compat-2.24.so
7fb92fbd3000-7fb92fdd2000 ---p 00007000 08:01 5002735                    /lib/x86_64-linux-gnu/libnss_compat-2.24.so
7fb92fdd2000-7fb92fdd3000 r--p 00006000 08:01 5002735                    /lib/x86_64-linux-gnu/libnss_compat-2.24.so
7fb92fdd3000-7fb92fdd4000 rw-p 00007000 08:01 5002735                    /lib/x86_64-linux-gnu/libnss_compat-2.24.so
7fb92fdd4000-7fb92fdfe000 r-xp 00000000 08:01 12716323                   /opt/java/jdk1.8.0_101/jre/lib/amd64/libjava.so
7fb92fdfe000-7fb92fffe000 ---p 0002a000 08:01 12716323                   /opt/java/jdk1.8.0_101/jre/lib/amd64/libjava.so
7fb92fffe000-7fb930000000 rw-p 0002a000 08:01 12716323                   /opt/java/jdk1.8.0_101/jre/lib/amd64/libjava.so
7fb930000000-7fb930415000 rw-p 00000000 00:00 0 
7fb930415000-7fb934000000 ---p 00000000 00:00 0 
7fb934004000-7fb934012000 r--s 000e0000 08:01 11275037                   /home/zhangmingbao/Android/Sdk/build-tools/25.0.2/lib/dx.jar
7fb934012000-7fb934075000 rw-p 00000000 00:00 0 
7fb934075000-7fb934082000 r-xp 00000000 08:01 12716277                   /opt/java/jdk1.8.0_101/jre/lib/amd64/libverify.so
7fb934082000-7fb934282000 ---p 0000d000 08:01 12716277                   /opt/java/jdk1.8.0_101/jre/lib/amd64/libverify.so
7fb934282000-7fb934284000 rw-p 0000d000 08:01 12716277                   /opt/java/jdk1.8.0_101/jre/lib/amd64/libverify.so
7fb934284000-7fb93428b000 r-xp 00000000 08:01 5002744                    /lib/x86_64-linux-gnu/librt-2.24.so
7fb93428b000-7fb93448a000 ---p 00007000 08:01 5002744                    /lib/x86_64-linux-gnu/librt-2.24.so
7fb93448a000-7fb93448b000 r--p 00006000 08:01 5002744                    /lib/x86_64-linux-gnu/librt-2.24.so
7fb93448b000-7fb93448c000 rw-p 00007000 08:01 5002744                    /lib/x86_64-linux-gnu/librt-2.24.so
7fb93448c000-7fb93458f000 r-xp 00000000 08:01 5002731                    /lib/x86_64-linux-gnu/libm-2.24.so
7fb93458f000-7fb93478e000 ---p 00103000 08:01 5002731                    /lib/x86_64-linux-gnu/libm-2.24.so
7fb93478e000-7fb93478f000 r--p 00102000 08:01 5002731                    /lib/x86_64-linux-gnu/libm-2.24.so
7fb93478f000-7fb934790000 rw-p 00103000 08:01 5002731                    /lib/x86_64-linux-gnu/libm-2.24.so
7fb934790000-7fb93545b000 r-xp 00000000 08:01 12716327                   /opt/java/jdk1.8.0_101/jre/lib/amd64/server/libjvm.so
7fb93545b000-7fb93565a000 ---p 00ccb000 08:01 12716327                   /opt/java/jdk1.8.0_101/jre/lib/amd64/server/libjvm.so
7fb93565a000-7fb935733000 rw-p 00cca000 08:01 12716327                   /opt/java/jdk1.8.0_101/jre/lib/amd64/server/libjvm.so
7fb935733000-7fb93577e000 rw-p 00000000 00:00 0 
7fb93577e000-7fb935913000 r-xp 00000000 08:01 5002727                    /lib/x86_64-linux-gnu/libc-2.24.so
7fb935913000-7fb935b12000 ---p 00195000 08:01 5002727                    /lib/x86_64-linux-gnu/libc-2.24.so
7fb935b12000-7fb935b16000 r--p 00194000 08:01 5002727                    /lib/x86_64-linux-gnu/libc-2.24.so
7fb935b16000-7fb935b18000 rw-p 00198000 08:01 5002727                    /lib/x86_64-linux-gnu/libc-2.24.so
7fb935b18000-7fb935b1c000 rw-p 00000000 00:00 0 
7fb935b1c000-7fb935b1e000 r-xp 00000000 08:01 5002730                    /lib/x86_64-linux-gnu/libdl-2.24.so
7fb935b1e000-7fb935d1e000 ---p 00002000 08:01 5002730                    /lib/x86_64-linux-gnu/libdl-2.24.so
7fb935d1e000-7fb935d1f000 r--p 00002000 08:01 5002730                    /lib/x86_64-linux-gnu/libdl-2.24.so
7fb935d1f000-7fb935d20000 rw-p 00003000 08:01 5002730                    /lib/x86_64-linux-gnu/libdl-2.24.so
7fb935d20000-7fb935d35000 r-xp 00000000 08:01 12715429                   /opt/java/jdk1.8.0_101/lib/amd64/jli/libjli.so
7fb935d35000-7fb935f35000 ---p 00015000 08:01 12715429                   /opt/java/jdk1.8.0_101/lib/amd64/jli/libjli.so
7fb935f35000-7fb935f36000 rw-p 00015000 08:01 12715429                   /opt/java/jdk1.8.0_101/lib/amd64/jli/libjli.so
7fb935f36000-7fb935f4e000 r-xp 00000000 08:01 5002742                    /lib/x86_64-linux-gnu/libpthread-2.24.so
7fb935f4e000-7fb93614d000 ---p 00018000 08:01 5002742                    /lib/x86_64-linux-gnu/libpthread-2.24.so
7fb93614d000-7fb93614e000 r--p 00017000 08:01 5002742                    /lib/x86_64-linux-gnu/libpthread-2.24.so
7fb93614e000-7fb93614f000 rw-p 00018000 08:01 5002742                    /lib/x86_64-linux-gnu/libpthread-2.24.so
7fb93614f000-7fb936153000 rw-p 00000000 00:00 0 
7fb936153000-7fb936176000 r-xp 00000000 08:01 4981546                    /lib/x86_64-linux-gnu/ld-2.24.so
7fb936176000-7fb93617d000 r--s 00000000 08:01 7091303                    /usr/lib/x86_64-linux-gnu/gconv/gconv-modules.cache
7fb93617d000-7fb93624f000 rw-p 00000000 00:00 0 
7fb93624f000-7fb936252000 ---p 00000000 00:00 0 
7fb936252000-7fb936352000 rw-p 00000000 00:00 0 
7fb936355000-7fb936369000 rw-p 00000000 00:00 0 
7fb936369000-7fb936371000 rw-s 00000000 08:01 12070380                   /tmp/hsperfdata_zhangmingbao/28957
7fb936371000-7fb936372000 rw-p 00000000 00:00 0 
7fb936372000-7fb936373000 ---p 00000000 00:00 0 
7fb936373000-7fb936376000 rw-p 00000000 00:00 0 
7fb936376000-7fb936377000 r--p 00023000 08:01 4981546                    /lib/x86_64-linux-gnu/ld-2.24.so
7fb936377000-7fb936378000 rw-p 00024000 08:01 4981546                    /lib/x86_64-linux-gnu/ld-2.24.so
7fb936378000-7fb936379000 rw-p 00000000 00:00 0 
7ffd2a169000-7ffd2a18b000 rw-p 00000000 00:00 0                          [stack]
7ffd2a1bb000-7ffd2a1bd000 r--p 00000000 00:00 0                          [vvar]
7ffd2a1bd000-7ffd2a1bf000 r-xp 00000000 00:00 0                          [vdso]
ffffffffff600000-ffffffffff601000 r-xp 00000000 00:00 0                  [vsyscall]

VM Arguments:
jvm_args: -Djava.awt.headless=true -Xmx1024M -Dfile.encoding=UTF-8 -Duser.country=CN -Duser.language=zh -Duser.variant 
java_command: com.android.dx.command.Main --dex --num-threads=4 --output /home/zhangmingbao/Documents/Git/AndroidTrainingPractice/AndroidTrainingPractice/app/build/intermediates/transforms/dex/release/folders/1000/1f/main /home/zhangmingbao/Documents/Git/AndroidTrainingPractice/AndroidTrainingPractice/app/build/intermediates/pre-dexed/release/com.android.support-support-media-compat-25.3.0_a3d75c5f9c7ee149388ce9d53882bbf971e4c33e.jar /home/zhangmingbao/Documents/Git/AndroidTrainingPractice/AndroidTrainingPractice/app/build/intermediates/pre-dexed/release/com.android.support-support-compat-25.3.0_f5d8a8ced351b0280437bc53253183cf590ca039.jar /home/zhangmingbao/Documents/Git/AndroidTrainingPractice/AndroidTrainingPractice/app/build/intermediates/pre-dexed/release/com.android.support-animated-vector-drawable-25.3.0_c4d6568004c4e4c55bdc03f9eb36c43255adcdd6.jar /home/zhangmingbao/Documents/Git/AndroidTrainingPractice/AndroidTrainingPractice/app/build/intermediates/pre-dexed/release/release_1c4b1b5c57bd6e15a72f2ea107dbcbb3bfd7a035.jar /home/zhangmingbao/Documents/Git/AndroidTrainingPractice/AndroidTrainingPractice/app/build/intermediates/pre-dexed/release/com.android.support-recyclerview-v7-25.3.0_bedc54b72431946c94f2890ebe281c1f3a45e455.jar /home/zhangmingbao/Documents/Git/AndroidTrainingPractice/AndroidTrainingPractice/app/build/intermediates/pre-dexed/release/BaiduLBS_Android_36f7396d7e731e562a9a4d91d7bc6b56c26ec5be.jar /home/zhangmingbao/Documents/Git/AndroidTrainingPractice/AndroidTrainingPractice/app/build/intermediates/pre-dexed/release/com.android.support-support-vector-drawable-25.3.0_b0d3eeb046fda856694802aaaad67d34043f62c1.jar /home/zhangmingbao/Documents/Git/AndroidTrainingPractice/AndroidTrainingPractice/app/build/intermediates/pre-dexed/release/com.android.support-support-v4-25.3.0_59eef843f6d83540216a56fb7695f895b14465d1.jar /home/zhangmingbao/Documents/Git/AndroidTrainingPractice/AndroidTrainingPractice/app/build/intermediates/pre-dexed/release/com.androi
java_class_path (initial): /home/zhangmingbao/Android/Sdk/build-tools/25.0.2/lib/dx.jar
Launcher Type: SUN_STANDARD

Environment Variables:
JAVA_HOME=/opt/java/jdk1.8.0_101
CLASSPATH=/opt/android-studio/bin/../lib/bootstrap.jar:/opt/android-studio/bin/../lib/extensions.jar:/opt/android-studio/bin/../lib/util.jar:/opt/android-studio/bin/../lib/jdom.jar:/opt/android-studio/bin/../lib/log4j.jar:/opt/android-studio/bin/../lib/trove4j.jar:/opt/android-studio/bin/../lib/jna.jar:/opt/java/jdk1.8.0_101/lib/tools.jar
PATH=/home/zhangmingbao/bin:/opt/java/jdk1.8.0_101/bin:/usr/local/bin:/usr/bin:/bin:/usr/local/games:/usr/games:/opt/android-sdk/platform-tools:/opt/android-sdk/tools
LD_LIBRARY_PATH=/opt/android-studio/bin:
SHELL=/bin/bash
DISPLAY=:0

Signal Handlers:
SIGSEGV: [libjvm.so+0xac4790], sa_mask[0]=11111111011111111101111111111110, sa_flags=SA_RESTART|SA_SIGINFO
SIGBUS: [libjvm.so+0xac4790], sa_mask[0]=11111111011111111101111111111110, sa_flags=SA_RESTART|SA_SIGINFO
SIGFPE: [libjvm.so+0x91f140], sa_mask[0]=11111111011111111101111111111110, sa_flags=SA_RESTART|SA_SIGINFO
SIGPIPE: [libjvm.so+0x91f140], sa_mask[0]=11111111011111111101111111111110, sa_flags=SA_RESTART|SA_SIGINFO
SIGXFSZ: [libjvm.so+0x91f140], sa_mask[0]=11111111011111111101111111111110, sa_flags=SA_RESTART|SA_SIGINFO
SIGILL: [libjvm.so+0x91f140], sa_mask[0]=11111111011111111101111111111110, sa_flags=SA_RESTART|SA_SIGINFO
SIGUSR1: SIG_DFL, sa_mask[0]=00000000000000000000000000000000, sa_flags=none
SIGUSR2: [libjvm.so+0x920770], sa_mask[0]=00100000000000000000000000000000, sa_flags=SA_RESTART|SA_SIGINFO
SIGHUP: SIG_IGN, sa_mask[0]=00000000000000000000000000000000, sa_flags=none
SIGINT: [libjvm.so+0x921b70], sa_mask[0]=11111111011111111101111111111110, sa_flags=SA_RESTART|SA_SIGINFO
SIGTERM: [libjvm.so+0x921b70], sa_mask[0]=11111111011111111101111111111110, sa_flags=SA_RESTART|SA_SIGINFO
SIGQUIT: [libjvm.so+0x921b70], sa_mask[0]=11111111011111111101111111111110, sa_flags=SA_RESTART|SA_SIGINFO


---------------  S Y S T E M  ---------------

OS:DISTRIB_ID=Deepin
DISTRIB_RELEASE=15.4
DISTRIB_DESCRIPTION="Deepin 15.4 "
DISTRIB_CODENAME=unstable

uname:Linux 4.9.0-deepin4-amd64 #1 SMP PREEMPT Deepin 4.9.8-4 (2017-04-17) x86_64
libc:glibc 2.24 NPTL 2.24 
rlimit: STACK 8192k, CORE 0k, NPROC 31390, NOFILE 65536, AS infinity
load average:1.16 1.06 1.20

/proc/meminfo:
MemTotal:        8082988 kB
MemFree:          127428 kB
MemAvailable:      14560 kB
Buffers:             632 kB
Cached:          1177008 kB
SwapCached:            0 kB
Active:          6510520 kB
Inactive:        1150920 kB
Active(anon):    6503364 kB
Inactive(anon):  1143716 kB
Active(file):       7156 kB
Inactive(file):     7204 kB
Unevictable:         216 kB
Mlocked:             216 kB
SwapTotal:             0 kB
SwapFree:              0 kB
Dirty:              2908 kB
Writeback:             0 kB
AnonPages:       6484480 kB
Mapped:           384992 kB
Shmem:           1162764 kB
Slab:              97672 kB
SReclaimable:      37928 kB
SUnreclaim:        59744 kB
KernelStack:       15664 kB
PageTables:        65728 kB
NFS_Unstable:          0 kB
Bounce:                0 kB
WritebackTmp:          0 kB
CommitLimit:     4041492 kB
Committed_AS:   13000104 kB
VmallocTotal:   34359738367 kB
VmallocUsed:           0 kB
VmallocChunk:          0 kB
HardwareCorrupted:     0 kB
AnonHugePages:         0 kB
ShmemHugePages:        0 kB
ShmemPmdMapped:        0 kB
HugePages_Total:       0
HugePages_Free:        0
HugePages_Rsvd:        0
HugePages_Surp:        0
Hugepagesize:       2048 kB
DirectMap4k:      323904 kB
DirectMap2M:     7968768 kB
DirectMap1G:     1048576 kB


CPU:total 4 (2 cores per cpu, 2 threads per core) family 6 model 61 stepping 4, cmov, cx8, fxsr, mmx, sse, sse2, sse3, ssse3, sse4.1, sse4.2, popcnt, avx, avx2, aes, clmul, erms, rtm, 3dnowpref, lzcnt, ht, tsc, tscinvbit, bmi1, bmi2, adx

/proc/cpuinfo:
processor	: 0
vendor_id	: GenuineIntel
cpu family	: 6
model		: 61
model name	: Intel(R) Core(TM) i5-5300U CPU @ 2.30GHz
stepping	: 4
microcode	: 0x1d
cpu MHz		: 2699.945
cache size	: 3072 KB
physical id	: 0
siblings	: 4
core id		: 0
cpu cores	: 2
apicid		: 0
initial apicid	: 0
fpu		: yes
fpu_exception	: yes
cpuid level	: 20
wp		: yes
flags		: fpu vme de pse tsc msr pae mce cx8 apic sep mtrr pge mca cmov pat pse36 clflush dts acpi mmx fxsr sse sse2 ss ht tm pbe syscall nx pdpe1gb rdtscp lm constant_tsc arch_perfmon pebs bts rep_good nopl xtopology nonstop_tsc aperfmperf eagerfpu pni pclmulqdq dtes64 monitor ds_cpl vmx smx est tm2 ssse3 sdbg fma cx16 xtpr pdcm pcid sse4_1 sse4_2 x2apic movbe popcnt tsc_deadline_timer aes xsave avx f16c rdrand lahf_lm abm 3dnowprefetch epb intel_pt tpr_shadow vnmi flexpriority ept vpid fsgsbase tsc_adjust bmi1 hle avx2 smep bmi2 erms invpcid rtm rdseed adx smap xsaveopt dtherm ida arat pln pts
bugs		:
bogomips	: 4589.18
clflush size	: 64
cache_alignment	: 64
address sizes	: 39 bits physical, 48 bits virtual
power management:

processor	: 1
vendor_id	: GenuineIntel
cpu family	: 6
model		: 61
model name	: Intel(R) Core(TM) i5-5300U CPU @ 2.30GHz
stepping	: 4
microcode	: 0x1d
cpu MHz		: 2699.945
cache size	: 3072 KB
physical id	: 0
siblings	: 4
core id		: 0
cpu cores	: 2
apicid		: 1
initial apicid	: 1
fpu		: yes
fpu_exception	: yes
cpuid level	: 20
wp		: yes
flags		: fpu vme de pse tsc msr pae mce cx8 apic sep mtrr pge mca cmov pat pse36 clflush dts acpi mmx fxsr sse sse2 ss ht tm pbe syscall nx pdpe1gb rdtscp lm constant_tsc arch_perfmon pebs bts rep_good nopl xtopology nonstop_tsc aperfmperf eagerfpu pni pclmulqdq dtes64 monitor ds_cpl vmx smx est tm2 ssse3 sdbg fma cx16 xtpr pdcm pcid sse4_1 sse4_2 x2apic movbe popcnt tsc_deadline_timer aes xsave avx f16c rdrand lahf_lm abm 3dnowprefetch epb intel_pt tpr_shadow vnmi flexpriority ept vpid fsgsbase tsc_adjust bmi1 hle avx2 smep bmi2 erms invpcid rtm rdseed adx smap xsaveopt dtherm ida arat pln pts
bugs		:
bogomips	: 4589.18
clflush size	: 64
cache_alignment	: 64
address sizes	: 39 bits physical, 48 bits virtual
power management:

processor	: 2
vendor_id	: GenuineIntel
cpu family	: 6
model		: 61
model name	: Intel(R) Core(TM) i5-5300U CPU @ 2.30GHz
stepping	: 4
microcode	: 0x1d
cpu MHz		: 2699.945
cache size	: 3072 KB
physical id	: 0
siblings	: 4
core id		: 1
cpu cores	: 2
apicid		: 2
initial apicid	: 2
fpu		: yes
fpu_exception	: yes
cpuid level	: 20
wp		: yes
flags		: fpu vme de pse tsc msr pae mce cx8 apic sep mtrr pge mca cmov pat pse36 clflush dts acpi mmx fxsr sse sse2 ss ht tm pbe syscall nx pdpe1gb rdtscp lm constant_tsc arch_perfmon pebs bts rep_good nopl xtopology nonstop_tsc aperfmperf eagerfpu pni pclmulqdq dtes64 monitor ds_cpl vmx smx est tm2 ssse3 sdbg fma cx16 xtpr pdcm pcid sse4_1 sse4_2 x2apic movbe popcnt tsc_deadline_timer aes xsave avx f16c rdrand lahf_lm abm 3dnowprefetch epb intel_pt tpr_shadow vnmi flexpriority ept vpid fsgsbase tsc_adjust bmi1 hle avx2 smep bmi2 erms invpcid rtm rdseed adx smap xsaveopt dtherm ida arat pln pts
bugs		:
bogomips	: 4589.18
clflush size	: 64
cache_alignment	: 64
address sizes	: 39 bits physical, 48 bits virtual
power management:

processor	: 3
vendor_id	: GenuineIntel
cpu family	: 6
model		: 61
model name	: Intel(R) Core(TM) i5-5300U CPU @ 2.30GHz
stepping	: 4
microcode	: 0x1d
cpu MHz		: 2699.945
cache size	: 3072 KB
physical id	: 0
siblings	: 4
core id		: 1
cpu cores	: 2
apicid		: 3
initial apicid	: 3
fpu		: yes
fpu_exception	: yes
cpuid level	: 20
wp		: yes
flags		: fpu vme de pse tsc msr pae mce cx8 apic sep mtrr pge mca cmov pat pse36 clflush dts acpi mmx fxsr sse sse2 ss ht tm pbe syscall nx pdpe1gb rdtscp lm constant_tsc arch_perfmon pebs bts rep_good nopl xtopology nonstop_tsc aperfmperf eagerfpu pni pclmulqdq dtes64 monitor ds_cpl vmx smx est tm2 ssse3 sdbg fma cx16 xtpr pdcm pcid sse4_1 sse4_2 x2apic movbe popcnt tsc_deadline_timer aes xsave avx f16c rdrand lahf_lm abm 3dnowprefetch epb intel_pt tpr_shadow vnmi flexpriority ept vpid fsgsbase tsc_adjust bmi1 hle avx2 smep bmi2 erms invpcid rtm rdseed adx smap xsaveopt dtherm ida arat pln pts
bugs		:
bogomips	: 4589.18
clflush size	: 64
cache_alignment	: 64
address sizes	: 39 bits physical, 48 bits virtual
power management:



Memory: 4k page, physical 8082988k(127524k free), swap 0k(0k free)

vm_info: Java HotSpot(TM) 64-Bit Server VM (25.101-b13) for linux-amd64 JRE (1.8.0_101-b13), built on Jun 22 2016 02:59:44 by "java_re" with gcc 4.3.0 20080428 (Red Hat 4.3.0-8)

time: Fri Sep 22 18:37:28 2017
elapsed time: 0 seconds (0d 0h 0m 0s)

